<?xml version="1.0" encoding="UTF-8"?>
<testsuite xmlns:xsi="http://www.w3.org/2001/XMLSchema-instance" xsi:noNamespaceSchemaLocation="https://maven.apache.org/surefire/maven-surefire-plugin/xsd/surefire-test-report-3.0.xsd" version="3.0" name="com.omar.database3.controllers.AuthorControllerIntegrationTest" time="17.284" tests="14" errors="0" skipped="0" failures="0">
  <properties>
[...]
</properties>
  <testcase name="testThatGetUpdateAuthorReturnsHttpStatus200WhenAuthorExist" classname="com.omar.database3.controllers.AuthorControllerIntegrationTest" time="1.158">
    <system-out><![CDATA[14:46:21.159 [main] INFO org.springframework.test.context.support.AnnotationConfigContextLoaderUtils -- Could not detect default configuration classes for test class [com.omar.database3.controllers.AuthorControllerIntegrationTest]: AuthorControllerIntegrationTest does not declare any static, non-private, non-final, nested classes annotated with @Configuration.
14:46:21.555 [main] INFO org.springframework.boot.test.context.SpringBootTestContextBootstrapper -- Found @SpringBootConfiguration com.omar.database3.BooksApiApplication for test class com.omar.database3.controllers.AuthorControllerIntegrationTest
  .   ____          _            __ _ _
 /\\ / ___'_ __ _ _(_)_ __  __ _ \ \ \ \
( ( )\___ | '_ | '_| | '_ \/ _` | \ \ \ \
 \\/  ___)| |_)| | | | | || (_| |  ) ) ) )
  '  |____| .__|_| |_|_| |_\__, | / / / /
 =========|_|==============|___/=/_/_/_/

 :: Spring Boot ::             (v3.3.0-M3)

2024-05-22T14:46:22.552+02:00  INFO 25072 --- [           main] c.o.d.c.AuthorControllerIntegrationTest  : Starting AuthorControllerIntegrationTest using Java 17.0.8 with PID 25072 (started by omars in D:\RestAPI)
2024-05-22T14:46:22.554+02:00  INFO 25072 --- [           main] c.o.d.c.AuthorControllerIntegrationTest  : No active profile set, falling back to 1 default profile: "default"
2024-05-22T14:46:23.884+02:00  INFO 25072 --- [           main] .s.d.r.c.RepositoryConfigurationDelegate : Bootstrapping Spring Data JPA repositories in DEFAULT mode.
2024-05-22T14:46:24.006+02:00  INFO 25072 --- [           main] .s.d.r.c.RepositoryConfigurationDelegate : Finished Spring Data repository scanning in 101 ms. Found 2 JPA repository interfaces.
2024-05-22T14:46:24.844+02:00  INFO 25072 --- [           main] com.zaxxer.hikari.HikariDataSource       : HikariPool-1 - Starting...
2024-05-22T14:46:25.463+02:00  INFO 25072 --- [           main] com.zaxxer.hikari.pool.HikariPool        : HikariPool-1 - Added connection conn0: url=jdbc:h2:mem:testdb user=SA
2024-05-22T14:46:25.468+02:00  INFO 25072 --- [           main] com.zaxxer.hikari.HikariDataSource       : HikariPool-1 - Start completed.
2024-05-22T14:46:25.637+02:00  INFO 25072 --- [           main] o.hibernate.jpa.internal.util.LogHelper  : HHH000204: Processing PersistenceUnitInfo [name: default]
2024-05-22T14:46:25.778+02:00  INFO 25072 --- [           main] org.hibernate.Version                    : HHH000412: Hibernate ORM core version 6.4.4.Final
2024-05-22T14:46:25.843+02:00  INFO 25072 --- [           main] o.h.c.internal.RegionFactoryInitiator    : HHH000026: Second-level cache disabled
2024-05-22T14:46:26.461+02:00  INFO 25072 --- [           main] o.s.o.j.p.SpringPersistenceUnitInfo      : No LoadTimeWeaver setup: ignoring JPA class transformer
2024-05-22T14:46:28.312+02:00  INFO 25072 --- [           main] o.h.e.t.j.p.i.JtaPlatformInitiator       : HHH000489: No JTA platform available (set 'hibernate.transaction.jta.platform' to enable JTA platform integration)
2024-05-22T14:46:28.388+02:00  INFO 25072 --- [           main] j.LocalContainerEntityManagerFactoryBean : Initialized JPA EntityManagerFactory for persistence unit 'default'
2024-05-22T14:46:29.067+02:00  WARN 25072 --- [           main] JpaBaseConfiguration$JpaWebConfiguration : spring.jpa.open-in-view is enabled by default. Therefore, database queries may be performed during view rendering. Explicitly configure spring.jpa.open-in-view to disable this warning
2024-05-22T14:46:29.678+02:00  INFO 25072 --- [           main] o.s.b.t.m.w.SpringBootMockServletContext : Initializing Spring TestDispatcherServlet ''
2024-05-22T14:46:29.678+02:00  INFO 25072 --- [           main] o.s.t.web.servlet.TestDispatcherServlet  : Initializing Servlet ''
2024-05-22T14:46:29.681+02:00  INFO 25072 --- [           main] o.s.t.web.servlet.TestDispatcherServlet  : Completed initialization in 1 ms
2024-05-22T14:46:29.711+02:00  INFO 25072 --- [           main] c.o.d.c.AuthorControllerIntegrationTest  : Started AuthorControllerIntegrationTest in 7.73 seconds (process running for 10.345)
2024-05-22T14:46:30.397+02:00  INFO 25072 --- [   scheduling-1] c.o.database3.scheduled.AuthorWatcher    : There are 0 many authors in the database
2024-05-22T14:46:30.402+02:00  INFO 25072 --- [   scheduling-1] c.omar.database3.scheduled.BookWatcher   : There are 0 many books in the database
2024-05-22T14:46:30.402+02:00  INFO 25072 --- [   scheduling-1] c.omar.database3.scheduled.BookWatcher   : Go to the Postman ----------->
2024-05-22T14:46:30.403+02:00  INFO 25072 --- [   scheduling-1] c.omar.database3.scheduled.BookWatcher   : Use: Get, Put, Patch, Delete
2024-05-22T14:46:30.901+02:00  INFO 25072 --- [           main] j.LocalContainerEntityManagerFactoryBean : Closing JPA EntityManagerFactory for persistence unit 'default'
2024-05-22T14:46:30.907+02:00  INFO 25072 --- [           main] com.zaxxer.hikari.HikariDataSource       : HikariPool-1 - Shutdown initiated...
2024-05-22T14:46:30.910+02:00  INFO 25072 --- [           main] com.zaxxer.hikari.HikariDataSource       : HikariPool-1 - Shutdown completed.
]]></system-out>
  </testcase>
  <testcase name="testThatGetPartialUpdateAuthorReturnsHttpStatus200Ok" classname="com.omar.database3.controllers.AuthorControllerIntegrationTest" time="0.06">
    <system-out><![CDATA[  .   ____          _            __ _ _
 /\\ / ___'_ __ _ _(_)_ __  __ _ \ \ \ \
( ( )\___ | '_ | '_| | '_ \/ _` | \ \ \ \
 \\/  ___)| |_)| | | | | || (_| |  ) ) ) )
  '  |____| .__|_| |_|_| |_\__, | / / / /
 =========|_|==============|___/=/_/_/_/

 :: Spring Boot ::             (v3.3.0-M3)

2024-05-22T14:46:30.944+02:00  INFO 25072 --- [           main] c.o.d.c.AuthorControllerIntegrationTest  : Starting AuthorControllerIntegrationTest using Java 17.0.8 with PID 25072 (started by omars in D:\RestAPI)
2024-05-22T14:46:30.945+02:00  INFO 25072 --- [           main] c.o.d.c.AuthorControllerIntegrationTest  : No active profile set, falling back to 1 default profile: "default"
2024-05-22T14:46:31.126+02:00  INFO 25072 --- [           main] .s.d.r.c.RepositoryConfigurationDelegate : Bootstrapping Spring Data JPA repositories in DEFAULT mode.
2024-05-22T14:46:31.137+02:00  INFO 25072 --- [           main] .s.d.r.c.RepositoryConfigurationDelegate : Finished Spring Data repository scanning in 11 ms. Found 2 JPA repository interfaces.
2024-05-22T14:46:31.242+02:00  INFO 25072 --- [           main] com.zaxxer.hikari.HikariDataSource       : HikariPool-2 - Starting...
2024-05-22T14:46:31.244+02:00  INFO 25072 --- [           main] com.zaxxer.hikari.pool.HikariPool        : HikariPool-2 - Added connection conn10: url=jdbc:h2:mem:testdb user=SA
2024-05-22T14:46:31.244+02:00  INFO 25072 --- [           main] com.zaxxer.hikari.HikariDataSource       : HikariPool-2 - Start completed.
2024-05-22T14:46:31.246+02:00  INFO 25072 --- [           main] o.hibernate.jpa.internal.util.LogHelper  : HHH000204: Processing PersistenceUnitInfo [name: default]
2024-05-22T14:46:31.248+02:00  INFO 25072 --- [           main] o.h.c.internal.RegionFactoryInitiator    : HHH000026: Second-level cache disabled
2024-05-22T14:46:31.263+02:00  INFO 25072 --- [           main] o.s.o.j.p.SpringPersistenceUnitInfo      : No LoadTimeWeaver setup: ignoring JPA class transformer
2024-05-22T14:46:31.338+02:00  INFO 25072 --- [           main] o.h.e.t.j.p.i.JtaPlatformInitiator       : HHH000489: No JTA platform available (set 'hibernate.transaction.jta.platform' to enable JTA platform integration)
2024-05-22T14:46:31.344+02:00  INFO 25072 --- [           main] j.LocalContainerEntityManagerFactoryBean : Initialized JPA EntityManagerFactory for persistence unit 'default'
2024-05-22T14:46:31.456+02:00  WARN 25072 --- [           main] JpaBaseConfiguration$JpaWebConfiguration : spring.jpa.open-in-view is enabled by default. Therefore, database queries may be performed during view rendering. Explicitly configure spring.jpa.open-in-view to disable this warning
2024-05-22T14:46:31.614+02:00  INFO 25072 --- [           main] o.s.b.t.m.w.SpringBootMockServletContext : Initializing Spring TestDispatcherServlet ''
2024-05-22T14:46:31.615+02:00  INFO 25072 --- [           main] o.s.t.web.servlet.TestDispatcherServlet  : Initializing Servlet ''
2024-05-22T14:46:31.616+02:00  INFO 25072 --- [           main] o.s.t.web.servlet.TestDispatcherServlet  : Completed initialization in 1 ms
2024-05-22T14:46:31.626+02:00  INFO 25072 --- [           main] c.o.d.c.AuthorControllerIntegrationTest  : Started AuthorControllerIntegrationTest in 0.704 seconds (process running for 12.26)
2024-05-22T14:46:31.632+02:00  INFO 25072 --- [   scheduling-1] c.o.database3.scheduled.AuthorWatcher    : There are 0 many authors in the database
2024-05-22T14:46:31.636+02:00  INFO 25072 --- [   scheduling-1] c.omar.database3.scheduled.BookWatcher   : There are 0 many books in the database
2024-05-22T14:46:31.637+02:00  INFO 25072 --- [   scheduling-1] c.omar.database3.scheduled.BookWatcher   : Go to the Postman ----------->
2024-05-22T14:46:31.637+02:00  INFO 25072 --- [   scheduling-1] c.omar.database3.scheduled.BookWatcher   : Use: Get, Put, Patch, Delete
2024-05-22T14:46:31.686+02:00  INFO 25072 --- [           main] j.LocalContainerEntityManagerFactoryBean : Closing JPA EntityManagerFactory for persistence unit 'default'
2024-05-22T14:46:31.690+02:00  INFO 25072 --- [           main] com.zaxxer.hikari.HikariDataSource       : HikariPool-2 - Shutdown initiated...
2024-05-22T14:46:31.692+02:00  INFO 25072 --- [           main] com.zaxxer.hikari.HikariDataSource       : HikariPool-2 - Shutdown completed.
]]></system-out>
  </testcase>
  <testcase name="testThatCreateAuthorSuccessfullyReturnsHttp201Created" classname="com.omar.database3.controllers.AuthorControllerIntegrationTest" time="0.066">
    <system-out><![CDATA[  .   ____          _            __ _ _
 /\\ / ___'_ __ _ _(_)_ __  __ _ \ \ \ \
( ( )\___ | '_ | '_| | '_ \/ _` | \ \ \ \
 \\/  ___)| |_)| | | | | || (_| |  ) ) ) )
  '  |____| .__|_| |_|_| |_\__, | / / / /
 =========|_|==============|___/=/_/_/_/

 :: Spring Boot ::             (v3.3.0-M3)

2024-05-22T14:46:31.724+02:00  INFO 25072 --- [           main] c.o.d.c.AuthorControllerIntegrationTest  : Starting AuthorControllerIntegrationTest using Java 17.0.8 with PID 25072 (started by omars in D:\RestAPI)
2024-05-22T14:46:31.725+02:00  INFO 25072 --- [           main] c.o.d.c.AuthorControllerIntegrationTest  : No active profile set, falling back to 1 default profile: "default"
2024-05-22T14:46:31.884+02:00  INFO 25072 --- [           main] .s.d.r.c.RepositoryConfigurationDelegate : Bootstrapping Spring Data JPA repositories in DEFAULT mode.
2024-05-22T14:46:31.896+02:00  INFO 25072 --- [           main] .s.d.r.c.RepositoryConfigurationDelegate : Finished Spring Data repository scanning in 11 ms. Found 2 JPA repository interfaces.
2024-05-22T14:46:31.992+02:00  INFO 25072 --- [           main] com.zaxxer.hikari.HikariDataSource       : HikariPool-3 - Starting...
2024-05-22T14:46:31.993+02:00  INFO 25072 --- [           main] com.zaxxer.hikari.pool.HikariPool        : HikariPool-3 - Added connection conn20: url=jdbc:h2:mem:testdb user=SA
2024-05-22T14:46:31.994+02:00  INFO 25072 --- [           main] com.zaxxer.hikari.HikariDataSource       : HikariPool-3 - Start completed.
2024-05-22T14:46:31.996+02:00  INFO 25072 --- [           main] o.hibernate.jpa.internal.util.LogHelper  : HHH000204: Processing PersistenceUnitInfo [name: default]
2024-05-22T14:46:31.999+02:00  INFO 25072 --- [           main] o.h.c.internal.RegionFactoryInitiator    : HHH000026: Second-level cache disabled
2024-05-22T14:46:32.003+02:00  INFO 25072 --- [           main] o.s.o.j.p.SpringPersistenceUnitInfo      : No LoadTimeWeaver setup: ignoring JPA class transformer
2024-05-22T14:46:32.059+02:00  INFO 25072 --- [           main] o.h.e.t.j.p.i.JtaPlatformInitiator       : HHH000489: No JTA platform available (set 'hibernate.transaction.jta.platform' to enable JTA platform integration)
2024-05-22T14:46:32.067+02:00  INFO 25072 --- [           main] j.LocalContainerEntityManagerFactoryBean : Initialized JPA EntityManagerFactory for persistence unit 'default'
2024-05-22T14:46:32.140+02:00  WARN 25072 --- [           main] JpaBaseConfiguration$JpaWebConfiguration : spring.jpa.open-in-view is enabled by default. Therefore, database queries may be performed during view rendering. Explicitly configure spring.jpa.open-in-view to disable this warning
2024-05-22T14:46:32.269+02:00  INFO 25072 --- [           main] o.s.b.t.m.w.SpringBootMockServletContext : Initializing Spring TestDispatcherServlet ''
2024-05-22T14:46:32.269+02:00  INFO 25072 --- [           main] o.s.t.web.servlet.TestDispatcherServlet  : Initializing Servlet ''
2024-05-22T14:46:32.270+02:00  INFO 25072 --- [           main] o.s.t.web.servlet.TestDispatcherServlet  : Completed initialization in 1 ms
2024-05-22T14:46:32.278+02:00  INFO 25072 --- [           main] c.o.d.c.AuthorControllerIntegrationTest  : Started AuthorControllerIntegrationTest in 0.582 seconds (process running for 12.912)
2024-05-22T14:46:32.286+02:00  INFO 25072 --- [   scheduling-1] c.o.database3.scheduled.AuthorWatcher    : There are 0 many authors in the database
2024-05-22T14:46:32.290+02:00  INFO 25072 --- [   scheduling-1] c.omar.database3.scheduled.BookWatcher   : There are 0 many books in the database
2024-05-22T14:46:32.291+02:00  INFO 25072 --- [   scheduling-1] c.omar.database3.scheduled.BookWatcher   : Go to the Postman ----------->
2024-05-22T14:46:32.291+02:00  INFO 25072 --- [   scheduling-1] c.omar.database3.scheduled.BookWatcher   : Use: Get, Put, Patch, Delete
2024-05-22T14:46:32.322+02:00  INFO 25072 --- [           main] j.LocalContainerEntityManagerFactoryBean : Closing JPA EntityManagerFactory for persistence unit 'default'
2024-05-22T14:46:32.326+02:00  INFO 25072 --- [           main] com.zaxxer.hikari.HikariDataSource       : HikariPool-3 - Shutdown initiated...
2024-05-22T14:46:32.349+02:00  INFO 25072 --- [           main] com.zaxxer.hikari.HikariDataSource       : HikariPool-3 - Shutdown completed.
]]></system-out>
  </testcase>
  <testcase name="testThatGetPartialUpdateAuthorReturnsUpdatedAuthor" classname="com.omar.database3.controllers.AuthorControllerIntegrationTest" time="0.121">
    <system-out><![CDATA[  .   ____          _            __ _ _
 /\\ / ___'_ __ _ _(_)_ __  __ _ \ \ \ \
( ( )\___ | '_ | '_| | '_ \/ _` | \ \ \ \
 \\/  ___)| |_)| | | | | || (_| |  ) ) ) )
  '  |____| .__|_| |_|_| |_\__, | / / / /
 =========|_|==============|___/=/_/_/_/

 :: Spring Boot ::             (v3.3.0-M3)

2024-05-22T14:46:32.382+02:00  INFO 25072 --- [           main] c.o.d.c.AuthorControllerIntegrationTest  : Starting AuthorControllerIntegrationTest using Java 17.0.8 with PID 25072 (started by omars in D:\RestAPI)
2024-05-22T14:46:32.382+02:00  INFO 25072 --- [           main] c.o.d.c.AuthorControllerIntegrationTest  : No active profile set, falling back to 1 default profile: "default"
2024-05-22T14:46:32.548+02:00  INFO 25072 --- [           main] .s.d.r.c.RepositoryConfigurationDelegate : Bootstrapping Spring Data JPA repositories in DEFAULT mode.
2024-05-22T14:46:32.559+02:00  INFO 25072 --- [           main] .s.d.r.c.RepositoryConfigurationDelegate : Finished Spring Data repository scanning in 10 ms. Found 2 JPA repository interfaces.
2024-05-22T14:46:32.661+02:00  INFO 25072 --- [           main] com.zaxxer.hikari.HikariDataSource       : HikariPool-4 - Starting...
2024-05-22T14:46:32.662+02:00  INFO 25072 --- [           main] com.zaxxer.hikari.pool.HikariPool        : HikariPool-4 - Added connection conn29: url=jdbc:h2:mem:testdb user=SA
2024-05-22T14:46:32.662+02:00  INFO 25072 --- [           main] com.zaxxer.hikari.HikariDataSource       : HikariPool-4 - Start completed.
2024-05-22T14:46:32.664+02:00  INFO 25072 --- [           main] o.hibernate.jpa.internal.util.LogHelper  : HHH000204: Processing PersistenceUnitInfo [name: default]
2024-05-22T14:46:32.666+02:00  INFO 25072 --- [           main] o.h.c.internal.RegionFactoryInitiator    : HHH000026: Second-level cache disabled
2024-05-22T14:46:32.670+02:00  INFO 25072 --- [           main] o.s.o.j.p.SpringPersistenceUnitInfo      : No LoadTimeWeaver setup: ignoring JPA class transformer
2024-05-22T14:46:32.727+02:00  INFO 25072 --- [           main] o.h.e.t.j.p.i.JtaPlatformInitiator       : HHH000489: No JTA platform available (set 'hibernate.transaction.jta.platform' to enable JTA platform integration)
2024-05-22T14:46:32.733+02:00  INFO 25072 --- [           main] j.LocalContainerEntityManagerFactoryBean : Initialized JPA EntityManagerFactory for persistence unit 'default'
2024-05-22T14:46:32.803+02:00  WARN 25072 --- [           main] JpaBaseConfiguration$JpaWebConfiguration : spring.jpa.open-in-view is enabled by default. Therefore, database queries may be performed during view rendering. Explicitly configure spring.jpa.open-in-view to disable this warning
2024-05-22T14:46:32.890+02:00  INFO 25072 --- [           main] o.s.b.t.m.w.SpringBootMockServletContext : Initializing Spring TestDispatcherServlet ''
2024-05-22T14:46:32.890+02:00  INFO 25072 --- [           main] o.s.t.web.servlet.TestDispatcherServlet  : Initializing Servlet ''
2024-05-22T14:46:32.891+02:00  INFO 25072 --- [           main] o.s.t.web.servlet.TestDispatcherServlet  : Completed initialization in 1 ms
2024-05-22T14:46:32.901+02:00  INFO 25072 --- [           main] c.o.d.c.AuthorControllerIntegrationTest  : Started AuthorControllerIntegrationTest in 0.547 seconds (process running for 13.534)
2024-05-22T14:46:32.905+02:00  INFO 25072 --- [   scheduling-1] c.o.database3.scheduled.AuthorWatcher    : There are 0 many authors in the database
2024-05-22T14:46:32.908+02:00  INFO 25072 --- [   scheduling-1] c.omar.database3.scheduled.BookWatcher   : There are 0 many books in the database
2024-05-22T14:46:32.908+02:00  INFO 25072 --- [   scheduling-1] c.omar.database3.scheduled.BookWatcher   : Go to the Postman ----------->
2024-05-22T14:46:32.908+02:00  INFO 25072 --- [   scheduling-1] c.omar.database3.scheduled.BookWatcher   : Use: Get, Put, Patch, Delete
2024-05-22T14:46:33.000+02:00  INFO 25072 --- [           main] j.LocalContainerEntityManagerFactoryBean : Closing JPA EntityManagerFactory for persistence unit 'default'
2024-05-22T14:46:33.003+02:00  INFO 25072 --- [           main] com.zaxxer.hikari.HikariDataSource       : HikariPool-4 - Shutdown initiated...
2024-05-22T14:46:33.023+02:00  INFO 25072 --- [           main] com.zaxxer.hikari.HikariDataSource       : HikariPool-4 - Shutdown completed.
]]></system-out>
  </testcase>
  <testcase name="testThatGetAuthorReturnsHttpStatus404WhenNoAuthorExist" classname="com.omar.database3.controllers.AuthorControllerIntegrationTest" time="0.039">
    <system-out><![CDATA[  .   ____          _            __ _ _
 /\\ / ___'_ __ _ _(_)_ __  __ _ \ \ \ \
( ( )\___ | '_ | '_| | '_ \/ _` | \ \ \ \
 \\/  ___)| |_)| | | | | || (_| |  ) ) ) )
  '  |____| .__|_| |_|_| |_\__, | / / / /
 =========|_|==============|___/=/_/_/_/

 :: Spring Boot ::             (v3.3.0-M3)

2024-05-22T14:46:33.048+02:00  INFO 25072 --- [           main] c.o.d.c.AuthorControllerIntegrationTest  : Starting AuthorControllerIntegrationTest using Java 17.0.8 with PID 25072 (started by omars in D:\RestAPI)
2024-05-22T14:46:33.048+02:00  INFO 25072 --- [           main] c.o.d.c.AuthorControllerIntegrationTest  : No active profile set, falling back to 1 default profile: "default"
2024-05-22T14:46:33.185+02:00  INFO 25072 --- [           main] .s.d.r.c.RepositoryConfigurationDelegate : Bootstrapping Spring Data JPA repositories in DEFAULT mode.
2024-05-22T14:46:33.194+02:00  INFO 25072 --- [           main] .s.d.r.c.RepositoryConfigurationDelegate : Finished Spring Data repository scanning in 9 ms. Found 2 JPA repository interfaces.
2024-05-22T14:46:33.261+02:00  INFO 25072 --- [           main] com.zaxxer.hikari.HikariDataSource       : HikariPool-5 - Starting...
2024-05-22T14:46:33.262+02:00  INFO 25072 --- [           main] com.zaxxer.hikari.pool.HikariPool        : HikariPool-5 - Added connection conn38: url=jdbc:h2:mem:testdb user=SA
2024-05-22T14:46:33.262+02:00  INFO 25072 --- [           main] com.zaxxer.hikari.HikariDataSource       : HikariPool-5 - Start completed.
2024-05-22T14:46:33.264+02:00  INFO 25072 --- [           main] o.hibernate.jpa.internal.util.LogHelper  : HHH000204: Processing PersistenceUnitInfo [name: default]
2024-05-22T14:46:33.266+02:00  INFO 25072 --- [           main] o.h.c.internal.RegionFactoryInitiator    : HHH000026: Second-level cache disabled
2024-05-22T14:46:33.269+02:00  INFO 25072 --- [           main] o.s.o.j.p.SpringPersistenceUnitInfo      : No LoadTimeWeaver setup: ignoring JPA class transformer
2024-05-22T14:46:33.322+02:00  INFO 25072 --- [           main] o.h.e.t.j.p.i.JtaPlatformInitiator       : HHH000489: No JTA platform available (set 'hibernate.transaction.jta.platform' to enable JTA platform integration)
2024-05-22T14:46:33.328+02:00  INFO 25072 --- [           main] j.LocalContainerEntityManagerFactoryBean : Initialized JPA EntityManagerFactory for persistence unit 'default'
2024-05-22T14:46:33.386+02:00  WARN 25072 --- [           main] JpaBaseConfiguration$JpaWebConfiguration : spring.jpa.open-in-view is enabled by default. Therefore, database queries may be performed during view rendering. Explicitly configure spring.jpa.open-in-view to disable this warning
2024-05-22T14:46:33.475+02:00  INFO 25072 --- [           main] o.s.b.t.m.w.SpringBootMockServletContext : Initializing Spring TestDispatcherServlet ''
2024-05-22T14:46:33.475+02:00  INFO 25072 --- [           main] o.s.t.web.servlet.TestDispatcherServlet  : Initializing Servlet ''
2024-05-22T14:46:33.475+02:00  INFO 25072 --- [           main] o.s.t.web.servlet.TestDispatcherServlet  : Completed initialization in 0 ms
2024-05-22T14:46:33.482+02:00  INFO 25072 --- [           main] c.o.d.c.AuthorControllerIntegrationTest  : Started AuthorControllerIntegrationTest in 0.456 seconds (process running for 14.115)
2024-05-22T14:46:33.487+02:00  INFO 25072 --- [   scheduling-1] c.o.database3.scheduled.AuthorWatcher    : There are 0 many authors in the database
2024-05-22T14:46:33.492+02:00  INFO 25072 --- [   scheduling-1] c.omar.database3.scheduled.BookWatcher   : There are 0 many books in the database
2024-05-22T14:46:33.492+02:00  INFO 25072 --- [   scheduling-1] c.omar.database3.scheduled.BookWatcher   : Go to the Postman ----------->
2024-05-22T14:46:33.492+02:00  INFO 25072 --- [   scheduling-1] c.omar.database3.scheduled.BookWatcher   : Use: Get, Put, Patch, Delete
2024-05-22T14:46:33.501+02:00  INFO 25072 --- [           main] j.LocalContainerEntityManagerFactoryBean : Closing JPA EntityManagerFactory for persistence unit 'default'
2024-05-22T14:46:33.503+02:00  INFO 25072 --- [           main] com.zaxxer.hikari.HikariDataSource       : HikariPool-5 - Shutdown initiated...
2024-05-22T14:46:33.523+02:00  INFO 25072 --- [           main] com.zaxxer.hikari.HikariDataSource       : HikariPool-5 - Shutdown completed.
]]></system-out>
  </testcase>
  <testcase name="testThatGetUpdateAuthorReturnsHttpStatus404WhenNoAuthorExist" classname="com.omar.database3.controllers.AuthorControllerIntegrationTest" time="0.044">
    <system-out><![CDATA[  .   ____          _            __ _ _
 /\\ / ___'_ __ _ _(_)_ __  __ _ \ \ \ \
( ( )\___ | '_ | '_| | '_ \/ _` | \ \ \ \
 \\/  ___)| |_)| | | | | || (_| |  ) ) ) )
  '  |____| .__|_| |_|_| |_\__, | / / / /
 =========|_|==============|___/=/_/_/_/

 :: Spring Boot ::             (v3.3.0-M3)

2024-05-22T14:46:33.543+02:00  INFO 25072 --- [           main] c.o.d.c.AuthorControllerIntegrationTest  : Starting AuthorControllerIntegrationTest using Java 17.0.8 with PID 25072 (started by omars in D:\RestAPI)
2024-05-22T14:46:33.543+02:00  INFO 25072 --- [           main] c.o.d.c.AuthorControllerIntegrationTest  : No active profile set, falling back to 1 default profile: "default"
2024-05-22T14:46:33.687+02:00  INFO 25072 --- [           main] .s.d.r.c.RepositoryConfigurationDelegate : Bootstrapping Spring Data JPA repositories in DEFAULT mode.
2024-05-22T14:46:33.695+02:00  INFO 25072 --- [           main] .s.d.r.c.RepositoryConfigurationDelegate : Finished Spring Data repository scanning in 8 ms. Found 2 JPA repository interfaces.
2024-05-22T14:46:33.752+02:00  INFO 25072 --- [           main] com.zaxxer.hikari.HikariDataSource       : HikariPool-6 - Starting...
2024-05-22T14:46:33.753+02:00  INFO 25072 --- [           main] com.zaxxer.hikari.pool.HikariPool        : HikariPool-6 - Added connection conn44: url=jdbc:h2:mem:testdb user=SA
2024-05-22T14:46:33.753+02:00  INFO 25072 --- [           main] com.zaxxer.hikari.HikariDataSource       : HikariPool-6 - Start completed.
2024-05-22T14:46:33.754+02:00  INFO 25072 --- [           main] o.hibernate.jpa.internal.util.LogHelper  : HHH000204: Processing PersistenceUnitInfo [name: default]
2024-05-22T14:46:33.756+02:00  INFO 25072 --- [           main] o.h.c.internal.RegionFactoryInitiator    : HHH000026: Second-level cache disabled
2024-05-22T14:46:33.761+02:00  INFO 25072 --- [           main] o.s.o.j.p.SpringPersistenceUnitInfo      : No LoadTimeWeaver setup: ignoring JPA class transformer
2024-05-22T14:46:33.811+02:00  INFO 25072 --- [           main] o.h.e.t.j.p.i.JtaPlatformInitiator       : HHH000489: No JTA platform available (set 'hibernate.transaction.jta.platform' to enable JTA platform integration)
2024-05-22T14:46:33.818+02:00  INFO 25072 --- [           main] j.LocalContainerEntityManagerFactoryBean : Initialized JPA EntityManagerFactory for persistence unit 'default'
2024-05-22T14:46:33.869+02:00  WARN 25072 --- [           main] JpaBaseConfiguration$JpaWebConfiguration : spring.jpa.open-in-view is enabled by default. Therefore, database queries may be performed during view rendering. Explicitly configure spring.jpa.open-in-view to disable this warning
2024-05-22T14:46:33.954+02:00  INFO 25072 --- [           main] o.s.b.t.m.w.SpringBootMockServletContext : Initializing Spring TestDispatcherServlet ''
2024-05-22T14:46:33.954+02:00  INFO 25072 --- [           main] o.s.t.web.servlet.TestDispatcherServlet  : Initializing Servlet ''
2024-05-22T14:46:33.955+02:00  INFO 25072 --- [           main] o.s.t.web.servlet.TestDispatcherServlet  : Completed initialization in 1 ms
2024-05-22T14:46:33.968+02:00  INFO 25072 --- [           main] c.o.d.c.AuthorControllerIntegrationTest  : Started AuthorControllerIntegrationTest in 0.443 seconds (process running for 14.601)
2024-05-22T14:46:33.972+02:00  INFO 25072 --- [   scheduling-1] c.o.database3.scheduled.AuthorWatcher    : There are 0 many authors in the database
2024-05-22T14:46:33.975+02:00  INFO 25072 --- [   scheduling-1] c.omar.database3.scheduled.BookWatcher   : There are 0 many books in the database
2024-05-22T14:46:33.975+02:00  INFO 25072 --- [   scheduling-1] c.omar.database3.scheduled.BookWatcher   : Go to the Postman ----------->
2024-05-22T14:46:33.975+02:00  INFO 25072 --- [   scheduling-1] c.omar.database3.scheduled.BookWatcher   : Use: Get, Put, Patch, Delete
2024-05-22T14:46:33.989+02:00  INFO 25072 --- [           main] j.LocalContainerEntityManagerFactoryBean : Closing JPA EntityManagerFactory for persistence unit 'default'
2024-05-22T14:46:33.992+02:00  INFO 25072 --- [           main] com.zaxxer.hikari.HikariDataSource       : HikariPool-6 - Shutdown initiated...
2024-05-22T14:46:34.015+02:00  INFO 25072 --- [           main] com.zaxxer.hikari.HikariDataSource       : HikariPool-6 - Shutdown completed.
]]></system-out>
  </testcase>
  <testcase name="testThatDeleteAuthorReturnsHttpStatus204ForNotExistingAuthor" classname="com.omar.database3.controllers.AuthorControllerIntegrationTest" time="0.027">
    <system-out><![CDATA[  .   ____          _            __ _ _
 /\\ / ___'_ __ _ _(_)_ __  __ _ \ \ \ \
( ( )\___ | '_ | '_| | '_ \/ _` | \ \ \ \
 \\/  ___)| |_)| | | | | || (_| |  ) ) ) )
  '  |____| .__|_| |_|_| |_\__, | / / / /
 =========|_|==============|___/=/_/_/_/

 :: Spring Boot ::             (v3.3.0-M3)

2024-05-22T14:46:34.034+02:00  INFO 25072 --- [           main] c.o.d.c.AuthorControllerIntegrationTest  : Starting AuthorControllerIntegrationTest using Java 17.0.8 with PID 25072 (started by omars in D:\RestAPI)
2024-05-22T14:46:34.035+02:00  INFO 25072 --- [           main] c.o.d.c.AuthorControllerIntegrationTest  : No active profile set, falling back to 1 default profile: "default"
2024-05-22T14:46:34.160+02:00  INFO 25072 --- [           main] .s.d.r.c.RepositoryConfigurationDelegate : Bootstrapping Spring Data JPA repositories in DEFAULT mode.
2024-05-22T14:46:34.169+02:00  INFO 25072 --- [           main] .s.d.r.c.RepositoryConfigurationDelegate : Finished Spring Data repository scanning in 8 ms. Found 2 JPA repository interfaces.
2024-05-22T14:46:34.239+02:00  INFO 25072 --- [           main] com.zaxxer.hikari.HikariDataSource       : HikariPool-7 - Starting...
2024-05-22T14:46:34.240+02:00  INFO 25072 --- [           main] com.zaxxer.hikari.pool.HikariPool        : HikariPool-7 - Added connection conn50: url=jdbc:h2:mem:testdb user=SA
2024-05-22T14:46:34.241+02:00  INFO 25072 --- [           main] com.zaxxer.hikari.HikariDataSource       : HikariPool-7 - Start completed.
2024-05-22T14:46:34.242+02:00  INFO 25072 --- [           main] o.hibernate.jpa.internal.util.LogHelper  : HHH000204: Processing PersistenceUnitInfo [name: default]
2024-05-22T14:46:34.244+02:00  INFO 25072 --- [           main] o.h.c.internal.RegionFactoryInitiator    : HHH000026: Second-level cache disabled
2024-05-22T14:46:34.248+02:00  INFO 25072 --- [           main] o.s.o.j.p.SpringPersistenceUnitInfo      : No LoadTimeWeaver setup: ignoring JPA class transformer
2024-05-22T14:46:34.293+02:00  INFO 25072 --- [           main] o.h.e.t.j.p.i.JtaPlatformInitiator       : HHH000489: No JTA platform available (set 'hibernate.transaction.jta.platform' to enable JTA platform integration)
2024-05-22T14:46:34.299+02:00  INFO 25072 --- [           main] j.LocalContainerEntityManagerFactoryBean : Initialized JPA EntityManagerFactory for persistence unit 'default'
2024-05-22T14:46:34.353+02:00  WARN 25072 --- [           main] JpaBaseConfiguration$JpaWebConfiguration : spring.jpa.open-in-view is enabled by default. Therefore, database queries may be performed during view rendering. Explicitly configure spring.jpa.open-in-view to disable this warning
2024-05-22T14:46:34.435+02:00  INFO 25072 --- [           main] o.s.b.t.m.w.SpringBootMockServletContext : Initializing Spring TestDispatcherServlet ''
2024-05-22T14:46:34.435+02:00  INFO 25072 --- [           main] o.s.t.web.servlet.TestDispatcherServlet  : Initializing Servlet ''
2024-05-22T14:46:34.436+02:00  INFO 25072 --- [           main] o.s.t.web.servlet.TestDispatcherServlet  : Completed initialization in 1 ms
2024-05-22T14:46:34.441+02:00  INFO 25072 --- [           main] c.o.d.c.AuthorControllerIntegrationTest  : Started AuthorControllerIntegrationTest in 0.423 seconds (process running for 15.075)
2024-05-22T14:46:34.446+02:00  INFO 25072 --- [   scheduling-1] c.o.database3.scheduled.AuthorWatcher    : There are 0 many authors in the database
2024-05-22T14:46:34.449+02:00  INFO 25072 --- [   scheduling-1] c.omar.database3.scheduled.BookWatcher   : There are 0 many books in the database
2024-05-22T14:46:34.449+02:00  INFO 25072 --- [   scheduling-1] c.omar.database3.scheduled.BookWatcher   : Go to the Postman ----------->
2024-05-22T14:46:34.449+02:00  INFO 25072 --- [   scheduling-1] c.omar.database3.scheduled.BookWatcher   : Use: Get, Put, Patch, Delete
2024-05-22T14:46:34.458+02:00  INFO 25072 --- [           main] j.LocalContainerEntityManagerFactoryBean : Closing JPA EntityManagerFactory for persistence unit 'default'
2024-05-22T14:46:34.462+02:00  INFO 25072 --- [           main] com.zaxxer.hikari.HikariDataSource       : HikariPool-7 - Shutdown initiated...
2024-05-22T14:46:34.471+02:00  INFO 25072 --- [           main] com.zaxxer.hikari.HikariDataSource       : HikariPool-7 - Shutdown completed.
]]></system-out>
  </testcase>
  <testcase name="testThatFullUpdateUpdateExistingAuthor" classname="com.omar.database3.controllers.AuthorControllerIntegrationTest" time="0.06">
    <system-out><![CDATA[  .   ____          _            __ _ _
 /\\ / ___'_ __ _ _(_)_ __  __ _ \ \ \ \
( ( )\___ | '_ | '_| | '_ \/ _` | \ \ \ \
 \\/  ___)| |_)| | | | | || (_| |  ) ) ) )
  '  |____| .__|_| |_|_| |_\__, | / / / /
 =========|_|==============|___/=/_/_/_/

 :: Spring Boot ::             (v3.3.0-M3)

2024-05-22T14:46:34.496+02:00  INFO 25072 --- [           main] c.o.d.c.AuthorControllerIntegrationTest  : Starting AuthorControllerIntegrationTest using Java 17.0.8 with PID 25072 (started by omars in D:\RestAPI)
2024-05-22T14:46:34.496+02:00  INFO 25072 --- [           main] c.o.d.c.AuthorControllerIntegrationTest  : No active profile set, falling back to 1 default profile: "default"
2024-05-22T14:46:34.687+02:00  INFO 25072 --- [           main] .s.d.r.c.RepositoryConfigurationDelegate : Bootstrapping Spring Data JPA repositories in DEFAULT mode.
2024-05-22T14:46:34.700+02:00  INFO 25072 --- [           main] .s.d.r.c.RepositoryConfigurationDelegate : Finished Spring Data repository scanning in 12 ms. Found 2 JPA repository interfaces.
2024-05-22T14:46:34.782+02:00  INFO 25072 --- [           main] com.zaxxer.hikari.HikariDataSource       : HikariPool-8 - Starting...
2024-05-22T14:46:34.783+02:00  INFO 25072 --- [           main] com.zaxxer.hikari.pool.HikariPool        : HikariPool-8 - Added connection conn55: url=jdbc:h2:mem:testdb user=SA
2024-05-22T14:46:34.784+02:00  INFO 25072 --- [           main] com.zaxxer.hikari.HikariDataSource       : HikariPool-8 - Start completed.
2024-05-22T14:46:34.785+02:00  INFO 25072 --- [           main] o.hibernate.jpa.internal.util.LogHelper  : HHH000204: Processing PersistenceUnitInfo [name: default]
2024-05-22T14:46:34.788+02:00  INFO 25072 --- [           main] o.h.c.internal.RegionFactoryInitiator    : HHH000026: Second-level cache disabled
2024-05-22T14:46:34.794+02:00  INFO 25072 --- [           main] o.s.o.j.p.SpringPersistenceUnitInfo      : No LoadTimeWeaver setup: ignoring JPA class transformer
2024-05-22T14:46:34.861+02:00  INFO 25072 --- [           main] o.h.e.t.j.p.i.JtaPlatformInitiator       : HHH000489: No JTA platform available (set 'hibernate.transaction.jta.platform' to enable JTA platform integration)
2024-05-22T14:46:34.866+02:00  INFO 25072 --- [           main] j.LocalContainerEntityManagerFactoryBean : Initialized JPA EntityManagerFactory for persistence unit 'default'
2024-05-22T14:46:34.922+02:00  WARN 25072 --- [           main] JpaBaseConfiguration$JpaWebConfiguration : spring.jpa.open-in-view is enabled by default. Therefore, database queries may be performed during view rendering. Explicitly configure spring.jpa.open-in-view to disable this warning
2024-05-22T14:46:35.007+02:00  INFO 25072 --- [           main] o.s.b.t.m.w.SpringBootMockServletContext : Initializing Spring TestDispatcherServlet ''
2024-05-22T14:46:35.008+02:00  INFO 25072 --- [           main] o.s.t.web.servlet.TestDispatcherServlet  : Initializing Servlet ''
2024-05-22T14:46:35.008+02:00  INFO 25072 --- [           main] o.s.t.web.servlet.TestDispatcherServlet  : Completed initialization in 0 ms
2024-05-22T14:46:35.015+02:00  INFO 25072 --- [           main] c.o.d.c.AuthorControllerIntegrationTest  : Started AuthorControllerIntegrationTest in 0.54 seconds (process running for 15.648)
2024-05-22T14:46:35.019+02:00  INFO 25072 --- [   scheduling-1] c.o.database3.scheduled.AuthorWatcher    : There are 0 many authors in the database
2024-05-22T14:46:35.023+02:00  INFO 25072 --- [   scheduling-1] c.omar.database3.scheduled.BookWatcher   : There are 0 many books in the database
2024-05-22T14:46:35.023+02:00  INFO 25072 --- [   scheduling-1] c.omar.database3.scheduled.BookWatcher   : Go to the Postman ----------->
2024-05-22T14:46:35.023+02:00  INFO 25072 --- [   scheduling-1] c.omar.database3.scheduled.BookWatcher   : Use: Get, Put, Patch, Delete
2024-05-22T14:46:35.048+02:00  INFO 25072 --- [           main] j.LocalContainerEntityManagerFactoryBean : Closing JPA EntityManagerFactory for persistence unit 'default'
2024-05-22T14:46:35.051+02:00  INFO 25072 --- [           main] com.zaxxer.hikari.HikariDataSource       : HikariPool-8 - Shutdown initiated...
2024-05-22T14:46:35.077+02:00  INFO 25072 --- [           main] com.zaxxer.hikari.HikariDataSource       : HikariPool-8 - Shutdown completed.
]]></system-out>
  </testcase>
  <testcase name="testThatListAuthorsReturnsHttpStatus200" classname="com.omar.database3.controllers.AuthorControllerIntegrationTest" time="0.055">
    <system-out><![CDATA[  .   ____          _            __ _ _
 /\\ / ___'_ __ _ _(_)_ __  __ _ \ \ \ \
( ( )\___ | '_ | '_| | '_ \/ _` | \ \ \ \
 \\/  ___)| |_)| | | | | || (_| |  ) ) ) )
  '  |____| .__|_| |_|_| |_\__, | / / / /
 =========|_|==============|___/=/_/_/_/

 :: Spring Boot ::             (v3.3.0-M3)

2024-05-22T14:46:35.095+02:00  INFO 25072 --- [           main] c.o.d.c.AuthorControllerIntegrationTest  : Starting AuthorControllerIntegrationTest using Java 17.0.8 with PID 25072 (started by omars in D:\RestAPI)
2024-05-22T14:46:35.095+02:00  INFO 25072 --- [           main] c.o.d.c.AuthorControllerIntegrationTest  : No active profile set, falling back to 1 default profile: "default"
2024-05-22T14:46:35.223+02:00  INFO 25072 --- [           main] .s.d.r.c.RepositoryConfigurationDelegate : Bootstrapping Spring Data JPA repositories in DEFAULT mode.
2024-05-22T14:46:35.231+02:00  INFO 25072 --- [           main] .s.d.r.c.RepositoryConfigurationDelegate : Finished Spring Data repository scanning in 7 ms. Found 2 JPA repository interfaces.
2024-05-22T14:46:35.283+02:00  INFO 25072 --- [           main] com.zaxxer.hikari.HikariDataSource       : HikariPool-9 - Starting...
2024-05-22T14:46:35.285+02:00  INFO 25072 --- [           main] com.zaxxer.hikari.pool.HikariPool        : HikariPool-9 - Added connection conn62: url=jdbc:h2:mem:testdb user=SA
2024-05-22T14:46:35.285+02:00  INFO 25072 --- [           main] com.zaxxer.hikari.HikariDataSource       : HikariPool-9 - Start completed.
2024-05-22T14:46:35.286+02:00  INFO 25072 --- [           main] o.hibernate.jpa.internal.util.LogHelper  : HHH000204: Processing PersistenceUnitInfo [name: default]
2024-05-22T14:46:35.288+02:00  INFO 25072 --- [           main] o.h.c.internal.RegionFactoryInitiator    : HHH000026: Second-level cache disabled
2024-05-22T14:46:35.292+02:00  INFO 25072 --- [           main] o.s.o.j.p.SpringPersistenceUnitInfo      : No LoadTimeWeaver setup: ignoring JPA class transformer
2024-05-22T14:46:35.339+02:00  INFO 25072 --- [           main] o.h.e.t.j.p.i.JtaPlatformInitiator       : HHH000489: No JTA platform available (set 'hibernate.transaction.jta.platform' to enable JTA platform integration)
2024-05-22T14:46:35.345+02:00  INFO 25072 --- [           main] j.LocalContainerEntityManagerFactoryBean : Initialized JPA EntityManagerFactory for persistence unit 'default'
2024-05-22T14:46:35.426+02:00  WARN 25072 --- [           main] JpaBaseConfiguration$JpaWebConfiguration : spring.jpa.open-in-view is enabled by default. Therefore, database queries may be performed during view rendering. Explicitly configure spring.jpa.open-in-view to disable this warning
2024-05-22T14:46:35.565+02:00  INFO 25072 --- [           main] o.s.b.t.m.w.SpringBootMockServletContext : Initializing Spring TestDispatcherServlet ''
2024-05-22T14:46:35.565+02:00  INFO 25072 --- [           main] o.s.t.web.servlet.TestDispatcherServlet  : Initializing Servlet ''
2024-05-22T14:46:35.566+02:00  INFO 25072 --- [           main] o.s.t.web.servlet.TestDispatcherServlet  : Completed initialization in 1 ms
2024-05-22T14:46:35.581+02:00  INFO 25072 --- [           main] c.o.d.c.AuthorControllerIntegrationTest  : Started AuthorControllerIntegrationTest in 0.5 seconds (process running for 16.214)
2024-05-22T14:46:35.594+02:00  INFO 25072 --- [   scheduling-1] c.o.database3.scheduled.AuthorWatcher    : There are 0 many authors in the database
2024-05-22T14:46:35.602+02:00  INFO 25072 --- [   scheduling-1] c.omar.database3.scheduled.BookWatcher   : There are 0 many books in the database
2024-05-22T14:46:35.602+02:00  INFO 25072 --- [   scheduling-1] c.omar.database3.scheduled.BookWatcher   : Go to the Postman ----------->
2024-05-22T14:46:35.602+02:00  INFO 25072 --- [   scheduling-1] c.omar.database3.scheduled.BookWatcher   : Use: Get, Put, Patch, Delete
2024-05-22T14:46:35.638+02:00  INFO 25072 --- [           main] j.LocalContainerEntityManagerFactoryBean : Closing JPA EntityManagerFactory for persistence unit 'default'
2024-05-22T14:46:35.640+02:00  INFO 25072 --- [           main] com.zaxxer.hikari.HikariDataSource       : HikariPool-9 - Shutdown initiated...
2024-05-22T14:46:35.642+02:00  INFO 25072 --- [           main] com.zaxxer.hikari.HikariDataSource       : HikariPool-9 - Shutdown completed.
]]></system-out>
  </testcase>
  <testcase name="testThatListAuthorsReturnsListOfAuthors" classname="com.omar.database3.controllers.AuthorControllerIntegrationTest" time="0.043">
    <system-out><![CDATA[  .   ____          _            __ _ _
 /\\ / ___'_ __ _ _(_)_ __  __ _ \ \ \ \
( ( )\___ | '_ | '_| | '_ \/ _` | \ \ \ \
 \\/  ___)| |_)| | | | | || (_| |  ) ) ) )
  '  |____| .__|_| |_|_| |_\__, | / / / /
 =========|_|==============|___/=/_/_/_/

 :: Spring Boot ::             (v3.3.0-M3)

2024-05-22T14:46:35.659+02:00  INFO 25072 --- [           main] c.o.d.c.AuthorControllerIntegrationTest  : Starting AuthorControllerIntegrationTest using Java 17.0.8 with PID 25072 (started by omars in D:\RestAPI)
2024-05-22T14:46:35.659+02:00  INFO 25072 --- [           main] c.o.d.c.AuthorControllerIntegrationTest  : No active profile set, falling back to 1 default profile: "default"
2024-05-22T14:46:35.796+02:00  INFO 25072 --- [           main] .s.d.r.c.RepositoryConfigurationDelegate : Bootstrapping Spring Data JPA repositories in DEFAULT mode.
2024-05-22T14:46:35.805+02:00  INFO 25072 --- [           main] .s.d.r.c.RepositoryConfigurationDelegate : Finished Spring Data repository scanning in 8 ms. Found 2 JPA repository interfaces.
2024-05-22T14:46:35.862+02:00  INFO 25072 --- [           main] com.zaxxer.hikari.HikariDataSource       : HikariPool-10 - Starting...
2024-05-22T14:46:35.864+02:00  INFO 25072 --- [           main] com.zaxxer.hikari.pool.HikariPool        : HikariPool-10 - Added connection conn71: url=jdbc:h2:mem:testdb user=SA
2024-05-22T14:46:35.864+02:00  INFO 25072 --- [           main] com.zaxxer.hikari.HikariDataSource       : HikariPool-10 - Start completed.
2024-05-22T14:46:35.865+02:00  INFO 25072 --- [           main] o.hibernate.jpa.internal.util.LogHelper  : HHH000204: Processing PersistenceUnitInfo [name: default]
2024-05-22T14:46:35.867+02:00  INFO 25072 --- [           main] o.h.c.internal.RegionFactoryInitiator    : HHH000026: Second-level cache disabled
2024-05-22T14:46:35.870+02:00  INFO 25072 --- [           main] o.s.o.j.p.SpringPersistenceUnitInfo      : No LoadTimeWeaver setup: ignoring JPA class transformer
2024-05-22T14:46:35.908+02:00  INFO 25072 --- [           main] o.h.e.t.j.p.i.JtaPlatformInitiator       : HHH000489: No JTA platform available (set 'hibernate.transaction.jta.platform' to enable JTA platform integration)
2024-05-22T14:46:35.913+02:00  INFO 25072 --- [           main] j.LocalContainerEntityManagerFactoryBean : Initialized JPA EntityManagerFactory for persistence unit 'default'
2024-05-22T14:46:35.965+02:00  WARN 25072 --- [           main] JpaBaseConfiguration$JpaWebConfiguration : spring.jpa.open-in-view is enabled by default. Therefore, database queries may be performed during view rendering. Explicitly configure spring.jpa.open-in-view to disable this warning
2024-05-22T14:46:36.041+02:00  INFO 25072 --- [           main] o.s.b.t.m.w.SpringBootMockServletContext : Initializing Spring TestDispatcherServlet ''
2024-05-22T14:46:36.041+02:00  INFO 25072 --- [           main] o.s.t.web.servlet.TestDispatcherServlet  : Initializing Servlet ''
2024-05-22T14:46:36.042+02:00  INFO 25072 --- [           main] o.s.t.web.servlet.TestDispatcherServlet  : Completed initialization in 1 ms
2024-05-22T14:46:36.048+02:00  INFO 25072 --- [           main] c.o.d.c.AuthorControllerIntegrationTest  : Started AuthorControllerIntegrationTest in 0.403 seconds (process running for 16.682)
2024-05-22T14:46:36.052+02:00  INFO 25072 --- [   scheduling-1] c.o.database3.scheduled.AuthorWatcher    : There are 0 many authors in the database
2024-05-22T14:46:36.055+02:00  INFO 25072 --- [   scheduling-1] c.omar.database3.scheduled.BookWatcher   : There are 0 many books in the database
2024-05-22T14:46:36.055+02:00  INFO 25072 --- [   scheduling-1] c.omar.database3.scheduled.BookWatcher   : Go to the Postman ----------->
2024-05-22T14:46:36.055+02:00  INFO 25072 --- [   scheduling-1] c.omar.database3.scheduled.BookWatcher   : Use: Get, Put, Patch, Delete
2024-05-22T14:46:36.074+02:00  INFO 25072 --- [           main] j.LocalContainerEntityManagerFactoryBean : Closing JPA EntityManagerFactory for persistence unit 'default'
2024-05-22T14:46:36.076+02:00  INFO 25072 --- [           main] com.zaxxer.hikari.HikariDataSource       : HikariPool-10 - Shutdown initiated...
2024-05-22T14:46:36.093+02:00  INFO 25072 --- [           main] com.zaxxer.hikari.HikariDataSource       : HikariPool-10 - Shutdown completed.
]]></system-out>
  </testcase>
  <testcase name="testThatDeleteAuthorReturnsHttpStatus204ForExistingAuthor" classname="com.omar.database3.controllers.AuthorControllerIntegrationTest" time="0.048">
    <system-out><![CDATA[  .   ____          _            __ _ _
 /\\ / ___'_ __ _ _(_)_ __  __ _ \ \ \ \
( ( )\___ | '_ | '_| | '_ \/ _` | \ \ \ \
 \\/  ___)| |_)| | | | | || (_| |  ) ) ) )
  '  |____| .__|_| |_|_| |_\__, | / / / /
 =========|_|==============|___/=/_/_/_/

 :: Spring Boot ::             (v3.3.0-M3)

2024-05-22T14:46:36.112+02:00  INFO 25072 --- [           main] c.o.d.c.AuthorControllerIntegrationTest  : Starting AuthorControllerIntegrationTest using Java 17.0.8 with PID 25072 (started by omars in D:\RestAPI)
2024-05-22T14:46:36.113+02:00  INFO 25072 --- [           main] c.o.d.c.AuthorControllerIntegrationTest  : No active profile set, falling back to 1 default profile: "default"
2024-05-22T14:46:36.234+02:00  INFO 25072 --- [           main] .s.d.r.c.RepositoryConfigurationDelegate : Bootstrapping Spring Data JPA repositories in DEFAULT mode.
2024-05-22T14:46:36.241+02:00  INFO 25072 --- [           main] .s.d.r.c.RepositoryConfigurationDelegate : Finished Spring Data repository scanning in 6 ms. Found 2 JPA repository interfaces.
2024-05-22T14:46:36.296+02:00  INFO 25072 --- [           main] com.zaxxer.hikari.HikariDataSource       : HikariPool-11 - Starting...
2024-05-22T14:46:36.297+02:00  INFO 25072 --- [           main] com.zaxxer.hikari.pool.HikariPool        : HikariPool-11 - Added connection conn76: url=jdbc:h2:mem:testdb user=SA
2024-05-22T14:46:36.297+02:00  INFO 25072 --- [           main] com.zaxxer.hikari.HikariDataSource       : HikariPool-11 - Start completed.
2024-05-22T14:46:36.299+02:00  INFO 25072 --- [           main] o.hibernate.jpa.internal.util.LogHelper  : HHH000204: Processing PersistenceUnitInfo [name: default]
2024-05-22T14:46:36.304+02:00  INFO 25072 --- [           main] o.h.c.internal.RegionFactoryInitiator    : HHH000026: Second-level cache disabled
2024-05-22T14:46:36.310+02:00  INFO 25072 --- [           main] o.s.o.j.p.SpringPersistenceUnitInfo      : No LoadTimeWeaver setup: ignoring JPA class transformer
2024-05-22T14:46:36.371+02:00  INFO 25072 --- [           main] o.h.e.t.j.p.i.JtaPlatformInitiator       : HHH000489: No JTA platform available (set 'hibernate.transaction.jta.platform' to enable JTA platform integration)
2024-05-22T14:46:36.376+02:00  INFO 25072 --- [           main] j.LocalContainerEntityManagerFactoryBean : Initialized JPA EntityManagerFactory for persistence unit 'default'
2024-05-22T14:46:36.437+02:00  WARN 25072 --- [           main] JpaBaseConfiguration$JpaWebConfiguration : spring.jpa.open-in-view is enabled by default. Therefore, database queries may be performed during view rendering. Explicitly configure spring.jpa.open-in-view to disable this warning
2024-05-22T14:46:36.533+02:00  INFO 25072 --- [           main] o.s.b.t.m.w.SpringBootMockServletContext : Initializing Spring TestDispatcherServlet ''
2024-05-22T14:46:36.533+02:00  INFO 25072 --- [           main] o.s.t.web.servlet.TestDispatcherServlet  : Initializing Servlet ''
2024-05-22T14:46:36.534+02:00  INFO 25072 --- [           main] o.s.t.web.servlet.TestDispatcherServlet  : Completed initialization in 1 ms
2024-05-22T14:46:36.540+02:00  INFO 25072 --- [           main] c.o.d.c.AuthorControllerIntegrationTest  : Started AuthorControllerIntegrationTest in 0.445 seconds (process running for 17.174)
2024-05-22T14:46:36.545+02:00  INFO 25072 --- [   scheduling-1] c.o.database3.scheduled.AuthorWatcher    : There are 0 many authors in the database
2024-05-22T14:46:36.551+02:00  INFO 25072 --- [   scheduling-1] c.omar.database3.scheduled.BookWatcher   : There are 0 many books in the database
2024-05-22T14:46:36.552+02:00  INFO 25072 --- [   scheduling-1] c.omar.database3.scheduled.BookWatcher   : Go to the Postman ----------->
2024-05-22T14:46:36.552+02:00  INFO 25072 --- [   scheduling-1] c.omar.database3.scheduled.BookWatcher   : Use: Get, Put, Patch, Delete
2024-05-22T14:46:36.578+02:00  INFO 25072 --- [           main] j.LocalContainerEntityManagerFactoryBean : Closing JPA EntityManagerFactory for persistence unit 'default'
2024-05-22T14:46:36.582+02:00  INFO 25072 --- [           main] com.zaxxer.hikari.HikariDataSource       : HikariPool-11 - Shutdown initiated...
2024-05-22T14:46:36.590+02:00  INFO 25072 --- [           main] com.zaxxer.hikari.HikariDataSource       : HikariPool-11 - Shutdown completed.
]]></system-out>
  </testcase>
  <testcase name="testThatGetAuthorReturnsHttpStatus200WhenAuthorExist" classname="com.omar.database3.controllers.AuthorControllerIntegrationTest" time="0.05">
    <system-out><![CDATA[  .   ____          _            __ _ _
 /\\ / ___'_ __ _ _(_)_ __  __ _ \ \ \ \
( ( )\___ | '_ | '_| | '_ \/ _` | \ \ \ \
 \\/  ___)| |_)| | | | | || (_| |  ) ) ) )
  '  |____| .__|_| |_|_| |_\__, | / / / /
 =========|_|==============|___/=/_/_/_/

 :: Spring Boot ::             (v3.3.0-M3)

2024-05-22T14:46:36.617+02:00  INFO 25072 --- [           main] c.o.d.c.AuthorControllerIntegrationTest  : Starting AuthorControllerIntegrationTest using Java 17.0.8 with PID 25072 (started by omars in D:\RestAPI)
2024-05-22T14:46:36.617+02:00  INFO 25072 --- [           main] c.o.d.c.AuthorControllerIntegrationTest  : No active profile set, falling back to 1 default profile: "default"
2024-05-22T14:46:36.753+02:00  INFO 25072 --- [           main] .s.d.r.c.RepositoryConfigurationDelegate : Bootstrapping Spring Data JPA repositories in DEFAULT mode.
2024-05-22T14:46:36.762+02:00  INFO 25072 --- [           main] .s.d.r.c.RepositoryConfigurationDelegate : Finished Spring Data repository scanning in 8 ms. Found 2 JPA repository interfaces.
2024-05-22T14:46:36.838+02:00  INFO 25072 --- [           main] com.zaxxer.hikari.HikariDataSource       : HikariPool-12 - Starting...
2024-05-22T14:46:36.840+02:00  INFO 25072 --- [           main] com.zaxxer.hikari.pool.HikariPool        : HikariPool-12 - Added connection conn83: url=jdbc:h2:mem:testdb user=SA
2024-05-22T14:46:36.840+02:00  INFO 25072 --- [           main] com.zaxxer.hikari.HikariDataSource       : HikariPool-12 - Start completed.
2024-05-22T14:46:36.842+02:00  INFO 25072 --- [           main] o.hibernate.jpa.internal.util.LogHelper  : HHH000204: Processing PersistenceUnitInfo [name: default]
2024-05-22T14:46:36.844+02:00  INFO 25072 --- [           main] o.h.c.internal.RegionFactoryInitiator    : HHH000026: Second-level cache disabled
2024-05-22T14:46:36.849+02:00  INFO 25072 --- [           main] o.s.o.j.p.SpringPersistenceUnitInfo      : No LoadTimeWeaver setup: ignoring JPA class transformer
2024-05-22T14:46:36.900+02:00  INFO 25072 --- [           main] o.h.e.t.j.p.i.JtaPlatformInitiator       : HHH000489: No JTA platform available (set 'hibernate.transaction.jta.platform' to enable JTA platform integration)
2024-05-22T14:46:36.906+02:00  INFO 25072 --- [           main] j.LocalContainerEntityManagerFactoryBean : Initialized JPA EntityManagerFactory for persistence unit 'default'
2024-05-22T14:46:36.959+02:00  WARN 25072 --- [           main] JpaBaseConfiguration$JpaWebConfiguration : spring.jpa.open-in-view is enabled by default. Therefore, database queries may be performed during view rendering. Explicitly configure spring.jpa.open-in-view to disable this warning
2024-05-22T14:46:37.039+02:00  INFO 25072 --- [           main] o.s.b.t.m.w.SpringBootMockServletContext : Initializing Spring TestDispatcherServlet ''
2024-05-22T14:46:37.039+02:00  INFO 25072 --- [           main] o.s.t.web.servlet.TestDispatcherServlet  : Initializing Servlet ''
2024-05-22T14:46:37.040+02:00  INFO 25072 --- [           main] o.s.t.web.servlet.TestDispatcherServlet  : Completed initialization in 1 ms
2024-05-22T14:46:37.046+02:00  INFO 25072 --- [           main] c.o.d.c.AuthorControllerIntegrationTest  : Started AuthorControllerIntegrationTest in 0.453 seconds (process running for 17.679)
2024-05-22T14:46:37.050+02:00  INFO 25072 --- [   scheduling-1] c.o.database3.scheduled.AuthorWatcher    : There are 0 many authors in the database
2024-05-22T14:46:37.053+02:00  INFO 25072 --- [   scheduling-1] c.omar.database3.scheduled.BookWatcher   : There are 0 many books in the database
2024-05-22T14:46:37.053+02:00  INFO 25072 --- [   scheduling-1] c.omar.database3.scheduled.BookWatcher   : Go to the Postman ----------->
2024-05-22T14:46:37.053+02:00  INFO 25072 --- [   scheduling-1] c.omar.database3.scheduled.BookWatcher   : Use: Get, Put, Patch, Delete
2024-05-22T14:46:37.066+02:00  INFO 25072 --- [           main] j.LocalContainerEntityManagerFactoryBean : Closing JPA EntityManagerFactory for persistence unit 'default'
2024-05-22T14:46:37.068+02:00  INFO 25072 --- [           main] com.zaxxer.hikari.HikariDataSource       : HikariPool-12 - Shutdown initiated...
2024-05-22T14:46:37.099+02:00  INFO 25072 --- [           main] com.zaxxer.hikari.HikariDataSource       : HikariPool-12 - Shutdown completed.
]]></system-out>
  </testcase>
  <testcase name="testThatGetAuthorReturnsAuthorWhenAuthorExist" classname="com.omar.database3.controllers.AuthorControllerIntegrationTest" time="0.048">
    <system-out><![CDATA[  .   ____          _            __ _ _
 /\\ / ___'_ __ _ _(_)_ __  __ _ \ \ \ \
( ( )\___ | '_ | '_| | '_ \/ _` | \ \ \ \
 \\/  ___)| |_)| | | | | || (_| |  ) ) ) )
  '  |____| .__|_| |_|_| |_\__, | / / / /
 =========|_|==============|___/=/_/_/_/

 :: Spring Boot ::             (v3.3.0-M3)

2024-05-22T14:46:37.122+02:00  INFO 25072 --- [           main] c.o.d.c.AuthorControllerIntegrationTest  : Starting AuthorControllerIntegrationTest using Java 17.0.8 with PID 25072 (started by omars in D:\RestAPI)
2024-05-22T14:46:37.123+02:00  INFO 25072 --- [           main] c.o.d.c.AuthorControllerIntegrationTest  : No active profile set, falling back to 1 default profile: "default"
2024-05-22T14:46:37.243+02:00  INFO 25072 --- [           main] .s.d.r.c.RepositoryConfigurationDelegate : Bootstrapping Spring Data JPA repositories in DEFAULT mode.
2024-05-22T14:46:37.256+02:00  INFO 25072 --- [           main] .s.d.r.c.RepositoryConfigurationDelegate : Finished Spring Data repository scanning in 12 ms. Found 2 JPA repository interfaces.
2024-05-22T14:46:37.321+02:00  INFO 25072 --- [           main] com.zaxxer.hikari.HikariDataSource       : HikariPool-13 - Starting...
2024-05-22T14:46:37.322+02:00  INFO 25072 --- [           main] com.zaxxer.hikari.pool.HikariPool        : HikariPool-13 - Added connection conn89: url=jdbc:h2:mem:testdb user=SA
2024-05-22T14:46:37.322+02:00  INFO 25072 --- [           main] com.zaxxer.hikari.HikariDataSource       : HikariPool-13 - Start completed.
2024-05-22T14:46:37.324+02:00  INFO 25072 --- [           main] o.hibernate.jpa.internal.util.LogHelper  : HHH000204: Processing PersistenceUnitInfo [name: default]
2024-05-22T14:46:37.327+02:00  INFO 25072 --- [           main] o.h.c.internal.RegionFactoryInitiator    : HHH000026: Second-level cache disabled
2024-05-22T14:46:37.333+02:00  INFO 25072 --- [           main] o.s.o.j.p.SpringPersistenceUnitInfo      : No LoadTimeWeaver setup: ignoring JPA class transformer
2024-05-22T14:46:37.382+02:00  INFO 25072 --- [           main] o.h.e.t.j.p.i.JtaPlatformInitiator       : HHH000489: No JTA platform available (set 'hibernate.transaction.jta.platform' to enable JTA platform integration)
2024-05-22T14:46:37.389+02:00  INFO 25072 --- [           main] j.LocalContainerEntityManagerFactoryBean : Initialized JPA EntityManagerFactory for persistence unit 'default'
2024-05-22T14:46:37.450+02:00  WARN 25072 --- [           main] JpaBaseConfiguration$JpaWebConfiguration : spring.jpa.open-in-view is enabled by default. Therefore, database queries may be performed during view rendering. Explicitly configure spring.jpa.open-in-view to disable this warning
2024-05-22T14:46:37.533+02:00  INFO 25072 --- [           main] o.s.b.t.m.w.SpringBootMockServletContext : Initializing Spring TestDispatcherServlet ''
2024-05-22T14:46:37.534+02:00  INFO 25072 --- [           main] o.s.t.web.servlet.TestDispatcherServlet  : Initializing Servlet ''
2024-05-22T14:46:37.534+02:00  INFO 25072 --- [           main] o.s.t.web.servlet.TestDispatcherServlet  : Completed initialization in 0 ms
2024-05-22T14:46:37.540+02:00  INFO 25072 --- [           main] c.o.d.c.AuthorControllerIntegrationTest  : Started AuthorControllerIntegrationTest in 0.437 seconds (process running for 18.173)
2024-05-22T14:46:37.545+02:00  INFO 25072 --- [   scheduling-1] c.o.database3.scheduled.AuthorWatcher    : There are 0 many authors in the database
2024-05-22T14:46:37.549+02:00  INFO 25072 --- [   scheduling-1] c.omar.database3.scheduled.BookWatcher   : There are 0 many books in the database
2024-05-22T14:46:37.549+02:00  INFO 25072 --- [   scheduling-1] c.omar.database3.scheduled.BookWatcher   : Go to the Postman ----------->
2024-05-22T14:46:37.550+02:00  INFO 25072 --- [   scheduling-1] c.omar.database3.scheduled.BookWatcher   : Use: Get, Put, Patch, Delete
2024-05-22T14:46:37.567+02:00  INFO 25072 --- [           main] j.LocalContainerEntityManagerFactoryBean : Closing JPA EntityManagerFactory for persistence unit 'default'
2024-05-22T14:46:37.569+02:00  INFO 25072 --- [           main] com.zaxxer.hikari.HikariDataSource       : HikariPool-13 - Shutdown initiated...
2024-05-22T14:46:37.589+02:00  INFO 25072 --- [           main] com.zaxxer.hikari.HikariDataSource       : HikariPool-13 - Shutdown completed.
]]></system-out>
  </testcase>
  <testcase name="testThatCreateAuthorSuccessfullyReturnsSavedAuthor" classname="com.omar.database3.controllers.AuthorControllerIntegrationTest" time="0.045">
    <system-out><![CDATA[  .   ____          _            __ _ _
 /\\ / ___'_ __ _ _(_)_ __  __ _ \ \ \ \
( ( )\___ | '_ | '_| | '_ \/ _` | \ \ \ \
 \\/  ___)| |_)| | | | | || (_| |  ) ) ) )
  '  |____| .__|_| |_|_| |_\__, | / / / /
 =========|_|==============|___/=/_/_/_/

 :: Spring Boot ::             (v3.3.0-M3)

2024-05-22T14:46:37.607+02:00  INFO 25072 --- [           main] c.o.d.c.AuthorControllerIntegrationTest  : Starting AuthorControllerIntegrationTest using Java 17.0.8 with PID 25072 (started by omars in D:\RestAPI)
2024-05-22T14:46:37.607+02:00  INFO 25072 --- [           main] c.o.d.c.AuthorControllerIntegrationTest  : No active profile set, falling back to 1 default profile: "default"
2024-05-22T14:46:37.723+02:00  INFO 25072 --- [           main] .s.d.r.c.RepositoryConfigurationDelegate : Bootstrapping Spring Data JPA repositories in DEFAULT mode.
2024-05-22T14:46:37.730+02:00  INFO 25072 --- [           main] .s.d.r.c.RepositoryConfigurationDelegate : Finished Spring Data repository scanning in 6 ms. Found 2 JPA repository interfaces.
2024-05-22T14:46:37.777+02:00  INFO 25072 --- [           main] com.zaxxer.hikari.HikariDataSource       : HikariPool-14 - Starting...
2024-05-22T14:46:37.778+02:00  INFO 25072 --- [           main] com.zaxxer.hikari.pool.HikariPool        : HikariPool-14 - Added connection conn95: url=jdbc:h2:mem:testdb user=SA
2024-05-22T14:46:37.778+02:00  INFO 25072 --- [           main] com.zaxxer.hikari.HikariDataSource       : HikariPool-14 - Start completed.
2024-05-22T14:46:37.780+02:00  INFO 25072 --- [           main] o.hibernate.jpa.internal.util.LogHelper  : HHH000204: Processing PersistenceUnitInfo [name: default]
2024-05-22T14:46:37.781+02:00  INFO 25072 --- [           main] o.h.c.internal.RegionFactoryInitiator    : HHH000026: Second-level cache disabled
2024-05-22T14:46:37.784+02:00  INFO 25072 --- [           main] o.s.o.j.p.SpringPersistenceUnitInfo      : No LoadTimeWeaver setup: ignoring JPA class transformer
2024-05-22T14:46:37.821+02:00  INFO 25072 --- [           main] o.h.e.t.j.p.i.JtaPlatformInitiator       : HHH000489: No JTA platform available (set 'hibernate.transaction.jta.platform' to enable JTA platform integration)
2024-05-22T14:46:37.826+02:00  INFO 25072 --- [           main] j.LocalContainerEntityManagerFactoryBean : Initialized JPA EntityManagerFactory for persistence unit 'default'
2024-05-22T14:46:37.872+02:00  WARN 25072 --- [           main] JpaBaseConfiguration$JpaWebConfiguration : spring.jpa.open-in-view is enabled by default. Therefore, database queries may be performed during view rendering. Explicitly configure spring.jpa.open-in-view to disable this warning
2024-05-22T14:46:37.953+02:00  INFO 25072 --- [           main] o.s.b.t.m.w.SpringBootMockServletContext : Initializing Spring TestDispatcherServlet ''
2024-05-22T14:46:37.953+02:00  INFO 25072 --- [           main] o.s.t.web.servlet.TestDispatcherServlet  : Initializing Servlet ''
2024-05-22T14:46:37.953+02:00  INFO 25072 --- [           main] o.s.t.web.servlet.TestDispatcherServlet  : Completed initialization in 0 ms
2024-05-22T14:46:37.958+02:00  INFO 25072 --- [           main] c.o.d.c.AuthorControllerIntegrationTest  : Started AuthorControllerIntegrationTest in 0.367 seconds (process running for 18.592)
2024-05-22T14:46:37.964+02:00  INFO 25072 --- [   scheduling-1] c.o.database3.scheduled.AuthorWatcher    : There are 0 many authors in the database
2024-05-22T14:46:37.969+02:00  INFO 25072 --- [   scheduling-1] c.omar.database3.scheduled.BookWatcher   : There are 0 many books in the database
2024-05-22T14:46:37.969+02:00  INFO 25072 --- [   scheduling-1] c.omar.database3.scheduled.BookWatcher   : Go to the Postman ----------->
2024-05-22T14:46:37.969+02:00  INFO 25072 --- [   scheduling-1] c.omar.database3.scheduled.BookWatcher   : Use: Get, Put, Patch, Delete
2024-05-22T14:46:37.983+02:00  INFO 25072 --- [           main] j.LocalContainerEntityManagerFactoryBean : Closing JPA EntityManagerFactory for persistence unit 'default'
2024-05-22T14:46:37.985+02:00  INFO 25072 --- [           main] com.zaxxer.hikari.HikariDataSource       : HikariPool-14 - Shutdown initiated...
2024-05-22T14:46:38.007+02:00  INFO 25072 --- [           main] com.zaxxer.hikari.HikariDataSource       : HikariPool-14 - Shutdown completed.
]]></system-out>
  </testcase>
</testsuite>