<?xml version="1.0" encoding="UTF-8"?>
<testsuite xmlns:xsi="http://www.w3.org/2001/XMLSchema-instance" xsi:noNamespaceSchemaLocation="https://maven.apache.org/surefire/maven-surefire-plugin/xsd/surefire-test-report-3.0.xsd" version="3.0" name="com.omar.database3.controllers.BookControllerIntegrationTest" time="8.586" tests="15" errors="0" skipped="0" failures="0">
  <properties>
[...]
</properties>
  <testcase name="testThatGetBookReturnsBookWhenBookExists" classname="com.omar.database3.controllers.BookControllerIntegrationTest" time="0.066">
    <system-out><![CDATA[2024-05-19T11:41:17.791+02:00  INFO 4876 --- [           main] t.c.s.AnnotationConfigContextLoaderUtils : Could not detect default configuration classes for test class [com.omar.database3.controllers.BookControllerIntegrationTest]: BookControllerIntegrationTest does not declare any static, non-private, non-final, nested classes annotated with @Configuration.
2024-05-19T11:41:17.796+02:00  INFO 4876 --- [           main] .b.t.c.SpringBootTestContextBootstrapper : Found @SpringBootConfiguration com.omar.database3.BooksApiApplication for test class com.omar.database3.controllers.BookControllerIntegrationTest
  .   ____          _            __ _ _
 /\\ / ___'_ __ _ _(_)_ __  __ _ \ \ \ \
( ( )\___ | '_ | '_| | '_ \/ _` | \ \ \ \
 \\/  ___)| |_)| | | | | || (_| |  ) ) ) )
  '  |____| .__|_| |_|_| |_\__, | / / / /
 =========|_|==============|___/=/_/_/_/

 :: Spring Boot ::             (v3.3.0-M3)

2024-05-19T11:41:17.824+02:00  INFO 4876 --- [           main] c.o.d.c.BookControllerIntegrationTest    : Starting BookControllerIntegrationTest using Java 17.0.8 with PID 4876 (started by omars in D:\RestAPI)
2024-05-19T11:41:17.825+02:00  INFO 4876 --- [           main] c.o.d.c.BookControllerIntegrationTest    : No active profile set, falling back to 1 default profile: "default"
2024-05-19T11:41:17.993+02:00  INFO 4876 --- [           main] .s.d.r.c.RepositoryConfigurationDelegate : Bootstrapping Spring Data JPA repositories in DEFAULT mode.
2024-05-19T11:41:18.005+02:00  INFO 4876 --- [           main] .s.d.r.c.RepositoryConfigurationDelegate : Finished Spring Data repository scanning in 11 ms. Found 2 JPA repository interfaces.
2024-05-19T11:41:18.084+02:00  INFO 4876 --- [           main] com.zaxxer.hikari.HikariDataSource       : HikariPool-15 - Starting...
2024-05-19T11:41:18.085+02:00  INFO 4876 --- [           main] com.zaxxer.hikari.pool.HikariPool        : HikariPool-15 - Added connection conn125: url=jdbc:h2:mem:testdb user=SA
2024-05-19T11:41:18.086+02:00  INFO 4876 --- [           main] com.zaxxer.hikari.HikariDataSource       : HikariPool-15 - Start completed.
2024-05-19T11:41:18.088+02:00  INFO 4876 --- [           main] o.hibernate.jpa.internal.util.LogHelper  : HHH000204: Processing PersistenceUnitInfo [name: default]
2024-05-19T11:41:18.089+02:00  INFO 4876 --- [           main] o.h.c.internal.RegionFactoryInitiator    : HHH000026: Second-level cache disabled
2024-05-19T11:41:18.093+02:00  INFO 4876 --- [           main] o.s.o.j.p.SpringPersistenceUnitInfo      : No LoadTimeWeaver setup: ignoring JPA class transformer
2024-05-19T11:41:18.149+02:00  INFO 4876 --- [           main] o.h.e.t.j.p.i.JtaPlatformInitiator       : HHH000489: No JTA platform available (set 'hibernate.transaction.jta.platform' to enable JTA platform integration)
2024-05-19T11:41:18.155+02:00  INFO 4876 --- [           main] j.LocalContainerEntityManagerFactoryBean : Initialized JPA EntityManagerFactory for persistence unit 'default'
2024-05-19T11:41:18.217+02:00  WARN 4876 --- [           main] JpaBaseConfiguration$JpaWebConfiguration : spring.jpa.open-in-view is enabled by default. Therefore, database queries may be performed during view rendering. Explicitly configure spring.jpa.open-in-view to disable this warning
2024-05-19T11:41:18.329+02:00  INFO 4876 --- [           main] o.s.b.t.m.w.SpringBootMockServletContext : Initializing Spring TestDispatcherServlet ''
2024-05-19T11:41:18.330+02:00  INFO 4876 --- [           main] o.s.t.web.servlet.TestDispatcherServlet  : Initializing Servlet ''
2024-05-19T11:41:18.330+02:00  INFO 4876 --- [           main] o.s.t.web.servlet.TestDispatcherServlet  : Completed initialization in 0 ms
2024-05-19T11:41:18.339+02:00  INFO 4876 --- [           main] c.o.d.c.BookControllerIntegrationTest    : Started BookControllerIntegrationTest in 0.538 seconds (process running for 26.085)
2024-05-19T11:41:18.344+02:00  INFO 4876 --- [   scheduling-1] c.o.database3.scheduled.AuthorWatcher    : There are 0 many authors in the database
2024-05-19T11:41:18.349+02:00  INFO 4876 --- [   scheduling-1] c.omar.database3.scheduled.BookWatcher   : There are 0 many books in the database
2024-05-19T11:41:18.349+02:00  INFO 4876 --- [   scheduling-1] c.omar.database3.scheduled.BookWatcher   : Go to the Postman ----------->
2024-05-19T11:41:18.349+02:00  INFO 4876 --- [   scheduling-1] c.omar.database3.scheduled.BookWatcher   : Use: Get, Put, Patch, Delete
2024-05-19T11:41:18.392+02:00  INFO 4876 --- [           main] j.LocalContainerEntityManagerFactoryBean : Closing JPA EntityManagerFactory for persistence unit 'default'
2024-05-19T11:41:18.396+02:00  INFO 4876 --- [           main] com.zaxxer.hikari.HikariDataSource       : HikariPool-15 - Shutdown initiated...
2024-05-19T11:41:18.412+02:00  INFO 4876 --- [           main] com.zaxxer.hikari.HikariDataSource       : HikariPool-15 - Shutdown completed.
]]></system-out>
  </testcase>
  <testcase name="testThatListAuthorsBooksReturnsBooksList" classname="com.omar.database3.controllers.BookControllerIntegrationTest" time="0.092">
    <system-out><![CDATA[  .   ____          _            __ _ _
 /\\ / ___'_ __ _ _(_)_ __  __ _ \ \ \ \
( ( )\___ | '_ | '_| | '_ \/ _` | \ \ \ \
 \\/  ___)| |_)| | | | | || (_| |  ) ) ) )
  '  |____| .__|_| |_|_| |_\__, | / / / /
 =========|_|==============|___/=/_/_/_/

 :: Spring Boot ::             (v3.3.0-M3)

2024-05-19T11:41:18.443+02:00  INFO 4876 --- [           main] c.o.d.c.BookControllerIntegrationTest    : Starting BookControllerIntegrationTest using Java 17.0.8 with PID 4876 (started by omars in D:\RestAPI)
2024-05-19T11:41:18.443+02:00  INFO 4876 --- [           main] c.o.d.c.BookControllerIntegrationTest    : No active profile set, falling back to 1 default profile: "default"
2024-05-19T11:41:18.592+02:00  INFO 4876 --- [           main] .s.d.r.c.RepositoryConfigurationDelegate : Bootstrapping Spring Data JPA repositories in DEFAULT mode.
2024-05-19T11:41:18.605+02:00  INFO 4876 --- [           main] .s.d.r.c.RepositoryConfigurationDelegate : Finished Spring Data repository scanning in 12 ms. Found 2 JPA repository interfaces.
2024-05-19T11:41:18.709+02:00  INFO 4876 --- [           main] com.zaxxer.hikari.HikariDataSource       : HikariPool-16 - Starting...
2024-05-19T11:41:18.710+02:00  INFO 4876 --- [           main] com.zaxxer.hikari.pool.HikariPool        : HikariPool-16 - Added connection conn133: url=jdbc:h2:mem:testdb user=SA
2024-05-19T11:41:18.710+02:00  INFO 4876 --- [           main] com.zaxxer.hikari.HikariDataSource       : HikariPool-16 - Start completed.
2024-05-19T11:41:18.712+02:00  INFO 4876 --- [           main] o.hibernate.jpa.internal.util.LogHelper  : HHH000204: Processing PersistenceUnitInfo [name: default]
2024-05-19T11:41:18.714+02:00  INFO 4876 --- [           main] o.h.c.internal.RegionFactoryInitiator    : HHH000026: Second-level cache disabled
2024-05-19T11:41:18.720+02:00  INFO 4876 --- [           main] o.s.o.j.p.SpringPersistenceUnitInfo      : No LoadTimeWeaver setup: ignoring JPA class transformer
2024-05-19T11:41:18.790+02:00  INFO 4876 --- [           main] o.h.e.t.j.p.i.JtaPlatformInitiator       : HHH000489: No JTA platform available (set 'hibernate.transaction.jta.platform' to enable JTA platform integration)
2024-05-19T11:41:18.801+02:00  INFO 4876 --- [           main] j.LocalContainerEntityManagerFactoryBean : Initialized JPA EntityManagerFactory for persistence unit 'default'
2024-05-19T11:41:18.890+02:00  WARN 4876 --- [           main] JpaBaseConfiguration$JpaWebConfiguration : spring.jpa.open-in-view is enabled by default. Therefore, database queries may be performed during view rendering. Explicitly configure spring.jpa.open-in-view to disable this warning
2024-05-19T11:41:19.077+02:00  INFO 4876 --- [           main] o.s.b.t.m.w.SpringBootMockServletContext : Initializing Spring TestDispatcherServlet ''
2024-05-19T11:41:19.077+02:00  INFO 4876 --- [           main] o.s.t.web.servlet.TestDispatcherServlet  : Initializing Servlet ''
2024-05-19T11:41:19.078+02:00  INFO 4876 --- [           main] o.s.t.web.servlet.TestDispatcherServlet  : Completed initialization in 1 ms
2024-05-19T11:41:19.086+02:00  INFO 4876 --- [           main] c.o.d.c.BookControllerIntegrationTest    : Started BookControllerIntegrationTest in 0.665 seconds (process running for 26.832)
2024-05-19T11:41:19.089+02:00  INFO 4876 --- [   scheduling-1] c.o.database3.scheduled.AuthorWatcher    : There are 0 many authors in the database
2024-05-19T11:41:19.093+02:00  INFO 4876 --- [   scheduling-1] c.omar.database3.scheduled.BookWatcher   : There are 0 many books in the database
2024-05-19T11:41:19.093+02:00  INFO 4876 --- [   scheduling-1] c.omar.database3.scheduled.BookWatcher   : Go to the Postman ----------->
2024-05-19T11:41:19.093+02:00  INFO 4876 --- [   scheduling-1] c.omar.database3.scheduled.BookWatcher   : Use: Get, Put, Patch, Delete
2024-05-19T11:41:19.174+02:00  INFO 4876 --- [           main] j.LocalContainerEntityManagerFactoryBean : Closing JPA EntityManagerFactory for persistence unit 'default'
2024-05-19T11:41:19.178+02:00  INFO 4876 --- [           main] com.zaxxer.hikari.HikariDataSource       : HikariPool-16 - Shutdown initiated...
2024-05-19T11:41:19.180+02:00  INFO 4876 --- [           main] com.zaxxer.hikari.HikariDataSource       : HikariPool-16 - Shutdown completed.
]]></system-out>
  </testcase>
  <testcase name="testThatUpdateBookReturnsUpdatedBook" classname="com.omar.database3.controllers.BookControllerIntegrationTest" time="0.068">
    <system-out><![CDATA[  .   ____          _            __ _ _
 /\\ / ___'_ __ _ _(_)_ __  __ _ \ \ \ \
( ( )\___ | '_ | '_| | '_ \/ _` | \ \ \ \
 \\/  ___)| |_)| | | | | || (_| |  ) ) ) )
  '  |____| .__|_| |_|_| |_\__, | / / / /
 =========|_|==============|___/=/_/_/_/

 :: Spring Boot ::             (v3.3.0-M3)

2024-05-19T11:41:19.215+02:00  INFO 4876 --- [           main] c.o.d.c.BookControllerIntegrationTest    : Starting BookControllerIntegrationTest using Java 17.0.8 with PID 4876 (started by omars in D:\RestAPI)
2024-05-19T11:41:19.215+02:00  INFO 4876 --- [           main] c.o.d.c.BookControllerIntegrationTest    : No active profile set, falling back to 1 default profile: "default"
2024-05-19T11:41:19.397+02:00  INFO 4876 --- [           main] .s.d.r.c.RepositoryConfigurationDelegate : Bootstrapping Spring Data JPA repositories in DEFAULT mode.
2024-05-19T11:41:19.405+02:00  INFO 4876 --- [           main] .s.d.r.c.RepositoryConfigurationDelegate : Finished Spring Data repository scanning in 7 ms. Found 2 JPA repository interfaces.
2024-05-19T11:41:19.479+02:00  INFO 4876 --- [           main] com.zaxxer.hikari.HikariDataSource       : HikariPool-17 - Starting...
2024-05-19T11:41:19.480+02:00  INFO 4876 --- [           main] com.zaxxer.hikari.pool.HikariPool        : HikariPool-17 - Added connection conn143: url=jdbc:h2:mem:testdb user=SA
2024-05-19T11:41:19.480+02:00  INFO 4876 --- [           main] com.zaxxer.hikari.HikariDataSource       : HikariPool-17 - Start completed.
2024-05-19T11:41:19.482+02:00  INFO 4876 --- [           main] o.hibernate.jpa.internal.util.LogHelper  : HHH000204: Processing PersistenceUnitInfo [name: default]
2024-05-19T11:41:19.485+02:00  INFO 4876 --- [           main] o.h.c.internal.RegionFactoryInitiator    : HHH000026: Second-level cache disabled
2024-05-19T11:41:19.489+02:00  INFO 4876 --- [           main] o.s.o.j.p.SpringPersistenceUnitInfo      : No LoadTimeWeaver setup: ignoring JPA class transformer
2024-05-19T11:41:19.531+02:00  INFO 4876 --- [           main] o.h.e.t.j.p.i.JtaPlatformInitiator       : HHH000489: No JTA platform available (set 'hibernate.transaction.jta.platform' to enable JTA platform integration)
2024-05-19T11:41:19.536+02:00  INFO 4876 --- [           main] j.LocalContainerEntityManagerFactoryBean : Initialized JPA EntityManagerFactory for persistence unit 'default'
2024-05-19T11:41:19.612+02:00  WARN 4876 --- [           main] JpaBaseConfiguration$JpaWebConfiguration : spring.jpa.open-in-view is enabled by default. Therefore, database queries may be performed during view rendering. Explicitly configure spring.jpa.open-in-view to disable this warning
2024-05-19T11:41:19.757+02:00  INFO 4876 --- [           main] o.s.b.t.m.w.SpringBootMockServletContext : Initializing Spring TestDispatcherServlet ''
2024-05-19T11:41:19.757+02:00  INFO 4876 --- [           main] o.s.t.web.servlet.TestDispatcherServlet  : Initializing Servlet ''
2024-05-19T11:41:19.758+02:00  INFO 4876 --- [           main] o.s.t.web.servlet.TestDispatcherServlet  : Completed initialization in 1 ms
2024-05-19T11:41:19.768+02:00  INFO 4876 --- [           main] c.o.d.c.BookControllerIntegrationTest    : Started BookControllerIntegrationTest in 0.583 seconds (process running for 27.514)
2024-05-19T11:41:19.774+02:00  INFO 4876 --- [   scheduling-1] c.o.database3.scheduled.AuthorWatcher    : There are 0 many authors in the database
2024-05-19T11:41:19.777+02:00  INFO 4876 --- [   scheduling-1] c.omar.database3.scheduled.BookWatcher   : There are 0 many books in the database
2024-05-19T11:41:19.778+02:00  INFO 4876 --- [   scheduling-1] c.omar.database3.scheduled.BookWatcher   : Go to the Postman ----------->
2024-05-19T11:41:19.778+02:00  INFO 4876 --- [   scheduling-1] c.omar.database3.scheduled.BookWatcher   : Use: Get, Put, Patch, Delete
2024-05-19T11:41:19.825+02:00  INFO 4876 --- [           main] j.LocalContainerEntityManagerFactoryBean : Closing JPA EntityManagerFactory for persistence unit 'default'
2024-05-19T11:41:19.827+02:00  INFO 4876 --- [           main] com.zaxxer.hikari.HikariDataSource       : HikariPool-17 - Shutdown initiated...
2024-05-19T11:41:19.839+02:00  INFO 4876 --- [           main] com.zaxxer.hikari.HikariDataSource       : HikariPool-17 - Shutdown completed.
]]></system-out>
  </testcase>
  <testcase name="testThatDeleteBookReturnsStatus204ForNotExistingBook" classname="com.omar.database3.controllers.BookControllerIntegrationTest" time="0.043">
    <system-out><![CDATA[  .   ____          _            __ _ _
 /\\ / ___'_ __ _ _(_)_ __  __ _ \ \ \ \
( ( )\___ | '_ | '_| | '_ \/ _` | \ \ \ \
 \\/  ___)| |_)| | | | | || (_| |  ) ) ) )
  '  |____| .__|_| |_|_| |_\__, | / / / /
 =========|_|==============|___/=/_/_/_/

 :: Spring Boot ::             (v3.3.0-M3)

2024-05-19T11:41:19.864+02:00  INFO 4876 --- [           main] c.o.d.c.BookControllerIntegrationTest    : Starting BookControllerIntegrationTest using Java 17.0.8 with PID 4876 (started by omars in D:\RestAPI)
2024-05-19T11:41:19.864+02:00  INFO 4876 --- [           main] c.o.d.c.BookControllerIntegrationTest    : No active profile set, falling back to 1 default profile: "default"
2024-05-19T11:41:20.024+02:00  INFO 4876 --- [           main] .s.d.r.c.RepositoryConfigurationDelegate : Bootstrapping Spring Data JPA repositories in DEFAULT mode.
2024-05-19T11:41:20.033+02:00  INFO 4876 --- [           main] .s.d.r.c.RepositoryConfigurationDelegate : Finished Spring Data repository scanning in 8 ms. Found 2 JPA repository interfaces.
2024-05-19T11:41:20.085+02:00  INFO 4876 --- [           main] com.zaxxer.hikari.HikariDataSource       : HikariPool-18 - Starting...
2024-05-19T11:41:20.087+02:00  INFO 4876 --- [           main] com.zaxxer.hikari.pool.HikariPool        : HikariPool-18 - Added connection conn152: url=jdbc:h2:mem:testdb user=SA
2024-05-19T11:41:20.087+02:00  INFO 4876 --- [           main] com.zaxxer.hikari.HikariDataSource       : HikariPool-18 - Start completed.
2024-05-19T11:41:20.089+02:00  INFO 4876 --- [           main] o.hibernate.jpa.internal.util.LogHelper  : HHH000204: Processing PersistenceUnitInfo [name: default]
2024-05-19T11:41:20.090+02:00  INFO 4876 --- [           main] o.h.c.internal.RegionFactoryInitiator    : HHH000026: Second-level cache disabled
2024-05-19T11:41:20.092+02:00  INFO 4876 --- [           main] o.s.o.j.p.SpringPersistenceUnitInfo      : No LoadTimeWeaver setup: ignoring JPA class transformer
2024-05-19T11:41:20.138+02:00  INFO 4876 --- [           main] o.h.e.t.j.p.i.JtaPlatformInitiator       : HHH000489: No JTA platform available (set 'hibernate.transaction.jta.platform' to enable JTA platform integration)
2024-05-19T11:41:20.145+02:00  INFO 4876 --- [           main] j.LocalContainerEntityManagerFactoryBean : Initialized JPA EntityManagerFactory for persistence unit 'default'
2024-05-19T11:41:20.225+02:00  WARN 4876 --- [           main] JpaBaseConfiguration$JpaWebConfiguration : spring.jpa.open-in-view is enabled by default. Therefore, database queries may be performed during view rendering. Explicitly configure spring.jpa.open-in-view to disable this warning
2024-05-19T11:41:20.324+02:00  INFO 4876 --- [           main] o.s.b.t.m.w.SpringBootMockServletContext : Initializing Spring TestDispatcherServlet ''
2024-05-19T11:41:20.324+02:00  INFO 4876 --- [           main] o.s.t.web.servlet.TestDispatcherServlet  : Initializing Servlet ''
2024-05-19T11:41:20.325+02:00  INFO 4876 --- [           main] o.s.t.web.servlet.TestDispatcherServlet  : Completed initialization in 1 ms
2024-05-19T11:41:20.331+02:00  INFO 4876 --- [           main] c.o.d.c.BookControllerIntegrationTest    : Started BookControllerIntegrationTest in 0.488 seconds (process running for 28.078)
2024-05-19T11:41:20.336+02:00  INFO 4876 --- [   scheduling-1] c.o.database3.scheduled.AuthorWatcher    : There are 0 many authors in the database
2024-05-19T11:41:20.339+02:00  INFO 4876 --- [   scheduling-1] c.omar.database3.scheduled.BookWatcher   : There are 0 many books in the database
2024-05-19T11:41:20.339+02:00  INFO 4876 --- [   scheduling-1] c.omar.database3.scheduled.BookWatcher   : Go to the Postman ----------->
2024-05-19T11:41:20.339+02:00  INFO 4876 --- [   scheduling-1] c.omar.database3.scheduled.BookWatcher   : Use: Get, Put, Patch, Delete
2024-05-19T11:41:20.347+02:00  INFO 4876 --- [           main] j.LocalContainerEntityManagerFactoryBean : Closing JPA EntityManagerFactory for persistence unit 'default'
2024-05-19T11:41:20.349+02:00  INFO 4876 --- [           main] com.zaxxer.hikari.HikariDataSource       : HikariPool-18 - Shutdown initiated...
2024-05-19T11:41:20.378+02:00  INFO 4876 --- [           main] com.zaxxer.hikari.HikariDataSource       : HikariPool-18 - Shutdown completed.
]]></system-out>
  </testcase>
  <testcase name="testThatCreateBookReturnsHttp201Created" classname="com.omar.database3.controllers.BookControllerIntegrationTest" time="0.044">
    <system-out><![CDATA[  .   ____          _            __ _ _
 /\\ / ___'_ __ _ _(_)_ __  __ _ \ \ \ \
( ( )\___ | '_ | '_| | '_ \/ _` | \ \ \ \
 \\/  ___)| |_)| | | | | || (_| |  ) ) ) )
  '  |____| .__|_| |_|_| |_\__, | / / / /
 =========|_|==============|___/=/_/_/_/

 :: Spring Boot ::             (v3.3.0-M3)

2024-05-19T11:41:20.403+02:00  INFO 4876 --- [           main] c.o.d.c.BookControllerIntegrationTest    : Starting BookControllerIntegrationTest using Java 17.0.8 with PID 4876 (started by omars in D:\RestAPI)
2024-05-19T11:41:20.403+02:00  INFO 4876 --- [           main] c.o.d.c.BookControllerIntegrationTest    : No active profile set, falling back to 1 default profile: "default"
2024-05-19T11:41:20.568+02:00  INFO 4876 --- [           main] .s.d.r.c.RepositoryConfigurationDelegate : Bootstrapping Spring Data JPA repositories in DEFAULT mode.
2024-05-19T11:41:20.578+02:00  INFO 4876 --- [           main] .s.d.r.c.RepositoryConfigurationDelegate : Finished Spring Data repository scanning in 10 ms. Found 2 JPA repository interfaces.
2024-05-19T11:41:20.681+02:00  INFO 4876 --- [           main] com.zaxxer.hikari.HikariDataSource       : HikariPool-19 - Starting...
2024-05-19T11:41:20.683+02:00  INFO 4876 --- [           main] com.zaxxer.hikari.pool.HikariPool        : HikariPool-19 - Added connection conn159: url=jdbc:h2:mem:testdb user=SA
2024-05-19T11:41:20.684+02:00  INFO 4876 --- [           main] com.zaxxer.hikari.HikariDataSource       : HikariPool-19 - Start completed.
2024-05-19T11:41:20.685+02:00  INFO 4876 --- [           main] o.hibernate.jpa.internal.util.LogHelper  : HHH000204: Processing PersistenceUnitInfo [name: default]
2024-05-19T11:41:20.687+02:00  INFO 4876 --- [           main] o.h.c.internal.RegionFactoryInitiator    : HHH000026: Second-level cache disabled
2024-05-19T11:41:20.691+02:00  INFO 4876 --- [           main] o.s.o.j.p.SpringPersistenceUnitInfo      : No LoadTimeWeaver setup: ignoring JPA class transformer
2024-05-19T11:41:20.743+02:00  INFO 4876 --- [           main] o.h.e.t.j.p.i.JtaPlatformInitiator       : HHH000489: No JTA platform available (set 'hibernate.transaction.jta.platform' to enable JTA platform integration)
2024-05-19T11:41:20.750+02:00  INFO 4876 --- [           main] j.LocalContainerEntityManagerFactoryBean : Initialized JPA EntityManagerFactory for persistence unit 'default'
2024-05-19T11:41:20.810+02:00  WARN 4876 --- [           main] JpaBaseConfiguration$JpaWebConfiguration : spring.jpa.open-in-view is enabled by default. Therefore, database queries may be performed during view rendering. Explicitly configure spring.jpa.open-in-view to disable this warning
2024-05-19T11:41:20.922+02:00  INFO 4876 --- [           main] o.s.b.t.m.w.SpringBootMockServletContext : Initializing Spring TestDispatcherServlet ''
2024-05-19T11:41:20.922+02:00  INFO 4876 --- [           main] o.s.t.web.servlet.TestDispatcherServlet  : Initializing Servlet ''
2024-05-19T11:41:20.922+02:00  INFO 4876 --- [           main] o.s.t.web.servlet.TestDispatcherServlet  : Completed initialization in 0 ms
2024-05-19T11:41:20.933+02:00  INFO 4876 --- [           main] c.o.d.c.BookControllerIntegrationTest    : Started BookControllerIntegrationTest in 0.551 seconds (process running for 28.68)
2024-05-19T11:41:20.939+02:00  INFO 4876 --- [   scheduling-1] c.o.database3.scheduled.AuthorWatcher    : There are 0 many authors in the database
2024-05-19T11:41:20.944+02:00  INFO 4876 --- [   scheduling-1] c.omar.database3.scheduled.BookWatcher   : There are 0 many books in the database
2024-05-19T11:41:20.944+02:00  INFO 4876 --- [   scheduling-1] c.omar.database3.scheduled.BookWatcher   : Go to the Postman ----------->
2024-05-19T11:41:20.944+02:00  INFO 4876 --- [   scheduling-1] c.omar.database3.scheduled.BookWatcher   : Use: Get, Put, Patch, Delete
2024-05-19T11:41:20.971+02:00  INFO 4876 --- [           main] j.LocalContainerEntityManagerFactoryBean : Closing JPA EntityManagerFactory for persistence unit 'default'
2024-05-19T11:41:20.972+02:00  INFO 4876 --- [           main] com.zaxxer.hikari.HikariDataSource       : HikariPool-19 - Shutdown initiated...
2024-05-19T11:41:20.981+02:00  INFO 4876 --- [           main] com.zaxxer.hikari.HikariDataSource       : HikariPool-19 - Shutdown completed.
]]></system-out>
  </testcase>
  <testcase name="testThatUpdateBookReturnsHttp200Ok" classname="com.omar.database3.controllers.BookControllerIntegrationTest" time="0.047">
    <system-out><![CDATA[  .   ____          _            __ _ _
 /\\ / ___'_ __ _ _(_)_ __  __ _ \ \ \ \
( ( )\___ | '_ | '_| | '_ \/ _` | \ \ \ \
 \\/  ___)| |_)| | | | | || (_| |  ) ) ) )
  '  |____| .__|_| |_|_| |_\__, | / / / /
 =========|_|==============|___/=/_/_/_/

 :: Spring Boot ::             (v3.3.0-M3)

2024-05-19T11:41:21.003+02:00  INFO 4876 --- [           main] c.o.d.c.BookControllerIntegrationTest    : Starting BookControllerIntegrationTest using Java 17.0.8 with PID 4876 (started by omars in D:\RestAPI)
2024-05-19T11:41:21.003+02:00  INFO 4876 --- [           main] c.o.d.c.BookControllerIntegrationTest    : No active profile set, falling back to 1 default profile: "default"
2024-05-19T11:41:21.183+02:00  INFO 4876 --- [           main] .s.d.r.c.RepositoryConfigurationDelegate : Bootstrapping Spring Data JPA repositories in DEFAULT mode.
2024-05-19T11:41:21.191+02:00  INFO 4876 --- [           main] .s.d.r.c.RepositoryConfigurationDelegate : Finished Spring Data repository scanning in 7 ms. Found 2 JPA repository interfaces.
2024-05-19T11:41:21.248+02:00  INFO 4876 --- [           main] com.zaxxer.hikari.HikariDataSource       : HikariPool-20 - Starting...
2024-05-19T11:41:21.248+02:00  INFO 4876 --- [           main] com.zaxxer.hikari.pool.HikariPool        : HikariPool-20 - Added connection conn166: url=jdbc:h2:mem:testdb user=SA
2024-05-19T11:41:21.249+02:00  INFO 4876 --- [           main] com.zaxxer.hikari.HikariDataSource       : HikariPool-20 - Start completed.
2024-05-19T11:41:21.250+02:00  INFO 4876 --- [           main] o.hibernate.jpa.internal.util.LogHelper  : HHH000204: Processing PersistenceUnitInfo [name: default]
2024-05-19T11:41:21.251+02:00  INFO 4876 --- [           main] o.h.c.internal.RegionFactoryInitiator    : HHH000026: Second-level cache disabled
2024-05-19T11:41:21.255+02:00  INFO 4876 --- [           main] o.s.o.j.p.SpringPersistenceUnitInfo      : No LoadTimeWeaver setup: ignoring JPA class transformer
2024-05-19T11:41:21.304+02:00  INFO 4876 --- [           main] o.h.e.t.j.p.i.JtaPlatformInitiator       : HHH000489: No JTA platform available (set 'hibernate.transaction.jta.platform' to enable JTA platform integration)
2024-05-19T11:41:21.309+02:00  INFO 4876 --- [           main] j.LocalContainerEntityManagerFactoryBean : Initialized JPA EntityManagerFactory for persistence unit 'default'
2024-05-19T11:41:21.385+02:00  WARN 4876 --- [           main] JpaBaseConfiguration$JpaWebConfiguration : spring.jpa.open-in-view is enabled by default. Therefore, database queries may be performed during view rendering. Explicitly configure spring.jpa.open-in-view to disable this warning
2024-05-19T11:41:21.504+02:00  INFO 4876 --- [           main] o.s.b.t.m.w.SpringBootMockServletContext : Initializing Spring TestDispatcherServlet ''
2024-05-19T11:41:21.504+02:00  INFO 4876 --- [           main] o.s.t.web.servlet.TestDispatcherServlet  : Initializing Servlet ''
2024-05-19T11:41:21.505+02:00  INFO 4876 --- [           main] o.s.t.web.servlet.TestDispatcherServlet  : Completed initialization in 1 ms
2024-05-19T11:41:21.519+02:00  INFO 4876 --- [           main] c.o.d.c.BookControllerIntegrationTest    : Started BookControllerIntegrationTest in 0.533 seconds (process running for 29.265)
2024-05-19T11:41:21.525+02:00  INFO 4876 --- [   scheduling-1] c.o.database3.scheduled.AuthorWatcher    : There are 0 many authors in the database
2024-05-19T11:41:21.530+02:00  INFO 4876 --- [   scheduling-1] c.omar.database3.scheduled.BookWatcher   : There are 0 many books in the database
2024-05-19T11:41:21.530+02:00  INFO 4876 --- [   scheduling-1] c.omar.database3.scheduled.BookWatcher   : Go to the Postman ----------->
2024-05-19T11:41:21.531+02:00  INFO 4876 --- [   scheduling-1] c.omar.database3.scheduled.BookWatcher   : Use: Get, Put, Patch, Delete
2024-05-19T11:41:21.564+02:00  INFO 4876 --- [           main] j.LocalContainerEntityManagerFactoryBean : Closing JPA EntityManagerFactory for persistence unit 'default'
2024-05-19T11:41:21.567+02:00  INFO 4876 --- [           main] com.zaxxer.hikari.HikariDataSource       : HikariPool-20 - Shutdown initiated...
2024-05-19T11:41:21.574+02:00  INFO 4876 --- [           main] com.zaxxer.hikari.HikariDataSource       : HikariPool-20 - Shutdown completed.
]]></system-out>
  </testcase>
  <testcase name="testThatDeleteBookReturnsStatus204ForExistingBook" classname="com.omar.database3.controllers.BookControllerIntegrationTest" time="0.039">
    <system-out><![CDATA[  .   ____          _            __ _ _
 /\\ / ___'_ __ _ _(_)_ __  __ _ \ \ \ \
( ( )\___ | '_ | '_| | '_ \/ _` | \ \ \ \
 \\/  ___)| |_)| | | | | || (_| |  ) ) ) )
  '  |____| .__|_| |_|_| |_\__, | / / / /
 =========|_|==============|___/=/_/_/_/

 :: Spring Boot ::             (v3.3.0-M3)

2024-05-19T11:41:21.592+02:00  INFO 4876 --- [           main] c.o.d.c.BookControllerIntegrationTest    : Starting BookControllerIntegrationTest using Java 17.0.8 with PID 4876 (started by omars in D:\RestAPI)
2024-05-19T11:41:21.592+02:00  INFO 4876 --- [           main] c.o.d.c.BookControllerIntegrationTest    : No active profile set, falling back to 1 default profile: "default"
2024-05-19T11:41:21.759+02:00  INFO 4876 --- [           main] .s.d.r.c.RepositoryConfigurationDelegate : Bootstrapping Spring Data JPA repositories in DEFAULT mode.
2024-05-19T11:41:21.772+02:00  INFO 4876 --- [           main] .s.d.r.c.RepositoryConfigurationDelegate : Finished Spring Data repository scanning in 13 ms. Found 2 JPA repository interfaces.
2024-05-19T11:41:21.842+02:00  INFO 4876 --- [           main] com.zaxxer.hikari.HikariDataSource       : HikariPool-21 - Starting...
2024-05-19T11:41:21.843+02:00  INFO 4876 --- [           main] com.zaxxer.hikari.pool.HikariPool        : HikariPool-21 - Added connection conn174: url=jdbc:h2:mem:testdb user=SA
2024-05-19T11:41:21.843+02:00  INFO 4876 --- [           main] com.zaxxer.hikari.HikariDataSource       : HikariPool-21 - Start completed.
2024-05-19T11:41:21.844+02:00  INFO 4876 --- [           main] o.hibernate.jpa.internal.util.LogHelper  : HHH000204: Processing PersistenceUnitInfo [name: default]
2024-05-19T11:41:21.846+02:00  INFO 4876 --- [           main] o.h.c.internal.RegionFactoryInitiator    : HHH000026: Second-level cache disabled
2024-05-19T11:41:21.850+02:00  INFO 4876 --- [           main] o.s.o.j.p.SpringPersistenceUnitInfo      : No LoadTimeWeaver setup: ignoring JPA class transformer
2024-05-19T11:41:21.888+02:00  INFO 4876 --- [           main] o.h.e.t.j.p.i.JtaPlatformInitiator       : HHH000489: No JTA platform available (set 'hibernate.transaction.jta.platform' to enable JTA platform integration)
2024-05-19T11:41:21.898+02:00  INFO 4876 --- [           main] j.LocalContainerEntityManagerFactoryBean : Initialized JPA EntityManagerFactory for persistence unit 'default'
2024-05-19T11:41:21.966+02:00  WARN 4876 --- [           main] JpaBaseConfiguration$JpaWebConfiguration : spring.jpa.open-in-view is enabled by default. Therefore, database queries may be performed during view rendering. Explicitly configure spring.jpa.open-in-view to disable this warning
2024-05-19T11:41:22.055+02:00  INFO 4876 --- [           main] o.s.b.t.m.w.SpringBootMockServletContext : Initializing Spring TestDispatcherServlet ''
2024-05-19T11:41:22.055+02:00  INFO 4876 --- [           main] o.s.t.web.servlet.TestDispatcherServlet  : Initializing Servlet ''
2024-05-19T11:41:22.056+02:00  INFO 4876 --- [           main] o.s.t.web.servlet.TestDispatcherServlet  : Completed initialization in 1 ms
2024-05-19T11:41:22.063+02:00  INFO 4876 --- [           main] c.o.d.c.BookControllerIntegrationTest    : Started BookControllerIntegrationTest in 0.487 seconds (process running for 29.81)
2024-05-19T11:41:22.066+02:00  INFO 4876 --- [   scheduling-1] c.o.database3.scheduled.AuthorWatcher    : There are 0 many authors in the database
2024-05-19T11:41:22.071+02:00  INFO 4876 --- [   scheduling-1] c.omar.database3.scheduled.BookWatcher   : There are 0 many books in the database
2024-05-19T11:41:22.071+02:00  INFO 4876 --- [   scheduling-1] c.omar.database3.scheduled.BookWatcher   : Go to the Postman ----------->
2024-05-19T11:41:22.071+02:00  INFO 4876 --- [   scheduling-1] c.omar.database3.scheduled.BookWatcher   : Use: Get, Put, Patch, Delete
2024-05-19T11:41:22.086+02:00  INFO 4876 --- [           main] j.LocalContainerEntityManagerFactoryBean : Closing JPA EntityManagerFactory for persistence unit 'default'
2024-05-19T11:41:22.087+02:00  INFO 4876 --- [           main] com.zaxxer.hikari.HikariDataSource       : HikariPool-21 - Shutdown initiated...
2024-05-19T11:41:22.104+02:00  INFO 4876 --- [           main] com.zaxxer.hikari.HikariDataSource       : HikariPool-21 - Shutdown completed.
]]></system-out>
  </testcase>
  <testcase name="testThatGetBookReturnsHttp404CreatedWhenBookNotExists" classname="com.omar.database3.controllers.BookControllerIntegrationTest" time="0.051">
    <system-out><![CDATA[  .   ____          _            __ _ _
 /\\ / ___'_ __ _ _(_)_ __  __ _ \ \ \ \
( ( )\___ | '_ | '_| | '_ \/ _` | \ \ \ \
 \\/  ___)| |_)| | | | | || (_| |  ) ) ) )
  '  |____| .__|_| |_|_| |_\__, | / / / /
 =========|_|==============|___/=/_/_/_/

 :: Spring Boot ::             (v3.3.0-M3)

2024-05-19T11:41:22.126+02:00  INFO 4876 --- [           main] c.o.d.c.BookControllerIntegrationTest    : Starting BookControllerIntegrationTest using Java 17.0.8 with PID 4876 (started by omars in D:\RestAPI)
2024-05-19T11:41:22.126+02:00  INFO 4876 --- [           main] c.o.d.c.BookControllerIntegrationTest    : No active profile set, falling back to 1 default profile: "default"
2024-05-19T11:41:22.257+02:00  INFO 4876 --- [           main] .s.d.r.c.RepositoryConfigurationDelegate : Bootstrapping Spring Data JPA repositories in DEFAULT mode.
2024-05-19T11:41:22.264+02:00  INFO 4876 --- [           main] .s.d.r.c.RepositoryConfigurationDelegate : Finished Spring Data repository scanning in 6 ms. Found 2 JPA repository interfaces.
2024-05-19T11:41:22.356+02:00  INFO 4876 --- [           main] com.zaxxer.hikari.HikariDataSource       : HikariPool-22 - Starting...
2024-05-19T11:41:22.358+02:00  INFO 4876 --- [           main] com.zaxxer.hikari.pool.HikariPool        : HikariPool-22 - Added connection conn180: url=jdbc:h2:mem:testdb user=SA
2024-05-19T11:41:22.359+02:00  INFO 4876 --- [           main] com.zaxxer.hikari.HikariDataSource       : HikariPool-22 - Start completed.
2024-05-19T11:41:22.361+02:00  INFO 4876 --- [           main] o.hibernate.jpa.internal.util.LogHelper  : HHH000204: Processing PersistenceUnitInfo [name: default]
2024-05-19T11:41:22.368+02:00  INFO 4876 --- [           main] o.h.c.internal.RegionFactoryInitiator    : HHH000026: Second-level cache disabled
2024-05-19T11:41:22.375+02:00  INFO 4876 --- [           main] o.s.o.j.p.SpringPersistenceUnitInfo      : No LoadTimeWeaver setup: ignoring JPA class transformer
2024-05-19T11:41:22.424+02:00  INFO 4876 --- [           main] o.h.e.t.j.p.i.JtaPlatformInitiator       : HHH000489: No JTA platform available (set 'hibernate.transaction.jta.platform' to enable JTA platform integration)
2024-05-19T11:41:22.429+02:00  INFO 4876 --- [           main] j.LocalContainerEntityManagerFactoryBean : Initialized JPA EntityManagerFactory for persistence unit 'default'
2024-05-19T11:41:22.516+02:00  WARN 4876 --- [           main] JpaBaseConfiguration$JpaWebConfiguration : spring.jpa.open-in-view is enabled by default. Therefore, database queries may be performed during view rendering. Explicitly configure spring.jpa.open-in-view to disable this warning
2024-05-19T11:41:22.651+02:00  INFO 4876 --- [           main] o.s.b.t.m.w.SpringBootMockServletContext : Initializing Spring TestDispatcherServlet ''
2024-05-19T11:41:22.651+02:00  INFO 4876 --- [           main] o.s.t.web.servlet.TestDispatcherServlet  : Initializing Servlet ''
2024-05-19T11:41:22.652+02:00  INFO 4876 --- [           main] o.s.t.web.servlet.TestDispatcherServlet  : Completed initialization in 1 ms
2024-05-19T11:41:22.660+02:00  INFO 4876 --- [           main] c.o.d.c.BookControllerIntegrationTest    : Started BookControllerIntegrationTest in 0.554 seconds (process running for 30.406)
2024-05-19T11:41:22.664+02:00  INFO 4876 --- [   scheduling-1] c.o.database3.scheduled.AuthorWatcher    : There are 0 many authors in the database
2024-05-19T11:41:22.670+02:00  INFO 4876 --- [   scheduling-1] c.omar.database3.scheduled.BookWatcher   : There are 0 many books in the database
2024-05-19T11:41:22.670+02:00  INFO 4876 --- [   scheduling-1] c.omar.database3.scheduled.BookWatcher   : Go to the Postman ----------->
2024-05-19T11:41:22.670+02:00  INFO 4876 --- [   scheduling-1] c.omar.database3.scheduled.BookWatcher   : Use: Get, Put, Patch, Delete
2024-05-19T11:41:22.680+02:00  INFO 4876 --- [           main] j.LocalContainerEntityManagerFactoryBean : Closing JPA EntityManagerFactory for persistence unit 'default'
2024-05-19T11:41:22.683+02:00  INFO 4876 --- [           main] com.zaxxer.hikari.HikariDataSource       : HikariPool-22 - Shutdown initiated...
2024-05-19T11:41:22.714+02:00  INFO 4876 --- [           main] com.zaxxer.hikari.HikariDataSource       : HikariPool-22 - Shutdown completed.
]]></system-out>
  </testcase>
  <testcase name="testThatListBookReturnsBook" classname="com.omar.database3.controllers.BookControllerIntegrationTest" time="0.104">
    <system-out><![CDATA[  .   ____          _            __ _ _
 /\\ / ___'_ __ _ _(_)_ __  __ _ \ \ \ \
( ( )\___ | '_ | '_| | '_ \/ _` | \ \ \ \
 \\/  ___)| |_)| | | | | || (_| |  ) ) ) )
  '  |____| .__|_| |_|_| |_\__, | / / / /
 =========|_|==============|___/=/_/_/_/

 :: Spring Boot ::             (v3.3.0-M3)

2024-05-19T11:41:22.766+02:00  INFO 4876 --- [           main] c.o.d.c.BookControllerIntegrationTest    : Starting BookControllerIntegrationTest using Java 17.0.8 with PID 4876 (started by omars in D:\RestAPI)
2024-05-19T11:41:22.767+02:00  INFO 4876 --- [           main] c.o.d.c.BookControllerIntegrationTest    : No active profile set, falling back to 1 default profile: "default"
2024-05-19T11:41:22.886+02:00  INFO 4876 --- [           main] .s.d.r.c.RepositoryConfigurationDelegate : Bootstrapping Spring Data JPA repositories in DEFAULT mode.
2024-05-19T11:41:22.893+02:00  INFO 4876 --- [           main] .s.d.r.c.RepositoryConfigurationDelegate : Finished Spring Data repository scanning in 7 ms. Found 2 JPA repository interfaces.
2024-05-19T11:41:22.941+02:00  INFO 4876 --- [           main] com.zaxxer.hikari.HikariDataSource       : HikariPool-23 - Starting...
2024-05-19T11:41:22.942+02:00  INFO 4876 --- [           main] com.zaxxer.hikari.pool.HikariPool        : HikariPool-23 - Added connection conn189: url=jdbc:h2:mem:testdb user=SA
2024-05-19T11:41:22.942+02:00  INFO 4876 --- [           main] com.zaxxer.hikari.HikariDataSource       : HikariPool-23 - Start completed.
2024-05-19T11:41:22.943+02:00  INFO 4876 --- [           main] o.hibernate.jpa.internal.util.LogHelper  : HHH000204: Processing PersistenceUnitInfo [name: default]
2024-05-19T11:41:22.947+02:00  INFO 4876 --- [           main] o.h.c.internal.RegionFactoryInitiator    : HHH000026: Second-level cache disabled
2024-05-19T11:41:22.953+02:00  INFO 4876 --- [           main] o.s.o.j.p.SpringPersistenceUnitInfo      : No LoadTimeWeaver setup: ignoring JPA class transformer
2024-05-19T11:41:23.010+02:00  INFO 4876 --- [           main] o.h.e.t.j.p.i.JtaPlatformInitiator       : HHH000489: No JTA platform available (set 'hibernate.transaction.jta.platform' to enable JTA platform integration)
2024-05-19T11:41:23.018+02:00  INFO 4876 --- [           main] j.LocalContainerEntityManagerFactoryBean : Initialized JPA EntityManagerFactory for persistence unit 'default'
2024-05-19T11:41:23.072+02:00  WARN 4876 --- [           main] JpaBaseConfiguration$JpaWebConfiguration : spring.jpa.open-in-view is enabled by default. Therefore, database queries may be performed during view rendering. Explicitly configure spring.jpa.open-in-view to disable this warning
2024-05-19T11:41:23.143+02:00  INFO 4876 --- [           main] o.s.b.t.m.w.SpringBootMockServletContext : Initializing Spring TestDispatcherServlet ''
2024-05-19T11:41:23.143+02:00  INFO 4876 --- [           main] o.s.t.web.servlet.TestDispatcherServlet  : Initializing Servlet ''
2024-05-19T11:41:23.144+02:00  INFO 4876 --- [           main] o.s.t.web.servlet.TestDispatcherServlet  : Completed initialization in 1 ms
2024-05-19T11:41:23.154+02:00  INFO 4876 --- [           main] c.o.d.c.BookControllerIntegrationTest    : Started BookControllerIntegrationTest in 0.435 seconds (process running for 30.9)
2024-05-19T11:41:23.160+02:00  INFO 4876 --- [   scheduling-1] c.o.database3.scheduled.AuthorWatcher    : There are 0 many authors in the database
2024-05-19T11:41:23.163+02:00  INFO 4876 --- [   scheduling-1] c.omar.database3.scheduled.BookWatcher   : There are 0 many books in the database
2024-05-19T11:41:23.163+02:00  INFO 4876 --- [   scheduling-1] c.omar.database3.scheduled.BookWatcher   : Go to the Postman ----------->
2024-05-19T11:41:23.163+02:00  INFO 4876 --- [   scheduling-1] c.omar.database3.scheduled.BookWatcher   : Use: Get, Put, Patch, Delete
2024-05-19T11:41:23.218+02:00  WARN 4876 --- [           main] PageModule$PlainPageSerializationWarning : Serializing PageImpl instances as-is is not supported, meaning that there is no guarantee about the stability of the resulting JSON structure!
	For a stable JSON structure, please use Spring Data's PagedModel (globally via @EnableSpringDataWebSupport(pageSerializationMode = VIA_DTO))
	or Spring HATEOAS and Spring Data's PagedResourcesAssembler as documented in https://docs.spring.io/spring-data/commons/reference/repositories/core-extensions.html#core.web.pageables.

2024-05-19T11:41:23.235+02:00  INFO 4876 --- [           main] j.LocalContainerEntityManagerFactoryBean : Closing JPA EntityManagerFactory for persistence unit 'default'
2024-05-19T11:41:23.236+02:00  INFO 4876 --- [           main] com.zaxxer.hikari.HikariDataSource       : HikariPool-23 - Shutdown initiated...
2024-05-19T11:41:23.263+02:00  INFO 4876 --- [           main] com.zaxxer.hikari.HikariDataSource       : HikariPool-23 - Shutdown completed.
]]></system-out>
  </testcase>
  <testcase name="testThatPartialUpdateBookReturnsUpdatedBook" classname="com.omar.database3.controllers.BookControllerIntegrationTest" time="0.054">
    <system-out><![CDATA[  .   ____          _            __ _ _
 /\\ / ___'_ __ _ _(_)_ __  __ _ \ \ \ \
( ( )\___ | '_ | '_| | '_ \/ _` | \ \ \ \
 \\/  ___)| |_)| | | | | || (_| |  ) ) ) )
  '  |____| .__|_| |_|_| |_\__, | / / / /
 =========|_|==============|___/=/_/_/_/

 :: Spring Boot ::             (v3.3.0-M3)

2024-05-19T11:41:23.291+02:00  INFO 4876 --- [           main] c.o.d.c.BookControllerIntegrationTest    : Starting BookControllerIntegrationTest using Java 17.0.8 with PID 4876 (started by omars in D:\RestAPI)
2024-05-19T11:41:23.291+02:00  INFO 4876 --- [           main] c.o.d.c.BookControllerIntegrationTest    : No active profile set, falling back to 1 default profile: "default"
2024-05-19T11:41:23.436+02:00  INFO 4876 --- [           main] .s.d.r.c.RepositoryConfigurationDelegate : Bootstrapping Spring Data JPA repositories in DEFAULT mode.
2024-05-19T11:41:23.444+02:00  INFO 4876 --- [           main] .s.d.r.c.RepositoryConfigurationDelegate : Finished Spring Data repository scanning in 7 ms. Found 2 JPA repository interfaces.
2024-05-19T11:41:23.525+02:00  INFO 4876 --- [           main] com.zaxxer.hikari.HikariDataSource       : HikariPool-24 - Starting...
2024-05-19T11:41:23.526+02:00  INFO 4876 --- [           main] com.zaxxer.hikari.pool.HikariPool        : HikariPool-24 - Added connection conn197: url=jdbc:h2:mem:testdb user=SA
2024-05-19T11:41:23.526+02:00  INFO 4876 --- [           main] com.zaxxer.hikari.HikariDataSource       : HikariPool-24 - Start completed.
2024-05-19T11:41:23.528+02:00  INFO 4876 --- [           main] o.hibernate.jpa.internal.util.LogHelper  : HHH000204: Processing PersistenceUnitInfo [name: default]
2024-05-19T11:41:23.532+02:00  INFO 4876 --- [           main] o.h.c.internal.RegionFactoryInitiator    : HHH000026: Second-level cache disabled
2024-05-19T11:41:23.537+02:00  INFO 4876 --- [           main] o.s.o.j.p.SpringPersistenceUnitInfo      : No LoadTimeWeaver setup: ignoring JPA class transformer
2024-05-19T11:41:23.577+02:00  INFO 4876 --- [           main] o.h.e.t.j.p.i.JtaPlatformInitiator       : HHH000489: No JTA platform available (set 'hibernate.transaction.jta.platform' to enable JTA platform integration)
2024-05-19T11:41:23.582+02:00  INFO 4876 --- [           main] j.LocalContainerEntityManagerFactoryBean : Initialized JPA EntityManagerFactory for persistence unit 'default'
2024-05-19T11:41:23.643+02:00  WARN 4876 --- [           main] JpaBaseConfiguration$JpaWebConfiguration : spring.jpa.open-in-view is enabled by default. Therefore, database queries may be performed during view rendering. Explicitly configure spring.jpa.open-in-view to disable this warning
2024-05-19T11:41:23.721+02:00  INFO 4876 --- [           main] o.s.b.t.m.w.SpringBootMockServletContext : Initializing Spring TestDispatcherServlet ''
2024-05-19T11:41:23.721+02:00  INFO 4876 --- [           main] o.s.t.web.servlet.TestDispatcherServlet  : Initializing Servlet ''
2024-05-19T11:41:23.722+02:00  INFO 4876 --- [           main] o.s.t.web.servlet.TestDispatcherServlet  : Completed initialization in 1 ms
2024-05-19T11:41:23.729+02:00  INFO 4876 --- [           main] c.o.d.c.BookControllerIntegrationTest    : Started BookControllerIntegrationTest in 0.462 seconds (process running for 31.476)
2024-05-19T11:41:23.734+02:00  INFO 4876 --- [   scheduling-1] c.o.database3.scheduled.AuthorWatcher    : There are 0 many authors in the database
2024-05-19T11:41:23.736+02:00  INFO 4876 --- [   scheduling-1] c.omar.database3.scheduled.BookWatcher   : There are 0 many books in the database
2024-05-19T11:41:23.736+02:00  INFO 4876 --- [   scheduling-1] c.omar.database3.scheduled.BookWatcher   : Go to the Postman ----------->
2024-05-19T11:41:23.736+02:00  INFO 4876 --- [   scheduling-1] c.omar.database3.scheduled.BookWatcher   : Use: Get, Put, Patch, Delete
2024-05-19T11:41:23.770+02:00  INFO 4876 --- [           main] j.LocalContainerEntityManagerFactoryBean : Closing JPA EntityManagerFactory for persistence unit 'default'
2024-05-19T11:41:23.772+02:00  INFO 4876 --- [           main] com.zaxxer.hikari.HikariDataSource       : HikariPool-24 - Shutdown initiated...
2024-05-19T11:41:23.787+02:00  INFO 4876 --- [           main] com.zaxxer.hikari.HikariDataSource       : HikariPool-24 - Shutdown completed.
]]></system-out>
  </testcase>
  <testcase name="testThatGetBookReturnsHttp2000kCreatedWhenBookExists" classname="com.omar.database3.controllers.BookControllerIntegrationTest" time="0.041">
    <system-out><![CDATA[  .   ____          _            __ _ _
 /\\ / ___'_ __ _ _(_)_ __  __ _ \ \ \ \
( ( )\___ | '_ | '_| | '_ \/ _` | \ \ \ \
 \\/  ___)| |_)| | | | | || (_| |  ) ) ) )
  '  |____| .__|_| |_|_| |_\__, | / / / /
 =========|_|==============|___/=/_/_/_/

 :: Spring Boot ::             (v3.3.0-M3)

2024-05-19T11:41:23.803+02:00  INFO 4876 --- [           main] c.o.d.c.BookControllerIntegrationTest    : Starting BookControllerIntegrationTest using Java 17.0.8 with PID 4876 (started by omars in D:\RestAPI)
2024-05-19T11:41:23.803+02:00  INFO 4876 --- [           main] c.o.d.c.BookControllerIntegrationTest    : No active profile set, falling back to 1 default profile: "default"
2024-05-19T11:41:23.941+02:00  INFO 4876 --- [           main] .s.d.r.c.RepositoryConfigurationDelegate : Bootstrapping Spring Data JPA repositories in DEFAULT mode.
2024-05-19T11:41:23.947+02:00  INFO 4876 --- [           main] .s.d.r.c.RepositoryConfigurationDelegate : Finished Spring Data repository scanning in 5 ms. Found 2 JPA repository interfaces.
2024-05-19T11:41:23.996+02:00  INFO 4876 --- [           main] com.zaxxer.hikari.HikariDataSource       : HikariPool-25 - Starting...
2024-05-19T11:41:23.997+02:00  INFO 4876 --- [           main] com.zaxxer.hikari.pool.HikariPool        : HikariPool-25 - Added connection conn203: url=jdbc:h2:mem:testdb user=SA
2024-05-19T11:41:23.997+02:00  INFO 4876 --- [           main] com.zaxxer.hikari.HikariDataSource       : HikariPool-25 - Start completed.
2024-05-19T11:41:23.998+02:00  INFO 4876 --- [           main] o.hibernate.jpa.internal.util.LogHelper  : HHH000204: Processing PersistenceUnitInfo [name: default]
2024-05-19T11:41:24.001+02:00  INFO 4876 --- [           main] o.h.c.internal.RegionFactoryInitiator    : HHH000026: Second-level cache disabled
2024-05-19T11:41:24.003+02:00  INFO 4876 --- [           main] o.s.o.j.p.SpringPersistenceUnitInfo      : No LoadTimeWeaver setup: ignoring JPA class transformer
2024-05-19T11:41:24.055+02:00  INFO 4876 --- [           main] o.h.e.t.j.p.i.JtaPlatformInitiator       : HHH000489: No JTA platform available (set 'hibernate.transaction.jta.platform' to enable JTA platform integration)
2024-05-19T11:41:24.061+02:00  INFO 4876 --- [           main] j.LocalContainerEntityManagerFactoryBean : Initialized JPA EntityManagerFactory for persistence unit 'default'
2024-05-19T11:41:24.124+02:00  WARN 4876 --- [           main] JpaBaseConfiguration$JpaWebConfiguration : spring.jpa.open-in-view is enabled by default. Therefore, database queries may be performed during view rendering. Explicitly configure spring.jpa.open-in-view to disable this warning
2024-05-19T11:41:24.238+02:00  INFO 4876 --- [           main] o.s.b.t.m.w.SpringBootMockServletContext : Initializing Spring TestDispatcherServlet ''
2024-05-19T11:41:24.238+02:00  INFO 4876 --- [           main] o.s.t.web.servlet.TestDispatcherServlet  : Initializing Servlet ''
2024-05-19T11:41:24.239+02:00  INFO 4876 --- [           main] o.s.t.web.servlet.TestDispatcherServlet  : Completed initialization in 1 ms
2024-05-19T11:41:24.245+02:00  INFO 4876 --- [           main] c.o.d.c.BookControllerIntegrationTest    : Started BookControllerIntegrationTest in 0.456 seconds (process running for 31.992)
2024-05-19T11:41:24.249+02:00  INFO 4876 --- [   scheduling-1] c.o.database3.scheduled.AuthorWatcher    : There are 0 many authors in the database
2024-05-19T11:41:24.252+02:00  INFO 4876 --- [   scheduling-1] c.omar.database3.scheduled.BookWatcher   : There are 0 many books in the database
2024-05-19T11:41:24.252+02:00  INFO 4876 --- [   scheduling-1] c.omar.database3.scheduled.BookWatcher   : Go to the Postman ----------->
2024-05-19T11:41:24.252+02:00  INFO 4876 --- [   scheduling-1] c.omar.database3.scheduled.BookWatcher   : Use: Get, Put, Patch, Delete
2024-05-19T11:41:24.267+02:00  INFO 4876 --- [           main] j.LocalContainerEntityManagerFactoryBean : Closing JPA EntityManagerFactory for persistence unit 'default'
2024-05-19T11:41:24.269+02:00  INFO 4876 --- [           main] com.zaxxer.hikari.HikariDataSource       : HikariPool-25 - Shutdown initiated...
2024-05-19T11:41:24.290+02:00  INFO 4876 --- [           main] com.zaxxer.hikari.HikariDataSource       : HikariPool-25 - Shutdown completed.
]]></system-out>
  </testcase>
  <testcase name="testThatCreateBookReturnsCreatedBook" classname="com.omar.database3.controllers.BookControllerIntegrationTest" time="0.051">
    <system-out><![CDATA[  .   ____          _            __ _ _
 /\\ / ___'_ __ _ _(_)_ __  __ _ \ \ \ \
( ( )\___ | '_ | '_| | '_ \/ _` | \ \ \ \
 \\/  ___)| |_)| | | | | || (_| |  ) ) ) )
  '  |____| .__|_| |_|_| |_\__, | / / / /
 =========|_|==============|___/=/_/_/_/

 :: Spring Boot ::             (v3.3.0-M3)

2024-05-19T11:41:24.305+02:00  INFO 4876 --- [           main] c.o.d.c.BookControllerIntegrationTest    : Starting BookControllerIntegrationTest using Java 17.0.8 with PID 4876 (started by omars in D:\RestAPI)
2024-05-19T11:41:24.305+02:00  INFO 4876 --- [           main] c.o.d.c.BookControllerIntegrationTest    : No active profile set, falling back to 1 default profile: "default"
2024-05-19T11:41:24.423+02:00  INFO 4876 --- [           main] .s.d.r.c.RepositoryConfigurationDelegate : Bootstrapping Spring Data JPA repositories in DEFAULT mode.
2024-05-19T11:41:24.436+02:00  INFO 4876 --- [           main] .s.d.r.c.RepositoryConfigurationDelegate : Finished Spring Data repository scanning in 12 ms. Found 2 JPA repository interfaces.
2024-05-19T11:41:24.522+02:00  INFO 4876 --- [           main] com.zaxxer.hikari.HikariDataSource       : HikariPool-26 - Starting...
2024-05-19T11:41:24.523+02:00  INFO 4876 --- [           main] com.zaxxer.hikari.pool.HikariPool        : HikariPool-26 - Added connection conn210: url=jdbc:h2:mem:testdb user=SA
2024-05-19T11:41:24.523+02:00  INFO 4876 --- [           main] com.zaxxer.hikari.HikariDataSource       : HikariPool-26 - Start completed.
2024-05-19T11:41:24.524+02:00  INFO 4876 --- [           main] o.hibernate.jpa.internal.util.LogHelper  : HHH000204: Processing PersistenceUnitInfo [name: default]
2024-05-19T11:41:24.526+02:00  INFO 4876 --- [           main] o.h.c.internal.RegionFactoryInitiator    : HHH000026: Second-level cache disabled
2024-05-19T11:41:24.530+02:00  INFO 4876 --- [           main] o.s.o.j.p.SpringPersistenceUnitInfo      : No LoadTimeWeaver setup: ignoring JPA class transformer
2024-05-19T11:41:24.572+02:00  INFO 4876 --- [           main] o.h.e.t.j.p.i.JtaPlatformInitiator       : HHH000489: No JTA platform available (set 'hibernate.transaction.jta.platform' to enable JTA platform integration)
2024-05-19T11:41:24.578+02:00  INFO 4876 --- [           main] j.LocalContainerEntityManagerFactoryBean : Initialized JPA EntityManagerFactory for persistence unit 'default'
2024-05-19T11:41:24.633+02:00  WARN 4876 --- [           main] JpaBaseConfiguration$JpaWebConfiguration : spring.jpa.open-in-view is enabled by default. Therefore, database queries may be performed during view rendering. Explicitly configure spring.jpa.open-in-view to disable this warning
2024-05-19T11:41:24.723+02:00  INFO 4876 --- [           main] o.s.b.t.m.w.SpringBootMockServletContext : Initializing Spring TestDispatcherServlet ''
2024-05-19T11:41:24.723+02:00  INFO 4876 --- [           main] o.s.t.web.servlet.TestDispatcherServlet  : Initializing Servlet ''
2024-05-19T11:41:24.723+02:00  INFO 4876 --- [           main] o.s.t.web.servlet.TestDispatcherServlet  : Completed initialization in 0 ms
2024-05-19T11:41:24.730+02:00  INFO 4876 --- [           main] c.o.d.c.BookControllerIntegrationTest    : Started BookControllerIntegrationTest in 0.438 seconds (process running for 32.476)
2024-05-19T11:41:24.734+02:00  INFO 4876 --- [   scheduling-1] c.o.database3.scheduled.AuthorWatcher    : There are 0 many authors in the database
2024-05-19T11:41:24.738+02:00  INFO 4876 --- [   scheduling-1] c.omar.database3.scheduled.BookWatcher   : There are 0 many books in the database
2024-05-19T11:41:24.738+02:00  INFO 4876 --- [   scheduling-1] c.omar.database3.scheduled.BookWatcher   : Go to the Postman ----------->
2024-05-19T11:41:24.738+02:00  INFO 4876 --- [   scheduling-1] c.omar.database3.scheduled.BookWatcher   : Use: Get, Put, Patch, Delete
2024-05-19T11:41:24.761+02:00  INFO 4876 --- [           main] j.LocalContainerEntityManagerFactoryBean : Closing JPA EntityManagerFactory for persistence unit 'default'
2024-05-19T11:41:24.762+02:00  INFO 4876 --- [           main] com.zaxxer.hikari.HikariDataSource       : HikariPool-26 - Shutdown initiated...
2024-05-19T11:41:24.782+02:00  INFO 4876 --- [           main] com.zaxxer.hikari.HikariDataSource       : HikariPool-26 - Shutdown completed.
]]></system-out>
  </testcase>
  <testcase name="testThatListBooksReturnsHttp200OkCreated" classname="com.omar.database3.controllers.BookControllerIntegrationTest" time="0.058">
    <system-out><![CDATA[  .   ____          _            __ _ _
 /\\ / ___'_ __ _ _(_)_ __  __ _ \ \ \ \
( ( )\___ | '_ | '_| | '_ \/ _` | \ \ \ \
 \\/  ___)| |_)| | | | | || (_| |  ) ) ) )
  '  |____| .__|_| |_|_| |_\__, | / / / /
 =========|_|==============|___/=/_/_/_/

 :: Spring Boot ::             (v3.3.0-M3)

2024-05-19T11:41:24.801+02:00  INFO 4876 --- [           main] c.o.d.c.BookControllerIntegrationTest    : Starting BookControllerIntegrationTest using Java 17.0.8 with PID 4876 (started by omars in D:\RestAPI)
2024-05-19T11:41:24.801+02:00  INFO 4876 --- [           main] c.o.d.c.BookControllerIntegrationTest    : No active profile set, falling back to 1 default profile: "default"
2024-05-19T11:41:24.938+02:00  INFO 4876 --- [           main] .s.d.r.c.RepositoryConfigurationDelegate : Bootstrapping Spring Data JPA repositories in DEFAULT mode.
2024-05-19T11:41:24.947+02:00  INFO 4876 --- [           main] .s.d.r.c.RepositoryConfigurationDelegate : Finished Spring Data repository scanning in 8 ms. Found 2 JPA repository interfaces.
2024-05-19T11:41:24.993+02:00  INFO 4876 --- [           main] com.zaxxer.hikari.HikariDataSource       : HikariPool-27 - Starting...
2024-05-19T11:41:24.994+02:00  INFO 4876 --- [           main] com.zaxxer.hikari.pool.HikariPool        : HikariPool-27 - Added connection conn216: url=jdbc:h2:mem:testdb user=SA
2024-05-19T11:41:24.994+02:00  INFO 4876 --- [           main] com.zaxxer.hikari.HikariDataSource       : HikariPool-27 - Start completed.
2024-05-19T11:41:24.995+02:00  INFO 4876 --- [           main] o.hibernate.jpa.internal.util.LogHelper  : HHH000204: Processing PersistenceUnitInfo [name: default]
2024-05-19T11:41:24.997+02:00  INFO 4876 --- [           main] o.h.c.internal.RegionFactoryInitiator    : HHH000026: Second-level cache disabled
2024-05-19T11:41:25.000+02:00  INFO 4876 --- [           main] o.s.o.j.p.SpringPersistenceUnitInfo      : No LoadTimeWeaver setup: ignoring JPA class transformer
2024-05-19T11:41:25.049+02:00  INFO 4876 --- [           main] o.h.e.t.j.p.i.JtaPlatformInitiator       : HHH000489: No JTA platform available (set 'hibernate.transaction.jta.platform' to enable JTA platform integration)
2024-05-19T11:41:25.057+02:00  INFO 4876 --- [           main] j.LocalContainerEntityManagerFactoryBean : Initialized JPA EntityManagerFactory for persistence unit 'default'
2024-05-19T11:41:25.125+02:00  WARN 4876 --- [           main] JpaBaseConfiguration$JpaWebConfiguration : spring.jpa.open-in-view is enabled by default. Therefore, database queries may be performed during view rendering. Explicitly configure spring.jpa.open-in-view to disable this warning
2024-05-19T11:41:25.218+02:00  INFO 4876 --- [           main] o.s.b.t.m.w.SpringBootMockServletContext : Initializing Spring TestDispatcherServlet ''
2024-05-19T11:41:25.218+02:00  INFO 4876 --- [           main] o.s.t.web.servlet.TestDispatcherServlet  : Initializing Servlet ''
2024-05-19T11:41:25.220+02:00  INFO 4876 --- [           main] o.s.t.web.servlet.TestDispatcherServlet  : Completed initialization in 2 ms
2024-05-19T11:41:25.236+02:00  INFO 4876 --- [           main] c.o.d.c.BookControllerIntegrationTest    : Started BookControllerIntegrationTest in 0.448 seconds (process running for 32.982)
2024-05-19T11:41:25.240+02:00  INFO 4876 --- [   scheduling-1] c.o.database3.scheduled.AuthorWatcher    : There are 0 many authors in the database
2024-05-19T11:41:25.245+02:00  INFO 4876 --- [   scheduling-1] c.omar.database3.scheduled.BookWatcher   : There are 0 many books in the database
2024-05-19T11:41:25.246+02:00  INFO 4876 --- [   scheduling-1] c.omar.database3.scheduled.BookWatcher   : Go to the Postman ----------->
2024-05-19T11:41:25.246+02:00  INFO 4876 --- [   scheduling-1] c.omar.database3.scheduled.BookWatcher   : Use: Get, Put, Patch, Delete
2024-05-19T11:41:25.255+02:00  WARN 4876 --- [           main] PageModule$PlainPageSerializationWarning : Serializing PageImpl instances as-is is not supported, meaning that there is no guarantee about the stability of the resulting JSON structure!
	For a stable JSON structure, please use Spring Data's PagedModel (globally via @EnableSpringDataWebSupport(pageSerializationMode = VIA_DTO))
	or Spring HATEOAS and Spring Data's PagedResourcesAssembler as documented in https://docs.spring.io/spring-data/commons/reference/repositories/core-extensions.html#core.web.pageables.

2024-05-19T11:41:25.261+02:00  INFO 4876 --- [           main] j.LocalContainerEntityManagerFactoryBean : Closing JPA EntityManagerFactory for persistence unit 'default'
2024-05-19T11:41:25.264+02:00  INFO 4876 --- [           main] com.zaxxer.hikari.HikariDataSource       : HikariPool-27 - Shutdown initiated...
2024-05-19T11:41:25.296+02:00  INFO 4876 --- [           main] com.zaxxer.hikari.HikariDataSource       : HikariPool-27 - Shutdown completed.
]]></system-out>
  </testcase>
  <testcase name="testThatListAuthorsBooksReturnsHttp200OkCreated" classname="com.omar.database3.controllers.BookControllerIntegrationTest" time="0.029">
    <system-out><![CDATA[  .   ____          _            __ _ _
 /\\ / ___'_ __ _ _(_)_ __  __ _ \ \ \ \
( ( )\___ | '_ | '_| | '_ \/ _` | \ \ \ \
 \\/  ___)| |_)| | | | | || (_| |  ) ) ) )
  '  |____| .__|_| |_|_| |_\__, | / / / /
 =========|_|==============|___/=/_/_/_/

 :: Spring Boot ::             (v3.3.0-M3)

2024-05-19T11:41:25.324+02:00  INFO 4876 --- [           main] c.o.d.c.BookControllerIntegrationTest    : Starting BookControllerIntegrationTest using Java 17.0.8 with PID 4876 (started by omars in D:\RestAPI)
2024-05-19T11:41:25.325+02:00  INFO 4876 --- [           main] c.o.d.c.BookControllerIntegrationTest    : No active profile set, falling back to 1 default profile: "default"
2024-05-19T11:41:25.468+02:00  INFO 4876 --- [           main] .s.d.r.c.RepositoryConfigurationDelegate : Bootstrapping Spring Data JPA repositories in DEFAULT mode.
2024-05-19T11:41:25.490+02:00  INFO 4876 --- [           main] .s.d.r.c.RepositoryConfigurationDelegate : Finished Spring Data repository scanning in 20 ms. Found 2 JPA repository interfaces.
2024-05-19T11:41:25.595+02:00  INFO 4876 --- [           main] com.zaxxer.hikari.HikariDataSource       : HikariPool-28 - Starting...
2024-05-19T11:41:25.597+02:00  INFO 4876 --- [           main] com.zaxxer.hikari.pool.HikariPool        : HikariPool-28 - Added connection conn223: url=jdbc:h2:mem:testdb user=SA
2024-05-19T11:41:25.597+02:00  INFO 4876 --- [           main] com.zaxxer.hikari.HikariDataSource       : HikariPool-28 - Start completed.
2024-05-19T11:41:25.599+02:00  INFO 4876 --- [           main] o.hibernate.jpa.internal.util.LogHelper  : HHH000204: Processing PersistenceUnitInfo [name: default]
2024-05-19T11:41:25.602+02:00  INFO 4876 --- [           main] o.h.c.internal.RegionFactoryInitiator    : HHH000026: Second-level cache disabled
2024-05-19T11:41:25.606+02:00  INFO 4876 --- [           main] o.s.o.j.p.SpringPersistenceUnitInfo      : No LoadTimeWeaver setup: ignoring JPA class transformer
2024-05-19T11:41:25.656+02:00  INFO 4876 --- [           main] o.h.e.t.j.p.i.JtaPlatformInitiator       : HHH000489: No JTA platform available (set 'hibernate.transaction.jta.platform' to enable JTA platform integration)
2024-05-19T11:41:25.663+02:00  INFO 4876 --- [           main] j.LocalContainerEntityManagerFactoryBean : Initialized JPA EntityManagerFactory for persistence unit 'default'
2024-05-19T11:41:25.738+02:00  WARN 4876 --- [           main] JpaBaseConfiguration$JpaWebConfiguration : spring.jpa.open-in-view is enabled by default. Therefore, database queries may be performed during view rendering. Explicitly configure spring.jpa.open-in-view to disable this warning
2024-05-19T11:41:25.849+02:00  INFO 4876 --- [           main] o.s.b.t.m.w.SpringBootMockServletContext : Initializing Spring TestDispatcherServlet ''
2024-05-19T11:41:25.849+02:00  INFO 4876 --- [           main] o.s.t.web.servlet.TestDispatcherServlet  : Initializing Servlet ''
2024-05-19T11:41:25.850+02:00  INFO 4876 --- [           main] o.s.t.web.servlet.TestDispatcherServlet  : Completed initialization in 1 ms
2024-05-19T11:41:25.857+02:00  INFO 4876 --- [           main] c.o.d.c.BookControllerIntegrationTest    : Started BookControllerIntegrationTest in 0.556 seconds (process running for 33.604)
2024-05-19T11:41:25.861+02:00  INFO 4876 --- [   scheduling-1] c.o.database3.scheduled.AuthorWatcher    : There are 0 many authors in the database
2024-05-19T11:41:25.864+02:00  INFO 4876 --- [   scheduling-1] c.omar.database3.scheduled.BookWatcher   : There are 0 many books in the database
2024-05-19T11:41:25.864+02:00  INFO 4876 --- [   scheduling-1] c.omar.database3.scheduled.BookWatcher   : Go to the Postman ----------->
2024-05-19T11:41:25.864+02:00  INFO 4876 --- [   scheduling-1] c.omar.database3.scheduled.BookWatcher   : Use: Get, Put, Patch, Delete
2024-05-19T11:41:25.873+02:00  INFO 4876 --- [           main] j.LocalContainerEntityManagerFactoryBean : Closing JPA EntityManagerFactory for persistence unit 'default'
2024-05-19T11:41:25.874+02:00  INFO 4876 --- [           main] com.zaxxer.hikari.HikariDataSource       : HikariPool-28 - Shutdown initiated...
2024-05-19T11:41:25.888+02:00  INFO 4876 --- [           main] com.zaxxer.hikari.HikariDataSource       : HikariPool-28 - Shutdown completed.
]]></system-out>
  </testcase>
  <testcase name="testThatGetPartialUpdateBookReturnsStatus200Ok" classname="com.omar.database3.controllers.BookControllerIntegrationTest" time="0.045">
    <system-out><![CDATA[  .   ____          _            __ _ _
 /\\ / ___'_ __ _ _(_)_ __  __ _ \ \ \ \
( ( )\___ | '_ | '_| | '_ \/ _` | \ \ \ \
 \\/  ___)| |_)| | | | | || (_| |  ) ) ) )
  '  |____| .__|_| |_|_| |_\__, | / / / /
 =========|_|==============|___/=/_/_/_/

 :: Spring Boot ::             (v3.3.0-M3)

2024-05-19T11:41:25.905+02:00  INFO 4876 --- [           main] c.o.d.c.BookControllerIntegrationTest    : Starting BookControllerIntegrationTest using Java 17.0.8 with PID 4876 (started by omars in D:\RestAPI)
2024-05-19T11:41:25.906+02:00  INFO 4876 --- [           main] c.o.d.c.BookControllerIntegrationTest    : No active profile set, falling back to 1 default profile: "default"
2024-05-19T11:41:26.024+02:00  INFO 4876 --- [           main] .s.d.r.c.RepositoryConfigurationDelegate : Bootstrapping Spring Data JPA repositories in DEFAULT mode.
2024-05-19T11:41:26.033+02:00  INFO 4876 --- [           main] .s.d.r.c.RepositoryConfigurationDelegate : Finished Spring Data repository scanning in 9 ms. Found 2 JPA repository interfaces.
2024-05-19T11:41:26.082+02:00  INFO 4876 --- [           main] com.zaxxer.hikari.HikariDataSource       : HikariPool-29 - Starting...
2024-05-19T11:41:26.083+02:00  INFO 4876 --- [           main] com.zaxxer.hikari.pool.HikariPool        : HikariPool-29 - Added connection conn230: url=jdbc:h2:mem:testdb user=SA
2024-05-19T11:41:26.083+02:00  INFO 4876 --- [           main] com.zaxxer.hikari.HikariDataSource       : HikariPool-29 - Start completed.
2024-05-19T11:41:26.085+02:00  INFO 4876 --- [           main] o.hibernate.jpa.internal.util.LogHelper  : HHH000204: Processing PersistenceUnitInfo [name: default]
2024-05-19T11:41:26.087+02:00  INFO 4876 --- [           main] o.h.c.internal.RegionFactoryInitiator    : HHH000026: Second-level cache disabled
2024-05-19T11:41:26.091+02:00  INFO 4876 --- [           main] o.s.o.j.p.SpringPersistenceUnitInfo      : No LoadTimeWeaver setup: ignoring JPA class transformer
2024-05-19T11:41:26.165+02:00  INFO 4876 --- [           main] o.h.e.t.j.p.i.JtaPlatformInitiator       : HHH000489: No JTA platform available (set 'hibernate.transaction.jta.platform' to enable JTA platform integration)
2024-05-19T11:41:26.172+02:00  INFO 4876 --- [           main] j.LocalContainerEntityManagerFactoryBean : Initialized JPA EntityManagerFactory for persistence unit 'default'
2024-05-19T11:41:26.239+02:00  WARN 4876 --- [           main] JpaBaseConfiguration$JpaWebConfiguration : spring.jpa.open-in-view is enabled by default. Therefore, database queries may be performed during view rendering. Explicitly configure spring.jpa.open-in-view to disable this warning
2024-05-19T11:41:26.319+02:00  INFO 4876 --- [           main] o.s.b.t.m.w.SpringBootMockServletContext : Initializing Spring TestDispatcherServlet ''
2024-05-19T11:41:26.319+02:00  INFO 4876 --- [           main] o.s.t.web.servlet.TestDispatcherServlet  : Initializing Servlet ''
2024-05-19T11:41:26.320+02:00  INFO 4876 --- [           main] o.s.t.web.servlet.TestDispatcherServlet  : Completed initialization in 1 ms
2024-05-19T11:41:26.326+02:00  INFO 4876 --- [           main] c.o.d.c.BookControllerIntegrationTest    : Started BookControllerIntegrationTest in 0.435 seconds (process running for 34.073)
2024-05-19T11:41:26.330+02:00  INFO 4876 --- [   scheduling-1] c.o.database3.scheduled.AuthorWatcher    : There are 0 many authors in the database
2024-05-19T11:41:26.334+02:00  INFO 4876 --- [   scheduling-1] c.omar.database3.scheduled.BookWatcher   : There are 0 many books in the database
2024-05-19T11:41:26.334+02:00  INFO 4876 --- [   scheduling-1] c.omar.database3.scheduled.BookWatcher   : Go to the Postman ----------->
2024-05-19T11:41:26.334+02:00  INFO 4876 --- [   scheduling-1] c.omar.database3.scheduled.BookWatcher   : Use: Get, Put, Patch, Delete
2024-05-19T11:41:26.357+02:00  INFO 4876 --- [           main] j.LocalContainerEntityManagerFactoryBean : Closing JPA EntityManagerFactory for persistence unit 'default'
2024-05-19T11:41:26.359+02:00  INFO 4876 --- [           main] com.zaxxer.hikari.HikariDataSource       : HikariPool-29 - Shutdown initiated...
2024-05-19T11:41:26.373+02:00  INFO 4876 --- [           main] com.zaxxer.hikari.HikariDataSource       : HikariPool-29 - Shutdown completed.
]]></system-out>
  </testcase>
</testsuite>