<?xml version="1.0" encoding="UTF-8"?>
<testsuite xmlns:xsi="http://www.w3.org/2001/XMLSchema-instance" xsi:noNamespaceSchemaLocation="https://maven.apache.org/surefire/maven-surefire-plugin/xsd/surefire-test-report-3.0.xsd" version="3.0" name="com.omar.database3.controllers.BookControllerIntegrationTest" time="7.629" tests="15" errors="0" skipped="0" failures="0">
  <properties>
[...]
</properties>
  <testcase name="testThatGetBookReturnsBookWhenBookExists" classname="com.omar.database3.controllers.BookControllerIntegrationTest" time="0.051">
    <system-out><![CDATA[2024-05-22T14:06:49.343+02:00  INFO 18904 --- [           main] t.c.s.AnnotationConfigContextLoaderUtils : Could not detect default configuration classes for test class [com.omar.database3.controllers.BookControllerIntegrationTest]: BookControllerIntegrationTest does not declare any static, non-private, non-final, nested classes annotated with @Configuration.
2024-05-22T14:06:49.349+02:00  INFO 18904 --- [           main] .b.t.c.SpringBootTestContextBootstrapper : Found @SpringBootConfiguration com.omar.database3.BooksApiApplication for test class com.omar.database3.controllers.BookControllerIntegrationTest
  .   ____          _            __ _ _
 /\\ / ___'_ __ _ _(_)_ __  __ _ \ \ \ \
( ( )\___ | '_ | '_| | '_ \/ _` | \ \ \ \
 \\/  ___)| |_)| | | | | || (_| |  ) ) ) )
  '  |____| .__|_| |_|_| |_\__, | / / / /
 =========|_|==============|___/=/_/_/_/

 :: Spring Boot ::             (v3.3.0-M3)

2024-05-22T14:06:49.395+02:00  INFO 18904 --- [           main] c.o.d.c.BookControllerIntegrationTest    : Starting BookControllerIntegrationTest using Java 17.0.8 with PID 18904 (started by omars in D:\RestAPI)
2024-05-22T14:06:49.396+02:00  INFO 18904 --- [           main] c.o.d.c.BookControllerIntegrationTest    : No active profile set, falling back to 1 default profile: "default"
2024-05-22T14:06:49.583+02:00  INFO 18904 --- [           main] .s.d.r.c.RepositoryConfigurationDelegate : Bootstrapping Spring Data JPA repositories in DEFAULT mode.
2024-05-22T14:06:49.596+02:00  INFO 18904 --- [           main] .s.d.r.c.RepositoryConfigurationDelegate : Finished Spring Data repository scanning in 12 ms. Found 2 JPA repository interfaces.
2024-05-22T14:06:49.728+02:00  INFO 18904 --- [           main] com.zaxxer.hikari.HikariDataSource       : HikariPool-15 - Starting...
2024-05-22T14:06:49.729+02:00  INFO 18904 --- [           main] com.zaxxer.hikari.pool.HikariPool        : HikariPool-15 - Added connection conn115: url=jdbc:h2:mem:testdb user=SA
2024-05-22T14:06:49.730+02:00  INFO 18904 --- [           main] com.zaxxer.hikari.HikariDataSource       : HikariPool-15 - Start completed.
2024-05-22T14:06:49.732+02:00  INFO 18904 --- [           main] o.hibernate.jpa.internal.util.LogHelper  : HHH000204: Processing PersistenceUnitInfo [name: default]
2024-05-22T14:06:49.736+02:00  INFO 18904 --- [           main] o.h.c.internal.RegionFactoryInitiator    : HHH000026: Second-level cache disabled
2024-05-22T14:06:49.742+02:00  INFO 18904 --- [           main] o.s.o.j.p.SpringPersistenceUnitInfo      : No LoadTimeWeaver setup: ignoring JPA class transformer
2024-05-22T14:06:49.797+02:00  INFO 18904 --- [           main] o.h.e.t.j.p.i.JtaPlatformInitiator       : HHH000489: No JTA platform available (set 'hibernate.transaction.jta.platform' to enable JTA platform integration)
2024-05-22T14:06:49.805+02:00  INFO 18904 --- [           main] j.LocalContainerEntityManagerFactoryBean : Initialized JPA EntityManagerFactory for persistence unit 'default'
2024-05-22T14:06:49.898+02:00  WARN 18904 --- [           main] JpaBaseConfiguration$JpaWebConfiguration : spring.jpa.open-in-view is enabled by default. Therefore, database queries may be performed during view rendering. Explicitly configure spring.jpa.open-in-view to disable this warning
2024-05-22T14:06:49.997+02:00  INFO 18904 --- [           main] o.s.b.t.m.w.SpringBootMockServletContext : Initializing Spring TestDispatcherServlet ''
2024-05-22T14:06:49.997+02:00  INFO 18904 --- [           main] o.s.t.web.servlet.TestDispatcherServlet  : Initializing Servlet ''
2024-05-22T14:06:49.998+02:00  INFO 18904 --- [           main] o.s.t.web.servlet.TestDispatcherServlet  : Completed initialization in 1 ms
2024-05-22T14:06:50.004+02:00  INFO 18904 --- [           main] c.o.d.c.BookControllerIntegrationTest    : Started BookControllerIntegrationTest in 0.649 seconds (process running for 20.881)
2024-05-22T14:06:50.009+02:00  INFO 18904 --- [   scheduling-1] c.o.database3.scheduled.AuthorWatcher    : There are 0 many authors in the database
2024-05-22T14:06:50.012+02:00  INFO 18904 --- [   scheduling-1] c.omar.database3.scheduled.BookWatcher   : There are 0 many books in the database
2024-05-22T14:06:50.012+02:00  INFO 18904 --- [   scheduling-1] c.omar.database3.scheduled.BookWatcher   : Go to the Postman ----------->
2024-05-22T14:06:50.012+02:00  INFO 18904 --- [   scheduling-1] c.omar.database3.scheduled.BookWatcher   : Use: Get, Put, Patch, Delete
2024-05-22T14:06:50.040+02:00  INFO 18904 --- [           main] j.LocalContainerEntityManagerFactoryBean : Closing JPA EntityManagerFactory for persistence unit 'default'
2024-05-22T14:06:50.041+02:00  INFO 18904 --- [           main] com.zaxxer.hikari.HikariDataSource       : HikariPool-15 - Shutdown initiated...
2024-05-22T14:06:50.057+02:00  INFO 18904 --- [           main] com.zaxxer.hikari.HikariDataSource       : HikariPool-15 - Shutdown completed.
]]></system-out>
  </testcase>
  <testcase name="testThatListAuthorsBooksReturnsBooksList" classname="com.omar.database3.controllers.BookControllerIntegrationTest" time="0.123">
    <system-out><![CDATA[  .   ____          _            __ _ _
 /\\ / ___'_ __ _ _(_)_ __  __ _ \ \ \ \
( ( )\___ | '_ | '_| | '_ \/ _` | \ \ \ \
 \\/  ___)| |_)| | | | | || (_| |  ) ) ) )
  '  |____| .__|_| |_|_| |_\__, | / / / /
 =========|_|==============|___/=/_/_/_/

 :: Spring Boot ::             (v3.3.0-M3)

2024-05-22T14:06:50.096+02:00  INFO 18904 --- [           main] c.o.d.c.BookControllerIntegrationTest    : Starting BookControllerIntegrationTest using Java 17.0.8 with PID 18904 (started by omars in D:\RestAPI)
2024-05-22T14:06:50.097+02:00  INFO 18904 --- [           main] c.o.d.c.BookControllerIntegrationTest    : No active profile set, falling back to 1 default profile: "default"
2024-05-22T14:06:50.221+02:00  INFO 18904 --- [           main] .s.d.r.c.RepositoryConfigurationDelegate : Bootstrapping Spring Data JPA repositories in DEFAULT mode.
2024-05-22T14:06:50.229+02:00  INFO 18904 --- [           main] .s.d.r.c.RepositoryConfigurationDelegate : Finished Spring Data repository scanning in 7 ms. Found 2 JPA repository interfaces.
2024-05-22T14:06:50.324+02:00  INFO 18904 --- [           main] com.zaxxer.hikari.HikariDataSource       : HikariPool-16 - Starting...
2024-05-22T14:06:50.325+02:00  INFO 18904 --- [           main] com.zaxxer.hikari.pool.HikariPool        : HikariPool-16 - Added connection conn123: url=jdbc:h2:mem:testdb user=SA
2024-05-22T14:06:50.326+02:00  INFO 18904 --- [           main] com.zaxxer.hikari.HikariDataSource       : HikariPool-16 - Start completed.
2024-05-22T14:06:50.329+02:00  INFO 18904 --- [           main] o.hibernate.jpa.internal.util.LogHelper  : HHH000204: Processing PersistenceUnitInfo [name: default]
2024-05-22T14:06:50.333+02:00  INFO 18904 --- [           main] o.h.c.internal.RegionFactoryInitiator    : HHH000026: Second-level cache disabled
2024-05-22T14:06:50.339+02:00  INFO 18904 --- [           main] o.s.o.j.p.SpringPersistenceUnitInfo      : No LoadTimeWeaver setup: ignoring JPA class transformer
2024-05-22T14:06:50.391+02:00  INFO 18904 --- [           main] o.h.e.t.j.p.i.JtaPlatformInitiator       : HHH000489: No JTA platform available (set 'hibernate.transaction.jta.platform' to enable JTA platform integration)
2024-05-22T14:06:50.396+02:00  INFO 18904 --- [           main] j.LocalContainerEntityManagerFactoryBean : Initialized JPA EntityManagerFactory for persistence unit 'default'
2024-05-22T14:06:50.483+02:00  WARN 18904 --- [           main] JpaBaseConfiguration$JpaWebConfiguration : spring.jpa.open-in-view is enabled by default. Therefore, database queries may be performed during view rendering. Explicitly configure spring.jpa.open-in-view to disable this warning
2024-05-22T14:06:50.651+02:00  INFO 18904 --- [           main] o.s.b.t.m.w.SpringBootMockServletContext : Initializing Spring TestDispatcherServlet ''
2024-05-22T14:06:50.651+02:00  INFO 18904 --- [           main] o.s.t.web.servlet.TestDispatcherServlet  : Initializing Servlet ''
2024-05-22T14:06:50.652+02:00  INFO 18904 --- [           main] o.s.t.web.servlet.TestDispatcherServlet  : Completed initialization in 1 ms
2024-05-22T14:06:50.658+02:00  INFO 18904 --- [           main] c.o.d.c.BookControllerIntegrationTest    : Started BookControllerIntegrationTest in 0.594 seconds (process running for 21.535)
2024-05-22T14:06:50.663+02:00  INFO 18904 --- [   scheduling-1] c.o.database3.scheduled.AuthorWatcher    : There are 0 many authors in the database
2024-05-22T14:06:50.667+02:00  INFO 18904 --- [   scheduling-1] c.omar.database3.scheduled.BookWatcher   : There are 0 many books in the database
2024-05-22T14:06:50.667+02:00  INFO 18904 --- [   scheduling-1] c.omar.database3.scheduled.BookWatcher   : Go to the Postman ----------->
2024-05-22T14:06:50.667+02:00  INFO 18904 --- [   scheduling-1] c.omar.database3.scheduled.BookWatcher   : Use: Get, Put, Patch, Delete
2024-05-22T14:06:50.759+02:00  WARN 18904 --- [           main] PageModule$PlainPageSerializationWarning : Serializing PageImpl instances as-is is not supported, meaning that there is no guarantee about the stability of the resulting JSON structure!
	For a stable JSON structure, please use Spring Data's PagedModel (globally via @EnableSpringDataWebSupport(pageSerializationMode = VIA_DTO))
	or Spring HATEOAS and Spring Data's PagedResourcesAssembler as documented in https://docs.spring.io/spring-data/commons/reference/repositories/core-extensions.html#core.web.pageables.

2024-05-22T14:06:50.777+02:00  INFO 18904 --- [           main] j.LocalContainerEntityManagerFactoryBean : Closing JPA EntityManagerFactory for persistence unit 'default'
2024-05-22T14:06:50.782+02:00  INFO 18904 --- [           main] com.zaxxer.hikari.HikariDataSource       : HikariPool-16 - Shutdown initiated...
2024-05-22T14:06:50.783+02:00  INFO 18904 --- [           main] com.zaxxer.hikari.HikariDataSource       : HikariPool-16 - Shutdown completed.
]]></system-out>
  </testcase>
  <testcase name="testThatUpdateBookReturnsUpdatedBook" classname="com.omar.database3.controllers.BookControllerIntegrationTest" time="0.067">
    <system-out><![CDATA[  .   ____          _            __ _ _
 /\\ / ___'_ __ _ _(_)_ __  __ _ \ \ \ \
( ( )\___ | '_ | '_| | '_ \/ _` | \ \ \ \
 \\/  ___)| |_)| | | | | || (_| |  ) ) ) )
  '  |____| .__|_| |_|_| |_\__, | / / / /
 =========|_|==============|___/=/_/_/_/

 :: Spring Boot ::             (v3.3.0-M3)

2024-05-22T14:06:50.804+02:00  INFO 18904 --- [           main] c.o.d.c.BookControllerIntegrationTest    : Starting BookControllerIntegrationTest using Java 17.0.8 with PID 18904 (started by omars in D:\RestAPI)
2024-05-22T14:06:50.804+02:00  INFO 18904 --- [           main] c.o.d.c.BookControllerIntegrationTest    : No active profile set, falling back to 1 default profile: "default"
2024-05-22T14:06:50.899+02:00  INFO 18904 --- [           main] .s.d.r.c.RepositoryConfigurationDelegate : Bootstrapping Spring Data JPA repositories in DEFAULT mode.
2024-05-22T14:06:50.908+02:00  INFO 18904 --- [           main] .s.d.r.c.RepositoryConfigurationDelegate : Finished Spring Data repository scanning in 8 ms. Found 2 JPA repository interfaces.
2024-05-22T14:06:50.973+02:00  INFO 18904 --- [           main] com.zaxxer.hikari.HikariDataSource       : HikariPool-17 - Starting...
2024-05-22T14:06:50.974+02:00  INFO 18904 --- [           main] com.zaxxer.hikari.pool.HikariPool        : HikariPool-17 - Added connection conn133: url=jdbc:h2:mem:testdb user=SA
2024-05-22T14:06:50.974+02:00  INFO 18904 --- [           main] com.zaxxer.hikari.HikariDataSource       : HikariPool-17 - Start completed.
2024-05-22T14:06:50.976+02:00  INFO 18904 --- [           main] o.hibernate.jpa.internal.util.LogHelper  : HHH000204: Processing PersistenceUnitInfo [name: default]
2024-05-22T14:06:50.979+02:00  INFO 18904 --- [           main] o.h.c.internal.RegionFactoryInitiator    : HHH000026: Second-level cache disabled
2024-05-22T14:06:50.990+02:00  INFO 18904 --- [           main] o.s.o.j.p.SpringPersistenceUnitInfo      : No LoadTimeWeaver setup: ignoring JPA class transformer
2024-05-22T14:06:51.055+02:00  INFO 18904 --- [           main] o.h.e.t.j.p.i.JtaPlatformInitiator       : HHH000489: No JTA platform available (set 'hibernate.transaction.jta.platform' to enable JTA platform integration)
2024-05-22T14:06:51.061+02:00  INFO 18904 --- [           main] j.LocalContainerEntityManagerFactoryBean : Initialized JPA EntityManagerFactory for persistence unit 'default'
2024-05-22T14:06:51.111+02:00  WARN 18904 --- [           main] JpaBaseConfiguration$JpaWebConfiguration : spring.jpa.open-in-view is enabled by default. Therefore, database queries may be performed during view rendering. Explicitly configure spring.jpa.open-in-view to disable this warning
2024-05-22T14:06:51.213+02:00  INFO 18904 --- [           main] o.s.b.t.m.w.SpringBootMockServletContext : Initializing Spring TestDispatcherServlet ''
2024-05-22T14:06:51.214+02:00  INFO 18904 --- [           main] o.s.t.web.servlet.TestDispatcherServlet  : Initializing Servlet ''
2024-05-22T14:06:51.215+02:00  INFO 18904 --- [           main] o.s.t.web.servlet.TestDispatcherServlet  : Completed initialization in 1 ms
2024-05-22T14:06:51.225+02:00  INFO 18904 --- [           main] c.o.d.c.BookControllerIntegrationTest    : Started BookControllerIntegrationTest in 0.438 seconds (process running for 22.101)
2024-05-22T14:06:51.231+02:00  INFO 18904 --- [   scheduling-1] c.o.database3.scheduled.AuthorWatcher    : There are 0 many authors in the database
2024-05-22T14:06:51.235+02:00  INFO 18904 --- [   scheduling-1] c.omar.database3.scheduled.BookWatcher   : There are 0 many books in the database
2024-05-22T14:06:51.236+02:00  INFO 18904 --- [   scheduling-1] c.omar.database3.scheduled.BookWatcher   : Go to the Postman ----------->
2024-05-22T14:06:51.236+02:00  INFO 18904 --- [   scheduling-1] c.omar.database3.scheduled.BookWatcher   : Use: Get, Put, Patch, Delete
2024-05-22T14:06:51.266+02:00  INFO 18904 --- [           main] j.LocalContainerEntityManagerFactoryBean : Closing JPA EntityManagerFactory for persistence unit 'default'
2024-05-22T14:06:51.268+02:00  INFO 18904 --- [           main] com.zaxxer.hikari.HikariDataSource       : HikariPool-17 - Shutdown initiated...
2024-05-22T14:06:51.297+02:00  INFO 18904 --- [           main] com.zaxxer.hikari.HikariDataSource       : HikariPool-17 - Shutdown completed.
]]></system-out>
  </testcase>
  <testcase name="testThatDeleteBookReturnsStatus204ForNotExistingBook" classname="com.omar.database3.controllers.BookControllerIntegrationTest" time="0.046">
    <system-out><![CDATA[  .   ____          _            __ _ _
 /\\ / ___'_ __ _ _(_)_ __  __ _ \ \ \ \
( ( )\___ | '_ | '_| | '_ \/ _` | \ \ \ \
 \\/  ___)| |_)| | | | | || (_| |  ) ) ) )
  '  |____| .__|_| |_|_| |_\__, | / / / /
 =========|_|==============|___/=/_/_/_/

 :: Spring Boot ::             (v3.3.0-M3)

2024-05-22T14:06:51.311+02:00  INFO 18904 --- [           main] c.o.d.c.BookControllerIntegrationTest    : Starting BookControllerIntegrationTest using Java 17.0.8 with PID 18904 (started by omars in D:\RestAPI)
2024-05-22T14:06:51.311+02:00  INFO 18904 --- [           main] c.o.d.c.BookControllerIntegrationTest    : No active profile set, falling back to 1 default profile: "default"
2024-05-22T14:06:51.474+02:00  INFO 18904 --- [           main] .s.d.r.c.RepositoryConfigurationDelegate : Bootstrapping Spring Data JPA repositories in DEFAULT mode.
2024-05-22T14:06:51.482+02:00  INFO 18904 --- [           main] .s.d.r.c.RepositoryConfigurationDelegate : Finished Spring Data repository scanning in 8 ms. Found 2 JPA repository interfaces.
2024-05-22T14:06:51.541+02:00  INFO 18904 --- [           main] com.zaxxer.hikari.HikariDataSource       : HikariPool-18 - Starting...
2024-05-22T14:06:51.542+02:00  INFO 18904 --- [           main] com.zaxxer.hikari.pool.HikariPool        : HikariPool-18 - Added connection conn141: url=jdbc:h2:mem:testdb user=SA
2024-05-22T14:06:51.542+02:00  INFO 18904 --- [           main] com.zaxxer.hikari.HikariDataSource       : HikariPool-18 - Start completed.
2024-05-22T14:06:51.543+02:00  INFO 18904 --- [           main] o.hibernate.jpa.internal.util.LogHelper  : HHH000204: Processing PersistenceUnitInfo [name: default]
2024-05-22T14:06:51.545+02:00  INFO 18904 --- [           main] o.h.c.internal.RegionFactoryInitiator    : HHH000026: Second-level cache disabled
2024-05-22T14:06:51.551+02:00  INFO 18904 --- [           main] o.s.o.j.p.SpringPersistenceUnitInfo      : No LoadTimeWeaver setup: ignoring JPA class transformer
2024-05-22T14:06:51.617+02:00  INFO 18904 --- [           main] o.h.e.t.j.p.i.JtaPlatformInitiator       : HHH000489: No JTA platform available (set 'hibernate.transaction.jta.platform' to enable JTA platform integration)
2024-05-22T14:06:51.624+02:00  INFO 18904 --- [           main] j.LocalContainerEntityManagerFactoryBean : Initialized JPA EntityManagerFactory for persistence unit 'default'
2024-05-22T14:06:51.698+02:00  WARN 18904 --- [           main] JpaBaseConfiguration$JpaWebConfiguration : spring.jpa.open-in-view is enabled by default. Therefore, database queries may be performed during view rendering. Explicitly configure spring.jpa.open-in-view to disable this warning
2024-05-22T14:06:51.774+02:00  INFO 18904 --- [           main] o.s.b.t.m.w.SpringBootMockServletContext : Initializing Spring TestDispatcherServlet ''
2024-05-22T14:06:51.774+02:00  INFO 18904 --- [           main] o.s.t.web.servlet.TestDispatcherServlet  : Initializing Servlet ''
2024-05-22T14:06:51.774+02:00  INFO 18904 --- [           main] o.s.t.web.servlet.TestDispatcherServlet  : Completed initialization in 0 ms
2024-05-22T14:06:51.784+02:00  INFO 18904 --- [           main] c.o.d.c.BookControllerIntegrationTest    : Started BookControllerIntegrationTest in 0.484 seconds (process running for 22.66)
2024-05-22T14:06:51.789+02:00  INFO 18904 --- [   scheduling-1] c.o.database3.scheduled.AuthorWatcher    : There are 0 many authors in the database
2024-05-22T14:06:51.792+02:00  INFO 18904 --- [   scheduling-1] c.omar.database3.scheduled.BookWatcher   : There are 0 many books in the database
2024-05-22T14:06:51.793+02:00  INFO 18904 --- [   scheduling-1] c.omar.database3.scheduled.BookWatcher   : Go to the Postman ----------->
2024-05-22T14:06:51.793+02:00  INFO 18904 --- [   scheduling-1] c.omar.database3.scheduled.BookWatcher   : Use: Get, Put, Patch, Delete
2024-05-22T14:06:51.805+02:00  INFO 18904 --- [           main] j.LocalContainerEntityManagerFactoryBean : Closing JPA EntityManagerFactory for persistence unit 'default'
2024-05-22T14:06:51.807+02:00  INFO 18904 --- [           main] com.zaxxer.hikari.HikariDataSource       : HikariPool-18 - Shutdown initiated...
2024-05-22T14:06:51.834+02:00  INFO 18904 --- [           main] com.zaxxer.hikari.HikariDataSource       : HikariPool-18 - Shutdown completed.
]]></system-out>
  </testcase>
  <testcase name="testThatCreateBookReturnsHttp201Created" classname="com.omar.database3.controllers.BookControllerIntegrationTest" time="0.035">
    <system-out><![CDATA[  .   ____          _            __ _ _
 /\\ / ___'_ __ _ _(_)_ __  __ _ \ \ \ \
( ( )\___ | '_ | '_| | '_ \/ _` | \ \ \ \
 \\/  ___)| |_)| | | | | || (_| |  ) ) ) )
  '  |____| .__|_| |_|_| |_\__, | / / / /
 =========|_|==============|___/=/_/_/_/

 :: Spring Boot ::             (v3.3.0-M3)

2024-05-22T14:06:51.856+02:00  INFO 18904 --- [           main] c.o.d.c.BookControllerIntegrationTest    : Starting BookControllerIntegrationTest using Java 17.0.8 with PID 18904 (started by omars in D:\RestAPI)
2024-05-22T14:06:51.856+02:00  INFO 18904 --- [           main] c.o.d.c.BookControllerIntegrationTest    : No active profile set, falling back to 1 default profile: "default"
2024-05-22T14:06:51.962+02:00  INFO 18904 --- [           main] .s.d.r.c.RepositoryConfigurationDelegate : Bootstrapping Spring Data JPA repositories in DEFAULT mode.
2024-05-22T14:06:51.973+02:00  INFO 18904 --- [           main] .s.d.r.c.RepositoryConfigurationDelegate : Finished Spring Data repository scanning in 10 ms. Found 2 JPA repository interfaces.
2024-05-22T14:06:52.069+02:00  INFO 18904 --- [           main] com.zaxxer.hikari.HikariDataSource       : HikariPool-19 - Starting...
2024-05-22T14:06:52.071+02:00  INFO 18904 --- [           main] com.zaxxer.hikari.pool.HikariPool        : HikariPool-19 - Added connection conn148: url=jdbc:h2:mem:testdb user=SA
2024-05-22T14:06:52.072+02:00  INFO 18904 --- [           main] com.zaxxer.hikari.HikariDataSource       : HikariPool-19 - Start completed.
2024-05-22T14:06:52.074+02:00  INFO 18904 --- [           main] o.hibernate.jpa.internal.util.LogHelper  : HHH000204: Processing PersistenceUnitInfo [name: default]
2024-05-22T14:06:52.076+02:00  INFO 18904 --- [           main] o.h.c.internal.RegionFactoryInitiator    : HHH000026: Second-level cache disabled
2024-05-22T14:06:52.081+02:00  INFO 18904 --- [           main] o.s.o.j.p.SpringPersistenceUnitInfo      : No LoadTimeWeaver setup: ignoring JPA class transformer
2024-05-22T14:06:52.124+02:00  INFO 18904 --- [           main] o.h.e.t.j.p.i.JtaPlatformInitiator       : HHH000489: No JTA platform available (set 'hibernate.transaction.jta.platform' to enable JTA platform integration)
2024-05-22T14:06:52.128+02:00  INFO 18904 --- [           main] j.LocalContainerEntityManagerFactoryBean : Initialized JPA EntityManagerFactory for persistence unit 'default'
2024-05-22T14:06:52.177+02:00  WARN 18904 --- [           main] JpaBaseConfiguration$JpaWebConfiguration : spring.jpa.open-in-view is enabled by default. Therefore, database queries may be performed during view rendering. Explicitly configure spring.jpa.open-in-view to disable this warning
2024-05-22T14:06:52.254+02:00  INFO 18904 --- [           main] o.s.b.t.m.w.SpringBootMockServletContext : Initializing Spring TestDispatcherServlet ''
2024-05-22T14:06:52.254+02:00  INFO 18904 --- [           main] o.s.t.web.servlet.TestDispatcherServlet  : Initializing Servlet ''
2024-05-22T14:06:52.255+02:00  INFO 18904 --- [           main] o.s.t.web.servlet.TestDispatcherServlet  : Completed initialization in 1 ms
2024-05-22T14:06:52.260+02:00  INFO 18904 --- [           main] c.o.d.c.BookControllerIntegrationTest    : Started BookControllerIntegrationTest in 0.424 seconds (process running for 23.137)
2024-05-22T14:06:52.264+02:00  INFO 18904 --- [   scheduling-1] c.o.database3.scheduled.AuthorWatcher    : There are 0 many authors in the database
2024-05-22T14:06:52.268+02:00  INFO 18904 --- [   scheduling-1] c.omar.database3.scheduled.BookWatcher   : There are 0 many books in the database
2024-05-22T14:06:52.268+02:00  INFO 18904 --- [   scheduling-1] c.omar.database3.scheduled.BookWatcher   : Go to the Postman ----------->
2024-05-22T14:06:52.268+02:00  INFO 18904 --- [   scheduling-1] c.omar.database3.scheduled.BookWatcher   : Use: Get, Put, Patch, Delete
2024-05-22T14:06:52.288+02:00  INFO 18904 --- [           main] j.LocalContainerEntityManagerFactoryBean : Closing JPA EntityManagerFactory for persistence unit 'default'
2024-05-22T14:06:52.289+02:00  INFO 18904 --- [           main] com.zaxxer.hikari.HikariDataSource       : HikariPool-19 - Shutdown initiated...
2024-05-22T14:06:52.298+02:00  INFO 18904 --- [           main] com.zaxxer.hikari.HikariDataSource       : HikariPool-19 - Shutdown completed.
]]></system-out>
  </testcase>
  <testcase name="testThatUpdateBookReturnsHttp200Ok" classname="com.omar.database3.controllers.BookControllerIntegrationTest" time="0.057">
    <system-out><![CDATA[  .   ____          _            __ _ _
 /\\ / ___'_ __ _ _(_)_ __  __ _ \ \ \ \
( ( )\___ | '_ | '_| | '_ \/ _` | \ \ \ \
 \\/  ___)| |_)| | | | | || (_| |  ) ) ) )
  '  |____| .__|_| |_|_| |_\__, | / / / /
 =========|_|==============|___/=/_/_/_/

 :: Spring Boot ::             (v3.3.0-M3)

2024-05-22T14:06:52.311+02:00  INFO 18904 --- [           main] c.o.d.c.BookControllerIntegrationTest    : Starting BookControllerIntegrationTest using Java 17.0.8 with PID 18904 (started by omars in D:\RestAPI)
2024-05-22T14:06:52.311+02:00  INFO 18904 --- [           main] c.o.d.c.BookControllerIntegrationTest    : No active profile set, falling back to 1 default profile: "default"
2024-05-22T14:06:52.449+02:00  INFO 18904 --- [           main] .s.d.r.c.RepositoryConfigurationDelegate : Bootstrapping Spring Data JPA repositories in DEFAULT mode.
2024-05-22T14:06:52.462+02:00  INFO 18904 --- [           main] .s.d.r.c.RepositoryConfigurationDelegate : Finished Spring Data repository scanning in 12 ms. Found 2 JPA repository interfaces.
2024-05-22T14:06:52.519+02:00  INFO 18904 --- [           main] com.zaxxer.hikari.HikariDataSource       : HikariPool-20 - Starting...
2024-05-22T14:06:52.520+02:00  INFO 18904 --- [           main] com.zaxxer.hikari.pool.HikariPool        : HikariPool-20 - Added connection conn153: url=jdbc:h2:mem:testdb user=SA
2024-05-22T14:06:52.520+02:00  INFO 18904 --- [           main] com.zaxxer.hikari.HikariDataSource       : HikariPool-20 - Start completed.
2024-05-22T14:06:52.521+02:00  INFO 18904 --- [           main] o.hibernate.jpa.internal.util.LogHelper  : HHH000204: Processing PersistenceUnitInfo [name: default]
2024-05-22T14:06:52.523+02:00  INFO 18904 --- [           main] o.h.c.internal.RegionFactoryInitiator    : HHH000026: Second-level cache disabled
2024-05-22T14:06:52.526+02:00  INFO 18904 --- [           main] o.s.o.j.p.SpringPersistenceUnitInfo      : No LoadTimeWeaver setup: ignoring JPA class transformer
2024-05-22T14:06:52.560+02:00  INFO 18904 --- [           main] o.h.e.t.j.p.i.JtaPlatformInitiator       : HHH000489: No JTA platform available (set 'hibernate.transaction.jta.platform' to enable JTA platform integration)
2024-05-22T14:06:52.565+02:00  INFO 18904 --- [           main] j.LocalContainerEntityManagerFactoryBean : Initialized JPA EntityManagerFactory for persistence unit 'default'
2024-05-22T14:06:52.624+02:00  WARN 18904 --- [           main] JpaBaseConfiguration$JpaWebConfiguration : spring.jpa.open-in-view is enabled by default. Therefore, database queries may be performed during view rendering. Explicitly configure spring.jpa.open-in-view to disable this warning
2024-05-22T14:06:52.745+02:00  INFO 18904 --- [           main] o.s.b.t.m.w.SpringBootMockServletContext : Initializing Spring TestDispatcherServlet ''
2024-05-22T14:06:52.745+02:00  INFO 18904 --- [           main] o.s.t.web.servlet.TestDispatcherServlet  : Initializing Servlet ''
2024-05-22T14:06:52.746+02:00  INFO 18904 --- [           main] o.s.t.web.servlet.TestDispatcherServlet  : Completed initialization in 1 ms
2024-05-22T14:06:52.752+02:00  INFO 18904 --- [           main] c.o.d.c.BookControllerIntegrationTest    : Started BookControllerIntegrationTest in 0.452 seconds (process running for 23.628)
2024-05-22T14:06:52.756+02:00  INFO 18904 --- [   scheduling-1] c.o.database3.scheduled.AuthorWatcher    : There are 0 many authors in the database
2024-05-22T14:06:52.758+02:00  INFO 18904 --- [   scheduling-1] c.omar.database3.scheduled.BookWatcher   : There are 0 many books in the database
2024-05-22T14:06:52.759+02:00  INFO 18904 --- [   scheduling-1] c.omar.database3.scheduled.BookWatcher   : Go to the Postman ----------->
2024-05-22T14:06:52.759+02:00  INFO 18904 --- [   scheduling-1] c.omar.database3.scheduled.BookWatcher   : Use: Get, Put, Patch, Delete
2024-05-22T14:06:52.782+02:00  INFO 18904 --- [           main] j.LocalContainerEntityManagerFactoryBean : Closing JPA EntityManagerFactory for persistence unit 'default'
2024-05-22T14:06:52.784+02:00  INFO 18904 --- [           main] com.zaxxer.hikari.HikariDataSource       : HikariPool-20 - Shutdown initiated...
2024-05-22T14:06:52.811+02:00  INFO 18904 --- [           main] com.zaxxer.hikari.HikariDataSource       : HikariPool-20 - Shutdown completed.
]]></system-out>
  </testcase>
  <testcase name="testThatDeleteBookReturnsStatus204ForExistingBook" classname="com.omar.database3.controllers.BookControllerIntegrationTest" time="0.026">
    <system-out><![CDATA[  .   ____          _            __ _ _
 /\\ / ___'_ __ _ _(_)_ __  __ _ \ \ \ \
( ( )\___ | '_ | '_| | '_ \/ _` | \ \ \ \
 \\/  ___)| |_)| | | | | || (_| |  ) ) ) )
  '  |____| .__|_| |_|_| |_\__, | / / / /
 =========|_|==============|___/=/_/_/_/

 :: Spring Boot ::             (v3.3.0-M3)

2024-05-22T14:06:52.828+02:00  INFO 18904 --- [           main] c.o.d.c.BookControllerIntegrationTest    : Starting BookControllerIntegrationTest using Java 17.0.8 with PID 18904 (started by omars in D:\RestAPI)
2024-05-22T14:06:52.828+02:00  INFO 18904 --- [           main] c.o.d.c.BookControllerIntegrationTest    : No active profile set, falling back to 1 default profile: "default"
2024-05-22T14:06:52.937+02:00  INFO 18904 --- [           main] .s.d.r.c.RepositoryConfigurationDelegate : Bootstrapping Spring Data JPA repositories in DEFAULT mode.
2024-05-22T14:06:52.948+02:00  INFO 18904 --- [           main] .s.d.r.c.RepositoryConfigurationDelegate : Finished Spring Data repository scanning in 10 ms. Found 2 JPA repository interfaces.
2024-05-22T14:06:53.018+02:00  INFO 18904 --- [           main] com.zaxxer.hikari.HikariDataSource       : HikariPool-21 - Starting...
2024-05-22T14:06:53.019+02:00  INFO 18904 --- [           main] com.zaxxer.hikari.pool.HikariPool        : HikariPool-21 - Added connection conn160: url=jdbc:h2:mem:testdb user=SA
2024-05-22T14:06:53.019+02:00  INFO 18904 --- [           main] com.zaxxer.hikari.HikariDataSource       : HikariPool-21 - Start completed.
2024-05-22T14:06:53.020+02:00  INFO 18904 --- [           main] o.hibernate.jpa.internal.util.LogHelper  : HHH000204: Processing PersistenceUnitInfo [name: default]
2024-05-22T14:06:53.022+02:00  INFO 18904 --- [           main] o.h.c.internal.RegionFactoryInitiator    : HHH000026: Second-level cache disabled
2024-05-22T14:06:53.025+02:00  INFO 18904 --- [           main] o.s.o.j.p.SpringPersistenceUnitInfo      : No LoadTimeWeaver setup: ignoring JPA class transformer
2024-05-22T14:06:53.064+02:00  INFO 18904 --- [           main] o.h.e.t.j.p.i.JtaPlatformInitiator       : HHH000489: No JTA platform available (set 'hibernate.transaction.jta.platform' to enable JTA platform integration)
2024-05-22T14:06:53.069+02:00  INFO 18904 --- [           main] j.LocalContainerEntityManagerFactoryBean : Initialized JPA EntityManagerFactory for persistence unit 'default'
2024-05-22T14:06:53.140+02:00  WARN 18904 --- [           main] JpaBaseConfiguration$JpaWebConfiguration : spring.jpa.open-in-view is enabled by default. Therefore, database queries may be performed during view rendering. Explicitly configure spring.jpa.open-in-view to disable this warning
2024-05-22T14:06:53.244+02:00  INFO 18904 --- [           main] o.s.b.t.m.w.SpringBootMockServletContext : Initializing Spring TestDispatcherServlet ''
2024-05-22T14:06:53.245+02:00  INFO 18904 --- [           main] o.s.t.web.servlet.TestDispatcherServlet  : Initializing Servlet ''
2024-05-22T14:06:53.245+02:00  INFO 18904 --- [           main] o.s.t.web.servlet.TestDispatcherServlet  : Completed initialization in 0 ms
2024-05-22T14:06:53.251+02:00  INFO 18904 --- [           main] c.o.d.c.BookControllerIntegrationTest    : Started BookControllerIntegrationTest in 0.436 seconds (process running for 24.127)
2024-05-22T14:06:53.255+02:00  INFO 18904 --- [   scheduling-1] c.o.database3.scheduled.AuthorWatcher    : There are 0 many authors in the database
2024-05-22T14:06:53.257+02:00  INFO 18904 --- [   scheduling-1] c.omar.database3.scheduled.BookWatcher   : There are 0 many books in the database
2024-05-22T14:06:53.257+02:00  INFO 18904 --- [   scheduling-1] c.omar.database3.scheduled.BookWatcher   : Go to the Postman ----------->
2024-05-22T14:06:53.257+02:00  INFO 18904 --- [   scheduling-1] c.omar.database3.scheduled.BookWatcher   : Use: Get, Put, Patch, Delete
2024-05-22T14:06:53.270+02:00  INFO 18904 --- [           main] j.LocalContainerEntityManagerFactoryBean : Closing JPA EntityManagerFactory for persistence unit 'default'
2024-05-22T14:06:53.271+02:00  INFO 18904 --- [           main] com.zaxxer.hikari.HikariDataSource       : HikariPool-21 - Shutdown initiated...
2024-05-22T14:06:53.279+02:00  INFO 18904 --- [           main] com.zaxxer.hikari.HikariDataSource       : HikariPool-21 - Shutdown completed.
]]></system-out>
  </testcase>
  <testcase name="testThatGetBookReturnsHttp404CreatedWhenBookNotExists" classname="com.omar.database3.controllers.BookControllerIntegrationTest" time="0.03">
    <system-out><![CDATA[  .   ____          _            __ _ _
 /\\ / ___'_ __ _ _(_)_ __  __ _ \ \ \ \
( ( )\___ | '_ | '_| | '_ \/ _` | \ \ \ \
 \\/  ___)| |_)| | | | | || (_| |  ) ) ) )
  '  |____| .__|_| |_|_| |_\__, | / / / /
 =========|_|==============|___/=/_/_/_/

 :: Spring Boot ::             (v3.3.0-M3)

2024-05-22T14:06:53.298+02:00  INFO 18904 --- [           main] c.o.d.c.BookControllerIntegrationTest    : Starting BookControllerIntegrationTest using Java 17.0.8 with PID 18904 (started by omars in D:\RestAPI)
2024-05-22T14:06:53.298+02:00  INFO 18904 --- [           main] c.o.d.c.BookControllerIntegrationTest    : No active profile set, falling back to 1 default profile: "default"
2024-05-22T14:06:53.392+02:00  INFO 18904 --- [           main] .s.d.r.c.RepositoryConfigurationDelegate : Bootstrapping Spring Data JPA repositories in DEFAULT mode.
2024-05-22T14:06:53.405+02:00  INFO 18904 --- [           main] .s.d.r.c.RepositoryConfigurationDelegate : Finished Spring Data repository scanning in 11 ms. Found 2 JPA repository interfaces.
2024-05-22T14:06:53.484+02:00  INFO 18904 --- [           main] com.zaxxer.hikari.HikariDataSource       : HikariPool-22 - Starting...
2024-05-22T14:06:53.486+02:00  INFO 18904 --- [           main] com.zaxxer.hikari.pool.HikariPool        : HikariPool-22 - Added connection conn166: url=jdbc:h2:mem:testdb user=SA
2024-05-22T14:06:53.486+02:00  INFO 18904 --- [           main] com.zaxxer.hikari.HikariDataSource       : HikariPool-22 - Start completed.
2024-05-22T14:06:53.489+02:00  INFO 18904 --- [           main] o.hibernate.jpa.internal.util.LogHelper  : HHH000204: Processing PersistenceUnitInfo [name: default]
2024-05-22T14:06:53.491+02:00  INFO 18904 --- [           main] o.h.c.internal.RegionFactoryInitiator    : HHH000026: Second-level cache disabled
2024-05-22T14:06:53.494+02:00  INFO 18904 --- [           main] o.s.o.j.p.SpringPersistenceUnitInfo      : No LoadTimeWeaver setup: ignoring JPA class transformer
2024-05-22T14:06:53.531+02:00  INFO 18904 --- [           main] o.h.e.t.j.p.i.JtaPlatformInitiator       : HHH000489: No JTA platform available (set 'hibernate.transaction.jta.platform' to enable JTA platform integration)
2024-05-22T14:06:53.535+02:00  INFO 18904 --- [           main] j.LocalContainerEntityManagerFactoryBean : Initialized JPA EntityManagerFactory for persistence unit 'default'
2024-05-22T14:06:53.573+02:00  WARN 18904 --- [           main] JpaBaseConfiguration$JpaWebConfiguration : spring.jpa.open-in-view is enabled by default. Therefore, database queries may be performed during view rendering. Explicitly configure spring.jpa.open-in-view to disable this warning
2024-05-22T14:06:53.668+02:00  INFO 18904 --- [           main] o.s.b.t.m.w.SpringBootMockServletContext : Initializing Spring TestDispatcherServlet ''
2024-05-22T14:06:53.668+02:00  INFO 18904 --- [           main] o.s.t.web.servlet.TestDispatcherServlet  : Initializing Servlet ''
2024-05-22T14:06:53.669+02:00  INFO 18904 --- [           main] o.s.t.web.servlet.TestDispatcherServlet  : Completed initialization in 1 ms
2024-05-22T14:06:53.676+02:00  INFO 18904 --- [           main] c.o.d.c.BookControllerIntegrationTest    : Started BookControllerIntegrationTest in 0.394 seconds (process running for 24.553)
2024-05-22T14:06:53.685+02:00  INFO 18904 --- [   scheduling-1] c.o.database3.scheduled.AuthorWatcher    : There are 0 many authors in the database
2024-05-22T14:06:53.689+02:00  INFO 18904 --- [   scheduling-1] c.omar.database3.scheduled.BookWatcher   : There are 0 many books in the database
2024-05-22T14:06:53.689+02:00  INFO 18904 --- [   scheduling-1] c.omar.database3.scheduled.BookWatcher   : Go to the Postman ----------->
2024-05-22T14:06:53.689+02:00  INFO 18904 --- [   scheduling-1] c.omar.database3.scheduled.BookWatcher   : Use: Get, Put, Patch, Delete
2024-05-22T14:06:53.702+02:00  INFO 18904 --- [           main] j.LocalContainerEntityManagerFactoryBean : Closing JPA EntityManagerFactory for persistence unit 'default'
2024-05-22T14:06:53.703+02:00  INFO 18904 --- [           main] com.zaxxer.hikari.HikariDataSource       : HikariPool-22 - Shutdown initiated...
2024-05-22T14:06:53.715+02:00  INFO 18904 --- [           main] com.zaxxer.hikari.HikariDataSource       : HikariPool-22 - Shutdown completed.
]]></system-out>
  </testcase>
  <testcase name="testThatListBookReturnsBook" classname="com.omar.database3.controllers.BookControllerIntegrationTest" time="0.054">
    <system-out><![CDATA[  .   ____          _            __ _ _
 /\\ / ___'_ __ _ _(_)_ __  __ _ \ \ \ \
( ( )\___ | '_ | '_| | '_ \/ _` | \ \ \ \
 \\/  ___)| |_)| | | | | || (_| |  ) ) ) )
  '  |____| .__|_| |_|_| |_\__, | / / / /
 =========|_|==============|___/=/_/_/_/

 :: Spring Boot ::             (v3.3.0-M3)

2024-05-22T14:06:53.730+02:00  INFO 18904 --- [           main] c.o.d.c.BookControllerIntegrationTest    : Starting BookControllerIntegrationTest using Java 17.0.8 with PID 18904 (started by omars in D:\RestAPI)
2024-05-22T14:06:53.730+02:00  INFO 18904 --- [           main] c.o.d.c.BookControllerIntegrationTest    : No active profile set, falling back to 1 default profile: "default"
2024-05-22T14:06:53.823+02:00  INFO 18904 --- [           main] .s.d.r.c.RepositoryConfigurationDelegate : Bootstrapping Spring Data JPA repositories in DEFAULT mode.
2024-05-22T14:06:53.829+02:00  INFO 18904 --- [           main] .s.d.r.c.RepositoryConfigurationDelegate : Finished Spring Data repository scanning in 6 ms. Found 2 JPA repository interfaces.
2024-05-22T14:06:53.871+02:00  INFO 18904 --- [           main] com.zaxxer.hikari.HikariDataSource       : HikariPool-23 - Starting...
2024-05-22T14:06:53.872+02:00  INFO 18904 --- [           main] com.zaxxer.hikari.pool.HikariPool        : HikariPool-23 - Added connection conn171: url=jdbc:h2:mem:testdb user=SA
2024-05-22T14:06:53.873+02:00  INFO 18904 --- [           main] com.zaxxer.hikari.HikariDataSource       : HikariPool-23 - Start completed.
2024-05-22T14:06:53.875+02:00  INFO 18904 --- [           main] o.hibernate.jpa.internal.util.LogHelper  : HHH000204: Processing PersistenceUnitInfo [name: default]
2024-05-22T14:06:53.876+02:00  INFO 18904 --- [           main] o.h.c.internal.RegionFactoryInitiator    : HHH000026: Second-level cache disabled
2024-05-22T14:06:53.879+02:00  INFO 18904 --- [           main] o.s.o.j.p.SpringPersistenceUnitInfo      : No LoadTimeWeaver setup: ignoring JPA class transformer
2024-05-22T14:06:53.936+02:00  INFO 18904 --- [           main] o.h.e.t.j.p.i.JtaPlatformInitiator       : HHH000489: No JTA platform available (set 'hibernate.transaction.jta.platform' to enable JTA platform integration)
2024-05-22T14:06:53.942+02:00  INFO 18904 --- [           main] j.LocalContainerEntityManagerFactoryBean : Initialized JPA EntityManagerFactory for persistence unit 'default'
2024-05-22T14:06:54.008+02:00  WARN 18904 --- [           main] JpaBaseConfiguration$JpaWebConfiguration : spring.jpa.open-in-view is enabled by default. Therefore, database queries may be performed during view rendering. Explicitly configure spring.jpa.open-in-view to disable this warning
2024-05-22T14:06:54.072+02:00  INFO 18904 --- [           main] o.s.b.t.m.w.SpringBootMockServletContext : Initializing Spring TestDispatcherServlet ''
2024-05-22T14:06:54.072+02:00  INFO 18904 --- [           main] o.s.t.web.servlet.TestDispatcherServlet  : Initializing Servlet ''
2024-05-22T14:06:54.073+02:00  INFO 18904 --- [           main] o.s.t.web.servlet.TestDispatcherServlet  : Completed initialization in 1 ms
2024-05-22T14:06:54.078+02:00  INFO 18904 --- [           main] c.o.d.c.BookControllerIntegrationTest    : Started BookControllerIntegrationTest in 0.36 seconds (process running for 24.954)
2024-05-22T14:06:54.082+02:00  INFO 18904 --- [   scheduling-1] c.o.database3.scheduled.AuthorWatcher    : There are 0 many authors in the database
2024-05-22T14:06:54.084+02:00  INFO 18904 --- [   scheduling-1] c.omar.database3.scheduled.BookWatcher   : There are 0 many books in the database
2024-05-22T14:06:54.084+02:00  INFO 18904 --- [   scheduling-1] c.omar.database3.scheduled.BookWatcher   : Go to the Postman ----------->
2024-05-22T14:06:54.084+02:00  INFO 18904 --- [   scheduling-1] c.omar.database3.scheduled.BookWatcher   : Use: Get, Put, Patch, Delete
2024-05-22T14:06:54.100+02:00  WARN 18904 --- [           main] PageModule$PlainPageSerializationWarning : Serializing PageImpl instances as-is is not supported, meaning that there is no guarantee about the stability of the resulting JSON structure!
	For a stable JSON structure, please use Spring Data's PagedModel (globally via @EnableSpringDataWebSupport(pageSerializationMode = VIA_DTO))
	or Spring HATEOAS and Spring Data's PagedResourcesAssembler as documented in https://docs.spring.io/spring-data/commons/reference/repositories/core-extensions.html#core.web.pageables.

2024-05-22T14:06:54.110+02:00  INFO 18904 --- [           main] j.LocalContainerEntityManagerFactoryBean : Closing JPA EntityManagerFactory for persistence unit 'default'
2024-05-22T14:06:54.114+02:00  INFO 18904 --- [           main] com.zaxxer.hikari.HikariDataSource       : HikariPool-23 - Shutdown initiated...
2024-05-22T14:06:54.133+02:00  INFO 18904 --- [           main] com.zaxxer.hikari.HikariDataSource       : HikariPool-23 - Shutdown completed.
]]></system-out>
  </testcase>
  <testcase name="testThatPartialUpdateBookReturnsUpdatedBook" classname="com.omar.database3.controllers.BookControllerIntegrationTest" time="0.055">
    <system-out><![CDATA[  .   ____          _            __ _ _
 /\\ / ___'_ __ _ _(_)_ __  __ _ \ \ \ \
( ( )\___ | '_ | '_| | '_ \/ _` | \ \ \ \
 \\/  ___)| |_)| | | | | || (_| |  ) ) ) )
  '  |____| .__|_| |_|_| |_\__, | / / / /
 =========|_|==============|___/=/_/_/_/

 :: Spring Boot ::             (v3.3.0-M3)

2024-05-22T14:06:54.161+02:00  INFO 18904 --- [           main] c.o.d.c.BookControllerIntegrationTest    : Starting BookControllerIntegrationTest using Java 17.0.8 with PID 18904 (started by omars in D:\RestAPI)
2024-05-22T14:06:54.161+02:00  INFO 18904 --- [           main] c.o.d.c.BookControllerIntegrationTest    : No active profile set, falling back to 1 default profile: "default"
2024-05-22T14:06:54.369+02:00  INFO 18904 --- [           main] .s.d.r.c.RepositoryConfigurationDelegate : Bootstrapping Spring Data JPA repositories in DEFAULT mode.
2024-05-22T14:06:54.387+02:00  INFO 18904 --- [           main] .s.d.r.c.RepositoryConfigurationDelegate : Finished Spring Data repository scanning in 17 ms. Found 2 JPA repository interfaces.
2024-05-22T14:06:54.503+02:00  INFO 18904 --- [           main] com.zaxxer.hikari.HikariDataSource       : HikariPool-24 - Starting...
2024-05-22T14:06:54.504+02:00  INFO 18904 --- [           main] com.zaxxer.hikari.pool.HikariPool        : HikariPool-24 - Added connection conn177: url=jdbc:h2:mem:testdb user=SA
2024-05-22T14:06:54.504+02:00  INFO 18904 --- [           main] com.zaxxer.hikari.HikariDataSource       : HikariPool-24 - Start completed.
2024-05-22T14:06:54.505+02:00  INFO 18904 --- [           main] o.hibernate.jpa.internal.util.LogHelper  : HHH000204: Processing PersistenceUnitInfo [name: default]
2024-05-22T14:06:54.507+02:00  INFO 18904 --- [           main] o.h.c.internal.RegionFactoryInitiator    : HHH000026: Second-level cache disabled
2024-05-22T14:06:54.511+02:00  INFO 18904 --- [           main] o.s.o.j.p.SpringPersistenceUnitInfo      : No LoadTimeWeaver setup: ignoring JPA class transformer
2024-05-22T14:06:54.548+02:00  INFO 18904 --- [           main] o.h.e.t.j.p.i.JtaPlatformInitiator       : HHH000489: No JTA platform available (set 'hibernate.transaction.jta.platform' to enable JTA platform integration)
2024-05-22T14:06:54.552+02:00  INFO 18904 --- [           main] j.LocalContainerEntityManagerFactoryBean : Initialized JPA EntityManagerFactory for persistence unit 'default'
2024-05-22T14:06:54.607+02:00  WARN 18904 --- [           main] JpaBaseConfiguration$JpaWebConfiguration : spring.jpa.open-in-view is enabled by default. Therefore, database queries may be performed during view rendering. Explicitly configure spring.jpa.open-in-view to disable this warning
2024-05-22T14:06:54.695+02:00  INFO 18904 --- [           main] o.s.b.t.m.w.SpringBootMockServletContext : Initializing Spring TestDispatcherServlet ''
2024-05-22T14:06:54.695+02:00  INFO 18904 --- [           main] o.s.t.web.servlet.TestDispatcherServlet  : Initializing Servlet ''
2024-05-22T14:06:54.696+02:00  INFO 18904 --- [           main] o.s.t.web.servlet.TestDispatcherServlet  : Completed initialization in 1 ms
2024-05-22T14:06:54.704+02:00  INFO 18904 --- [           main] c.o.d.c.BookControllerIntegrationTest    : Started BookControllerIntegrationTest in 0.567 seconds (process running for 25.58)
2024-05-22T14:06:54.708+02:00  INFO 18904 --- [   scheduling-1] c.o.database3.scheduled.AuthorWatcher    : There are 0 many authors in the database
2024-05-22T14:06:54.711+02:00  INFO 18904 --- [   scheduling-1] c.omar.database3.scheduled.BookWatcher   : There are 0 many books in the database
2024-05-22T14:06:54.711+02:00  INFO 18904 --- [   scheduling-1] c.omar.database3.scheduled.BookWatcher   : Go to the Postman ----------->
2024-05-22T14:06:54.711+02:00  INFO 18904 --- [   scheduling-1] c.omar.database3.scheduled.BookWatcher   : Use: Get, Put, Patch, Delete
2024-05-22T14:06:54.736+02:00  INFO 18904 --- [           main] j.LocalContainerEntityManagerFactoryBean : Closing JPA EntityManagerFactory for persistence unit 'default'
2024-05-22T14:06:54.737+02:00  INFO 18904 --- [           main] com.zaxxer.hikari.HikariDataSource       : HikariPool-24 - Shutdown initiated...
2024-05-22T14:06:54.761+02:00  INFO 18904 --- [           main] com.zaxxer.hikari.HikariDataSource       : HikariPool-24 - Shutdown completed.
]]></system-out>
  </testcase>
  <testcase name="testThatGetBookReturnsHttp2000kCreatedWhenBookExists" classname="com.omar.database3.controllers.BookControllerIntegrationTest" time="0.046">
    <system-out><![CDATA[  .   ____          _            __ _ _
 /\\ / ___'_ __ _ _(_)_ __  __ _ \ \ \ \
( ( )\___ | '_ | '_| | '_ \/ _` | \ \ \ \
 \\/  ___)| |_)| | | | | || (_| |  ) ) ) )
  '  |____| .__|_| |_|_| |_\__, | / / / /
 =========|_|==============|___/=/_/_/_/

 :: Spring Boot ::             (v3.3.0-M3)

2024-05-22T14:06:54.775+02:00  INFO 18904 --- [           main] c.o.d.c.BookControllerIntegrationTest    : Starting BookControllerIntegrationTest using Java 17.0.8 with PID 18904 (started by omars in D:\RestAPI)
2024-05-22T14:06:54.775+02:00  INFO 18904 --- [           main] c.o.d.c.BookControllerIntegrationTest    : No active profile set, falling back to 1 default profile: "default"
2024-05-22T14:06:54.920+02:00  INFO 18904 --- [           main] .s.d.r.c.RepositoryConfigurationDelegate : Bootstrapping Spring Data JPA repositories in DEFAULT mode.
2024-05-22T14:06:54.928+02:00  INFO 18904 --- [           main] .s.d.r.c.RepositoryConfigurationDelegate : Finished Spring Data repository scanning in 7 ms. Found 2 JPA repository interfaces.
2024-05-22T14:06:54.989+02:00  INFO 18904 --- [           main] com.zaxxer.hikari.HikariDataSource       : HikariPool-25 - Starting...
2024-05-22T14:06:54.990+02:00  INFO 18904 --- [           main] com.zaxxer.hikari.pool.HikariPool        : HikariPool-25 - Added connection conn183: url=jdbc:h2:mem:testdb user=SA
2024-05-22T14:06:54.991+02:00  INFO 18904 --- [           main] com.zaxxer.hikari.HikariDataSource       : HikariPool-25 - Start completed.
2024-05-22T14:06:54.992+02:00  INFO 18904 --- [           main] o.hibernate.jpa.internal.util.LogHelper  : HHH000204: Processing PersistenceUnitInfo [name: default]
2024-05-22T14:06:54.993+02:00  INFO 18904 --- [           main] o.h.c.internal.RegionFactoryInitiator    : HHH000026: Second-level cache disabled
2024-05-22T14:06:54.999+02:00  INFO 18904 --- [           main] o.s.o.j.p.SpringPersistenceUnitInfo      : No LoadTimeWeaver setup: ignoring JPA class transformer
2024-05-22T14:06:55.050+02:00  INFO 18904 --- [           main] o.h.e.t.j.p.i.JtaPlatformInitiator       : HHH000489: No JTA platform available (set 'hibernate.transaction.jta.platform' to enable JTA platform integration)
2024-05-22T14:06:55.057+02:00  INFO 18904 --- [           main] j.LocalContainerEntityManagerFactoryBean : Initialized JPA EntityManagerFactory for persistence unit 'default'
2024-05-22T14:06:55.122+02:00  WARN 18904 --- [           main] JpaBaseConfiguration$JpaWebConfiguration : spring.jpa.open-in-view is enabled by default. Therefore, database queries may be performed during view rendering. Explicitly configure spring.jpa.open-in-view to disable this warning
2024-05-22T14:06:55.195+02:00  INFO 18904 --- [           main] o.s.b.t.m.w.SpringBootMockServletContext : Initializing Spring TestDispatcherServlet ''
2024-05-22T14:06:55.195+02:00  INFO 18904 --- [           main] o.s.t.web.servlet.TestDispatcherServlet  : Initializing Servlet ''
2024-05-22T14:06:55.195+02:00  INFO 18904 --- [           main] o.s.t.web.servlet.TestDispatcherServlet  : Completed initialization in 0 ms
2024-05-22T14:06:55.201+02:00  INFO 18904 --- [           main] c.o.d.c.BookControllerIntegrationTest    : Started BookControllerIntegrationTest in 0.437 seconds (process running for 26.077)
2024-05-22T14:06:55.205+02:00  INFO 18904 --- [   scheduling-1] c.o.database3.scheduled.AuthorWatcher    : There are 0 many authors in the database
2024-05-22T14:06:55.208+02:00  INFO 18904 --- [   scheduling-1] c.omar.database3.scheduled.BookWatcher   : There are 0 many books in the database
2024-05-22T14:06:55.208+02:00  INFO 18904 --- [   scheduling-1] c.omar.database3.scheduled.BookWatcher   : Go to the Postman ----------->
2024-05-22T14:06:55.208+02:00  INFO 18904 --- [   scheduling-1] c.omar.database3.scheduled.BookWatcher   : Use: Get, Put, Patch, Delete
2024-05-22T14:06:55.220+02:00  INFO 18904 --- [           main] j.LocalContainerEntityManagerFactoryBean : Closing JPA EntityManagerFactory for persistence unit 'default'
2024-05-22T14:06:55.221+02:00  INFO 18904 --- [           main] com.zaxxer.hikari.HikariDataSource       : HikariPool-25 - Shutdown initiated...
2024-05-22T14:06:55.250+02:00  INFO 18904 --- [           main] com.zaxxer.hikari.HikariDataSource       : HikariPool-25 - Shutdown completed.
]]></system-out>
  </testcase>
  <testcase name="testThatCreateBookReturnsCreatedBook" classname="com.omar.database3.controllers.BookControllerIntegrationTest" time="0.023">
    <system-out><![CDATA[  .   ____          _            __ _ _
 /\\ / ___'_ __ _ _(_)_ __  __ _ \ \ \ \
( ( )\___ | '_ | '_| | '_ \/ _` | \ \ \ \
 \\/  ___)| |_)| | | | | || (_| |  ) ) ) )
  '  |____| .__|_| |_|_| |_\__, | / / / /
 =========|_|==============|___/=/_/_/_/

 :: Spring Boot ::             (v3.3.0-M3)

2024-05-22T14:06:55.262+02:00  INFO 18904 --- [           main] c.o.d.c.BookControllerIntegrationTest    : Starting BookControllerIntegrationTest using Java 17.0.8 with PID 18904 (started by omars in D:\RestAPI)
2024-05-22T14:06:55.262+02:00  INFO 18904 --- [           main] c.o.d.c.BookControllerIntegrationTest    : No active profile set, falling back to 1 default profile: "default"
2024-05-22T14:06:55.388+02:00  INFO 18904 --- [           main] .s.d.r.c.RepositoryConfigurationDelegate : Bootstrapping Spring Data JPA repositories in DEFAULT mode.
2024-05-22T14:06:55.400+02:00  INFO 18904 --- [           main] .s.d.r.c.RepositoryConfigurationDelegate : Finished Spring Data repository scanning in 11 ms. Found 2 JPA repository interfaces.
2024-05-22T14:06:55.456+02:00  INFO 18904 --- [           main] com.zaxxer.hikari.HikariDataSource       : HikariPool-26 - Starting...
2024-05-22T14:06:55.457+02:00  INFO 18904 --- [           main] com.zaxxer.hikari.pool.HikariPool        : HikariPool-26 - Added connection conn189: url=jdbc:h2:mem:testdb user=SA
2024-05-22T14:06:55.458+02:00  INFO 18904 --- [           main] com.zaxxer.hikari.HikariDataSource       : HikariPool-26 - Start completed.
2024-05-22T14:06:55.460+02:00  INFO 18904 --- [           main] o.hibernate.jpa.internal.util.LogHelper  : HHH000204: Processing PersistenceUnitInfo [name: default]
2024-05-22T14:06:55.464+02:00  INFO 18904 --- [           main] o.h.c.internal.RegionFactoryInitiator    : HHH000026: Second-level cache disabled
2024-05-22T14:06:55.466+02:00  INFO 18904 --- [           main] o.s.o.j.p.SpringPersistenceUnitInfo      : No LoadTimeWeaver setup: ignoring JPA class transformer
2024-05-22T14:06:55.504+02:00  INFO 18904 --- [           main] o.h.e.t.j.p.i.JtaPlatformInitiator       : HHH000489: No JTA platform available (set 'hibernate.transaction.jta.platform' to enable JTA platform integration)
2024-05-22T14:06:55.507+02:00  INFO 18904 --- [           main] j.LocalContainerEntityManagerFactoryBean : Initialized JPA EntityManagerFactory for persistence unit 'default'
2024-05-22T14:06:55.571+02:00  WARN 18904 --- [           main] JpaBaseConfiguration$JpaWebConfiguration : spring.jpa.open-in-view is enabled by default. Therefore, database queries may be performed during view rendering. Explicitly configure spring.jpa.open-in-view to disable this warning
2024-05-22T14:06:55.653+02:00  INFO 18904 --- [           main] o.s.b.t.m.w.SpringBootMockServletContext : Initializing Spring TestDispatcherServlet ''
2024-05-22T14:06:55.654+02:00  INFO 18904 --- [           main] o.s.t.web.servlet.TestDispatcherServlet  : Initializing Servlet ''
2024-05-22T14:06:55.654+02:00  INFO 18904 --- [           main] o.s.t.web.servlet.TestDispatcherServlet  : Completed initialization in 0 ms
2024-05-22T14:06:55.659+02:00  INFO 18904 --- [           main] c.o.d.c.BookControllerIntegrationTest    : Started BookControllerIntegrationTest in 0.407 seconds (process running for 26.536)
2024-05-22T14:06:55.664+02:00  INFO 18904 --- [   scheduling-1] c.o.database3.scheduled.AuthorWatcher    : There are 0 many authors in the database
2024-05-22T14:06:55.668+02:00  INFO 18904 --- [   scheduling-1] c.omar.database3.scheduled.BookWatcher   : There are 0 many books in the database
2024-05-22T14:06:55.668+02:00  INFO 18904 --- [   scheduling-1] c.omar.database3.scheduled.BookWatcher   : Go to the Postman ----------->
2024-05-22T14:06:55.668+02:00  INFO 18904 --- [   scheduling-1] c.omar.database3.scheduled.BookWatcher   : Use: Get, Put, Patch, Delete
2024-05-22T14:06:55.682+02:00  INFO 18904 --- [           main] j.LocalContainerEntityManagerFactoryBean : Closing JPA EntityManagerFactory for persistence unit 'default'
2024-05-22T14:06:55.683+02:00  INFO 18904 --- [           main] com.zaxxer.hikari.HikariDataSource       : HikariPool-26 - Shutdown initiated...
2024-05-22T14:06:55.685+02:00  INFO 18904 --- [           main] com.zaxxer.hikari.HikariDataSource       : HikariPool-26 - Shutdown completed.
]]></system-out>
  </testcase>
  <testcase name="testThatListBooksReturnsHttp200OkCreated" classname="com.omar.database3.controllers.BookControllerIntegrationTest" time="0.042">
    <system-out><![CDATA[  .   ____          _            __ _ _
 /\\ / ___'_ __ _ _(_)_ __  __ _ \ \ \ \
( ( )\___ | '_ | '_| | '_ \/ _` | \ \ \ \
 \\/  ___)| |_)| | | | | || (_| |  ) ) ) )
  '  |____| .__|_| |_|_| |_\__, | / / / /
 =========|_|==============|___/=/_/_/_/

 :: Spring Boot ::             (v3.3.0-M3)

2024-05-22T14:06:55.698+02:00  INFO 18904 --- [           main] c.o.d.c.BookControllerIntegrationTest    : Starting BookControllerIntegrationTest using Java 17.0.8 with PID 18904 (started by omars in D:\RestAPI)
2024-05-22T14:06:55.698+02:00  INFO 18904 --- [           main] c.o.d.c.BookControllerIntegrationTest    : No active profile set, falling back to 1 default profile: "default"
2024-05-22T14:06:55.817+02:00  INFO 18904 --- [           main] .s.d.r.c.RepositoryConfigurationDelegate : Bootstrapping Spring Data JPA repositories in DEFAULT mode.
2024-05-22T14:06:55.825+02:00  INFO 18904 --- [           main] .s.d.r.c.RepositoryConfigurationDelegate : Finished Spring Data repository scanning in 7 ms. Found 2 JPA repository interfaces.
2024-05-22T14:06:55.870+02:00  INFO 18904 --- [           main] com.zaxxer.hikari.HikariDataSource       : HikariPool-27 - Starting...
2024-05-22T14:06:55.871+02:00  INFO 18904 --- [           main] com.zaxxer.hikari.pool.HikariPool        : HikariPool-27 - Added connection conn194: url=jdbc:h2:mem:testdb user=SA
2024-05-22T14:06:55.872+02:00  INFO 18904 --- [           main] com.zaxxer.hikari.HikariDataSource       : HikariPool-27 - Start completed.
2024-05-22T14:06:55.873+02:00  INFO 18904 --- [           main] o.hibernate.jpa.internal.util.LogHelper  : HHH000204: Processing PersistenceUnitInfo [name: default]
2024-05-22T14:06:55.875+02:00  INFO 18904 --- [           main] o.h.c.internal.RegionFactoryInitiator    : HHH000026: Second-level cache disabled
2024-05-22T14:06:55.879+02:00  INFO 18904 --- [           main] o.s.o.j.p.SpringPersistenceUnitInfo      : No LoadTimeWeaver setup: ignoring JPA class transformer
2024-05-22T14:06:55.914+02:00  INFO 18904 --- [           main] o.h.e.t.j.p.i.JtaPlatformInitiator       : HHH000489: No JTA platform available (set 'hibernate.transaction.jta.platform' to enable JTA platform integration)
2024-05-22T14:06:55.920+02:00  INFO 18904 --- [           main] j.LocalContainerEntityManagerFactoryBean : Initialized JPA EntityManagerFactory for persistence unit 'default'
2024-05-22T14:06:56.000+02:00  WARN 18904 --- [           main] JpaBaseConfiguration$JpaWebConfiguration : spring.jpa.open-in-view is enabled by default. Therefore, database queries may be performed during view rendering. Explicitly configure spring.jpa.open-in-view to disable this warning
2024-05-22T14:06:56.079+02:00  INFO 18904 --- [           main] o.s.b.t.m.w.SpringBootMockServletContext : Initializing Spring TestDispatcherServlet ''
2024-05-22T14:06:56.080+02:00  INFO 18904 --- [           main] o.s.t.web.servlet.TestDispatcherServlet  : Initializing Servlet ''
2024-05-22T14:06:56.080+02:00  INFO 18904 --- [           main] o.s.t.web.servlet.TestDispatcherServlet  : Completed initialization in 0 ms
2024-05-22T14:06:56.086+02:00  INFO 18904 --- [           main] c.o.d.c.BookControllerIntegrationTest    : Started BookControllerIntegrationTest in 0.398 seconds (process running for 26.962)
2024-05-22T14:06:56.090+02:00  INFO 18904 --- [   scheduling-1] c.o.database3.scheduled.AuthorWatcher    : There are 0 many authors in the database
2024-05-22T14:06:56.092+02:00  INFO 18904 --- [   scheduling-1] c.omar.database3.scheduled.BookWatcher   : There are 0 many books in the database
2024-05-22T14:06:56.092+02:00  INFO 18904 --- [   scheduling-1] c.omar.database3.scheduled.BookWatcher   : Go to the Postman ----------->
2024-05-22T14:06:56.093+02:00  INFO 18904 --- [   scheduling-1] c.omar.database3.scheduled.BookWatcher   : Use: Get, Put, Patch, Delete
2024-05-22T14:06:56.099+02:00  WARN 18904 --- [           main] PageModule$PlainPageSerializationWarning : Serializing PageImpl instances as-is is not supported, meaning that there is no guarantee about the stability of the resulting JSON structure!
	For a stable JSON structure, please use Spring Data's PagedModel (globally via @EnableSpringDataWebSupport(pageSerializationMode = VIA_DTO))
	or Spring HATEOAS and Spring Data's PagedResourcesAssembler as documented in https://docs.spring.io/spring-data/commons/reference/repositories/core-extensions.html#core.web.pageables.

2024-05-22T14:06:56.104+02:00  INFO 18904 --- [           main] j.LocalContainerEntityManagerFactoryBean : Closing JPA EntityManagerFactory for persistence unit 'default'
2024-05-22T14:06:56.105+02:00  INFO 18904 --- [           main] com.zaxxer.hikari.HikariDataSource       : HikariPool-27 - Shutdown initiated...
2024-05-22T14:06:56.129+02:00  INFO 18904 --- [           main] com.zaxxer.hikari.HikariDataSource       : HikariPool-27 - Shutdown completed.
]]></system-out>
  </testcase>
  <testcase name="testThatListAuthorsBooksReturnsHttp200OkCreated" classname="com.omar.database3.controllers.BookControllerIntegrationTest" time="0.029">
    <system-out><![CDATA[  .   ____          _            __ _ _
 /\\ / ___'_ __ _ _(_)_ __  __ _ \ \ \ \
( ( )\___ | '_ | '_| | '_ \/ _` | \ \ \ \
 \\/  ___)| |_)| | | | | || (_| |  ) ) ) )
  '  |____| .__|_| |_|_| |_\__, | / / / /
 =========|_|==============|___/=/_/_/_/

 :: Spring Boot ::             (v3.3.0-M3)

2024-05-22T14:06:56.142+02:00  INFO 18904 --- [           main] c.o.d.c.BookControllerIntegrationTest    : Starting BookControllerIntegrationTest using Java 17.0.8 with PID 18904 (started by omars in D:\RestAPI)
2024-05-22T14:06:56.142+02:00  INFO 18904 --- [           main] c.o.d.c.BookControllerIntegrationTest    : No active profile set, falling back to 1 default profile: "default"
2024-05-22T14:06:56.224+02:00  INFO 18904 --- [           main] .s.d.r.c.RepositoryConfigurationDelegate : Bootstrapping Spring Data JPA repositories in DEFAULT mode.
2024-05-22T14:06:56.234+02:00  INFO 18904 --- [           main] .s.d.r.c.RepositoryConfigurationDelegate : Finished Spring Data repository scanning in 10 ms. Found 2 JPA repository interfaces.
2024-05-22T14:06:56.310+02:00  INFO 18904 --- [           main] com.zaxxer.hikari.HikariDataSource       : HikariPool-28 - Starting...
2024-05-22T14:06:56.311+02:00  INFO 18904 --- [           main] com.zaxxer.hikari.pool.HikariPool        : HikariPool-28 - Added connection conn200: url=jdbc:h2:mem:testdb user=SA
2024-05-22T14:06:56.311+02:00  INFO 18904 --- [           main] com.zaxxer.hikari.HikariDataSource       : HikariPool-28 - Start completed.
2024-05-22T14:06:56.314+02:00  INFO 18904 --- [           main] o.hibernate.jpa.internal.util.LogHelper  : HHH000204: Processing PersistenceUnitInfo [name: default]
2024-05-22T14:06:56.319+02:00  INFO 18904 --- [           main] o.h.c.internal.RegionFactoryInitiator    : HHH000026: Second-level cache disabled
2024-05-22T14:06:56.323+02:00  INFO 18904 --- [           main] o.s.o.j.p.SpringPersistenceUnitInfo      : No LoadTimeWeaver setup: ignoring JPA class transformer
2024-05-22T14:06:56.372+02:00  INFO 18904 --- [           main] o.h.e.t.j.p.i.JtaPlatformInitiator       : HHH000489: No JTA platform available (set 'hibernate.transaction.jta.platform' to enable JTA platform integration)
2024-05-22T14:06:56.376+02:00  INFO 18904 --- [           main] j.LocalContainerEntityManagerFactoryBean : Initialized JPA EntityManagerFactory for persistence unit 'default'
2024-05-22T14:06:56.422+02:00  WARN 18904 --- [           main] JpaBaseConfiguration$JpaWebConfiguration : spring.jpa.open-in-view is enabled by default. Therefore, database queries may be performed during view rendering. Explicitly configure spring.jpa.open-in-view to disable this warning
2024-05-22T14:06:56.542+02:00  INFO 18904 --- [           main] o.s.b.t.m.w.SpringBootMockServletContext : Initializing Spring TestDispatcherServlet ''
2024-05-22T14:06:56.542+02:00  INFO 18904 --- [           main] o.s.t.web.servlet.TestDispatcherServlet  : Initializing Servlet ''
2024-05-22T14:06:56.542+02:00  INFO 18904 --- [           main] o.s.t.web.servlet.TestDispatcherServlet  : Completed initialization in 0 ms
2024-05-22T14:06:56.548+02:00  INFO 18904 --- [           main] c.o.d.c.BookControllerIntegrationTest    : Started BookControllerIntegrationTest in 0.417 seconds (process running for 27.425)
2024-05-22T14:06:56.552+02:00  INFO 18904 --- [   scheduling-1] c.o.database3.scheduled.AuthorWatcher    : There are 0 many authors in the database
2024-05-22T14:06:56.555+02:00  INFO 18904 --- [   scheduling-1] c.omar.database3.scheduled.BookWatcher   : There are 0 many books in the database
2024-05-22T14:06:56.556+02:00  INFO 18904 --- [   scheduling-1] c.omar.database3.scheduled.BookWatcher   : Go to the Postman ----------->
2024-05-22T14:06:56.556+02:00  INFO 18904 --- [   scheduling-1] c.omar.database3.scheduled.BookWatcher   : Use: Get, Put, Patch, Delete
2024-05-22T14:06:56.565+02:00  WARN 18904 --- [           main] PageModule$PlainPageSerializationWarning : Serializing PageImpl instances as-is is not supported, meaning that there is no guarantee about the stability of the resulting JSON structure!
	For a stable JSON structure, please use Spring Data's PagedModel (globally via @EnableSpringDataWebSupport(pageSerializationMode = VIA_DTO))
	or Spring HATEOAS and Spring Data's PagedResourcesAssembler as documented in https://docs.spring.io/spring-data/commons/reference/repositories/core-extensions.html#core.web.pageables.

2024-05-22T14:06:56.571+02:00  INFO 18904 --- [           main] j.LocalContainerEntityManagerFactoryBean : Closing JPA EntityManagerFactory for persistence unit 'default'
2024-05-22T14:06:56.572+02:00  INFO 18904 --- [           main] com.zaxxer.hikari.HikariDataSource       : HikariPool-28 - Shutdown initiated...
2024-05-22T14:06:56.580+02:00  INFO 18904 --- [           main] com.zaxxer.hikari.HikariDataSource       : HikariPool-28 - Shutdown completed.
]]></system-out>
  </testcase>
  <testcase name="testThatGetPartialUpdateBookReturnsStatus200Ok" classname="com.omar.database3.controllers.BookControllerIntegrationTest" time="0.032">
    <system-out><![CDATA[  .   ____          _            __ _ _
 /\\ / ___'_ __ _ _(_)_ __  __ _ \ \ \ \
( ( )\___ | '_ | '_| | '_ \/ _` | \ \ \ \
 \\/  ___)| |_)| | | | | || (_| |  ) ) ) )
  '  |____| .__|_| |_|_| |_\__, | / / / /
 =========|_|==============|___/=/_/_/_/

 :: Spring Boot ::             (v3.3.0-M3)

2024-05-22T14:06:56.594+02:00  INFO 18904 --- [           main] c.o.d.c.BookControllerIntegrationTest    : Starting BookControllerIntegrationTest using Java 17.0.8 with PID 18904 (started by omars in D:\RestAPI)
2024-05-22T14:06:56.594+02:00  INFO 18904 --- [           main] c.o.d.c.BookControllerIntegrationTest    : No active profile set, falling back to 1 default profile: "default"
2024-05-22T14:06:56.692+02:00  INFO 18904 --- [           main] .s.d.r.c.RepositoryConfigurationDelegate : Bootstrapping Spring Data JPA repositories in DEFAULT mode.
2024-05-22T14:06:56.702+02:00  INFO 18904 --- [           main] .s.d.r.c.RepositoryConfigurationDelegate : Finished Spring Data repository scanning in 9 ms. Found 2 JPA repository interfaces.
2024-05-22T14:06:56.741+02:00  INFO 18904 --- [           main] com.zaxxer.hikari.HikariDataSource       : HikariPool-29 - Starting...
2024-05-22T14:06:56.742+02:00  INFO 18904 --- [           main] com.zaxxer.hikari.pool.HikariPool        : HikariPool-29 - Added connection conn206: url=jdbc:h2:mem:testdb user=SA
2024-05-22T14:06:56.743+02:00  INFO 18904 --- [           main] com.zaxxer.hikari.HikariDataSource       : HikariPool-29 - Start completed.
2024-05-22T14:06:56.743+02:00  INFO 18904 --- [           main] o.hibernate.jpa.internal.util.LogHelper  : HHH000204: Processing PersistenceUnitInfo [name: default]
2024-05-22T14:06:56.745+02:00  INFO 18904 --- [           main] o.h.c.internal.RegionFactoryInitiator    : HHH000026: Second-level cache disabled
2024-05-22T14:06:56.748+02:00  INFO 18904 --- [           main] o.s.o.j.p.SpringPersistenceUnitInfo      : No LoadTimeWeaver setup: ignoring JPA class transformer
2024-05-22T14:06:56.789+02:00  INFO 18904 --- [           main] o.h.e.t.j.p.i.JtaPlatformInitiator       : HHH000489: No JTA platform available (set 'hibernate.transaction.jta.platform' to enable JTA platform integration)
2024-05-22T14:06:56.796+02:00  INFO 18904 --- [           main] j.LocalContainerEntityManagerFactoryBean : Initialized JPA EntityManagerFactory for persistence unit 'default'
2024-05-22T14:06:56.860+02:00  WARN 18904 --- [           main] JpaBaseConfiguration$JpaWebConfiguration : spring.jpa.open-in-view is enabled by default. Therefore, database queries may be performed during view rendering. Explicitly configure spring.jpa.open-in-view to disable this warning
2024-05-22T14:06:56.924+02:00  INFO 18904 --- [           main] o.s.b.t.m.w.SpringBootMockServletContext : Initializing Spring TestDispatcherServlet ''
2024-05-22T14:06:56.925+02:00  INFO 18904 --- [           main] o.s.t.web.servlet.TestDispatcherServlet  : Initializing Servlet ''
2024-05-22T14:06:56.925+02:00  INFO 18904 --- [           main] o.s.t.web.servlet.TestDispatcherServlet  : Completed initialization in 0 ms
2024-05-22T14:06:56.931+02:00  INFO 18904 --- [           main] c.o.d.c.BookControllerIntegrationTest    : Started BookControllerIntegrationTest in 0.348 seconds (process running for 27.807)
2024-05-22T14:06:56.936+02:00  INFO 18904 --- [   scheduling-1] c.o.database3.scheduled.AuthorWatcher    : There are 0 many authors in the database
2024-05-22T14:06:56.939+02:00  INFO 18904 --- [   scheduling-1] c.omar.database3.scheduled.BookWatcher   : There are 0 many books in the database
2024-05-22T14:06:56.939+02:00  INFO 18904 --- [   scheduling-1] c.omar.database3.scheduled.BookWatcher   : Go to the Postman ----------->
2024-05-22T14:06:56.939+02:00  INFO 18904 --- [   scheduling-1] c.omar.database3.scheduled.BookWatcher   : Use: Get, Put, Patch, Delete
2024-05-22T14:06:56.959+02:00  INFO 18904 --- [           main] j.LocalContainerEntityManagerFactoryBean : Closing JPA EntityManagerFactory for persistence unit 'default'
2024-05-22T14:06:56.960+02:00  INFO 18904 --- [           main] com.zaxxer.hikari.HikariDataSource       : HikariPool-29 - Shutdown initiated...
2024-05-22T14:06:56.967+02:00  INFO 18904 --- [           main] com.zaxxer.hikari.HikariDataSource       : HikariPool-29 - Shutdown completed.
]]></system-out>
  </testcase>
</testsuite>